[0.234s] DEBUG:colcon:Command line arguments: ['/usr/bin/colcon', 'build']
[0.234s] DEBUG:colcon:Parsed command line arguments: Namespace(log_base=None, log_level=None, verb_name='build', build_base='build', install_base='install', merge_install=False, symlink_install=False, test_result_base=None, continue_on_error=False, executor='parallel', parallel_workers=8, event_handlers=None, ignore_user_meta=False, metas=['./colcon.meta'], base_paths=['.'], packages_ignore=None, packages_ignore_regex=None, paths=None, packages_up_to=None, packages_up_to_regex=None, packages_above=None, packages_above_and_dependencies=None, packages_above_depth=None, packages_select_by_dep=None, packages_skip_by_dep=None, packages_skip_up_to=None, packages_select_build_failed=False, packages_skip_build_finished=False, packages_select_test_failures=False, packages_skip_test_passed=False, packages_select=None, packages_skip=None, packages_select_regex=None, packages_skip_regex=None, packages_start=None, packages_end=None, allow_overriding=[], cmake_args=None, cmake_target=None, cmake_target_skip_unavailable=False, cmake_clean_cache=False, cmake_clean_first=False, cmake_force_configure=False, ament_cmake_args=None, catkin_cmake_args=None, catkin_skip_building_tests=False, mixin_files=None, mixin=None, verb_parser=<colcon_mixin.mixin.mixin_argument.MixinArgumentDecorator object at 0x7df1029e7160>, verb_extension=<colcon_core.verb.build.BuildVerb object at 0x7df102986950>, main=<bound method BuildVerb.main of <colcon_core.verb.build.BuildVerb object at 0x7df102986950>>, mixin_verb=('build',))
[0.466s] Level 1:colcon.colcon_core.package_discovery:discover_packages(colcon_meta) check parameters
[0.466s] Level 1:colcon.colcon_core.package_discovery:discover_packages(recursive) check parameters
[0.466s] Level 1:colcon.colcon_core.package_discovery:discover_packages(ignore) check parameters
[0.466s] Level 1:colcon.colcon_core.package_discovery:discover_packages(path) check parameters
[0.466s] Level 1:colcon.colcon_core.package_discovery:discover_packages(colcon_meta) discover
[0.466s] Level 1:colcon.colcon_core.package_discovery:discover_packages(recursive) discover
[0.466s] INFO:colcon.colcon_core.package_discovery:Crawling recursively for packages in '/home/shodayuto/ros_ws'
[0.466s] Level 1:colcon.colcon_core.package_identification:_identify(.) by extensions ['ignore', 'ignore_ament_install']
[0.466s] Level 1:colcon.colcon_core.package_identification:_identify(.) by extension 'ignore'
[0.466s] Level 1:colcon.colcon_core.package_identification:_identify(.) by extension 'ignore_ament_install'
[0.467s] Level 1:colcon.colcon_core.package_identification:_identify(.) by extensions ['colcon_pkg']
[0.467s] Level 1:colcon.colcon_core.package_identification:_identify(.) by extension 'colcon_pkg'
[0.467s] Level 1:colcon.colcon_core.package_identification:_identify(.) by extensions ['colcon_meta']
[0.467s] Level 1:colcon.colcon_core.package_identification:_identify(.) by extension 'colcon_meta'
[0.467s] Level 1:colcon.colcon_core.package_identification:_identify(.) by extensions ['ros']
[0.467s] Level 1:colcon.colcon_core.package_identification:_identify(.) by extension 'ros'
[0.476s] Level 1:colcon.colcon_core.package_identification:_identify(.) by extensions ['cmake', 'python']
[0.476s] Level 1:colcon.colcon_core.package_identification:_identify(.) by extension 'cmake'
[0.476s] Level 1:colcon.colcon_core.package_identification:_identify(.) by extension 'python'
[0.476s] Level 1:colcon.colcon_core.package_identification:_identify(.) by extensions ['python_setup_py']
[0.476s] Level 1:colcon.colcon_core.package_identification:_identify(.) by extension 'python_setup_py'
[0.476s] Level 1:colcon.colcon_core.package_identification:_identify(build) by extensions ['ignore', 'ignore_ament_install']
[0.476s] Level 1:colcon.colcon_core.package_identification:_identify(build) by extension 'ignore'
[0.476s] Level 1:colcon.colcon_core.package_identification:_identify(build) ignored
[0.476s] Level 1:colcon.colcon_core.package_identification:_identify(install) by extensions ['ignore', 'ignore_ament_install']
[0.476s] Level 1:colcon.colcon_core.package_identification:_identify(install) by extension 'ignore'
[0.476s] Level 1:colcon.colcon_core.package_identification:_identify(install) ignored
[0.477s] Level 1:colcon.colcon_core.package_identification:_identify(log) by extensions ['ignore', 'ignore_ament_install']
[0.477s] Level 1:colcon.colcon_core.package_identification:_identify(log) by extension 'ignore'
[0.477s] Level 1:colcon.colcon_core.package_identification:_identify(log) ignored
[0.477s] Level 1:colcon.colcon_core.package_identification:_identify(src) by extensions ['ignore', 'ignore_ament_install']
[0.477s] Level 1:colcon.colcon_core.package_identification:_identify(src) by extension 'ignore'
[0.477s] Level 1:colcon.colcon_core.package_identification:_identify(src) by extension 'ignore_ament_install'
[0.477s] Level 1:colcon.colcon_core.package_identification:_identify(src) by extensions ['colcon_pkg']
[0.477s] Level 1:colcon.colcon_core.package_identification:_identify(src) by extension 'colcon_pkg'
[0.477s] Level 1:colcon.colcon_core.package_identification:_identify(src) by extensions ['colcon_meta']
[0.477s] Level 1:colcon.colcon_core.package_identification:_identify(src) by extension 'colcon_meta'
[0.477s] Level 1:colcon.colcon_core.package_identification:_identify(src) by extensions ['ros']
[0.477s] Level 1:colcon.colcon_core.package_identification:_identify(src) by extension 'ros'
[0.477s] Level 1:colcon.colcon_core.package_identification:_identify(src) by extensions ['cmake', 'python']
[0.477s] Level 1:colcon.colcon_core.package_identification:_identify(src) by extension 'cmake'
[0.477s] Level 1:colcon.colcon_core.package_identification:_identify(src) by extension 'python'
[0.477s] Level 1:colcon.colcon_core.package_identification:_identify(src) by extensions ['python_setup_py']
[0.477s] Level 1:colcon.colcon_core.package_identification:_identify(src) by extension 'python_setup_py'
[0.477s] Level 1:colcon.colcon_core.package_identification:_identify(src/ignition_lecture) by extensions ['ignore', 'ignore_ament_install']
[0.478s] Level 1:colcon.colcon_core.package_identification:_identify(src/ignition_lecture) by extension 'ignore'
[0.478s] Level 1:colcon.colcon_core.package_identification:_identify(src/ignition_lecture) by extension 'ignore_ament_install'
[0.478s] Level 1:colcon.colcon_core.package_identification:_identify(src/ignition_lecture) by extensions ['colcon_pkg']
[0.478s] Level 1:colcon.colcon_core.package_identification:_identify(src/ignition_lecture) by extension 'colcon_pkg'
[0.478s] Level 1:colcon.colcon_core.package_identification:_identify(src/ignition_lecture) by extensions ['colcon_meta']
[0.478s] Level 1:colcon.colcon_core.package_identification:_identify(src/ignition_lecture) by extension 'colcon_meta'
[0.478s] Level 1:colcon.colcon_core.package_identification:_identify(src/ignition_lecture) by extensions ['ros']
[0.478s] Level 1:colcon.colcon_core.package_identification:_identify(src/ignition_lecture) by extension 'ros'
[0.481s] DEBUG:colcon.colcon_core.package_identification:Package 'src/ignition_lecture' with type 'ros.ament_cmake' and name 'ignition_lecture'
[0.481s] Level 1:colcon.colcon_core.package_identification:_identify(src/ignition_plugin_lecture) by extensions ['ignore', 'ignore_ament_install']
[0.481s] Level 1:colcon.colcon_core.package_identification:_identify(src/ignition_plugin_lecture) by extension 'ignore'
[0.481s] Level 1:colcon.colcon_core.package_identification:_identify(src/ignition_plugin_lecture) by extension 'ignore_ament_install'
[0.481s] Level 1:colcon.colcon_core.package_identification:_identify(src/ignition_plugin_lecture) by extensions ['colcon_pkg']
[0.481s] Level 1:colcon.colcon_core.package_identification:_identify(src/ignition_plugin_lecture) by extension 'colcon_pkg'
[0.481s] Level 1:colcon.colcon_core.package_identification:_identify(src/ignition_plugin_lecture) by extensions ['colcon_meta']
[0.481s] Level 1:colcon.colcon_core.package_identification:_identify(src/ignition_plugin_lecture) by extension 'colcon_meta'
[0.481s] Level 1:colcon.colcon_core.package_identification:_identify(src/ignition_plugin_lecture) by extensions ['ros']
[0.481s] Level 1:colcon.colcon_core.package_identification:_identify(src/ignition_plugin_lecture) by extension 'ros'
[0.482s] DEBUG:colcon.colcon_core.package_identification:Package 'src/ignition_plugin_lecture' with type 'ros.ament_cmake' and name 'ignition_plugin_lecture'
[0.482s] Level 1:colcon.colcon_core.package_identification:_identify(src/sam_bot_description_ws) by extensions ['ignore', 'ignore_ament_install']
[0.482s] Level 1:colcon.colcon_core.package_identification:_identify(src/sam_bot_description_ws) by extension 'ignore'
[0.482s] Level 1:colcon.colcon_core.package_identification:_identify(src/sam_bot_description_ws) by extension 'ignore_ament_install'
[0.482s] Level 1:colcon.colcon_core.package_identification:_identify(src/sam_bot_description_ws) by extensions ['colcon_pkg']
[0.482s] Level 1:colcon.colcon_core.package_identification:_identify(src/sam_bot_description_ws) by extension 'colcon_pkg'
[0.482s] Level 1:colcon.colcon_core.package_identification:_identify(src/sam_bot_description_ws) by extensions ['colcon_meta']
[0.482s] Level 1:colcon.colcon_core.package_identification:_identify(src/sam_bot_description_ws) by extension 'colcon_meta'
[0.482s] Level 1:colcon.colcon_core.package_identification:_identify(src/sam_bot_description_ws) by extensions ['ros']
[0.482s] Level 1:colcon.colcon_core.package_identification:_identify(src/sam_bot_description_ws) by extension 'ros'
[0.482s] Level 1:colcon.colcon_core.package_identification:_identify(src/sam_bot_description_ws) by extensions ['cmake', 'python']
[0.482s] Level 1:colcon.colcon_core.package_identification:_identify(src/sam_bot_description_ws) by extension 'cmake'
[0.482s] Level 1:colcon.colcon_core.package_identification:_identify(src/sam_bot_description_ws) by extension 'python'
[0.482s] Level 1:colcon.colcon_core.package_identification:_identify(src/sam_bot_description_ws) by extensions ['python_setup_py']
[0.482s] Level 1:colcon.colcon_core.package_identification:_identify(src/sam_bot_description_ws) by extension 'python_setup_py'
[0.482s] Level 1:colcon.colcon_core.package_identification:_identify(src/sam_bot_description_ws/build) by extensions ['ignore', 'ignore_ament_install']
[0.482s] Level 1:colcon.colcon_core.package_identification:_identify(src/sam_bot_description_ws/build) by extension 'ignore'
[0.482s] Level 1:colcon.colcon_core.package_identification:_identify(src/sam_bot_description_ws/build) ignored
[0.483s] Level 1:colcon.colcon_core.package_identification:_identify(src/sam_bot_description_ws/install) by extensions ['ignore', 'ignore_ament_install']
[0.483s] Level 1:colcon.colcon_core.package_identification:_identify(src/sam_bot_description_ws/install) by extension 'ignore'
[0.483s] Level 1:colcon.colcon_core.package_identification:_identify(src/sam_bot_description_ws/install) ignored
[0.483s] Level 1:colcon.colcon_core.package_identification:_identify(src/sam_bot_description_ws/log) by extensions ['ignore', 'ignore_ament_install']
[0.483s] Level 1:colcon.colcon_core.package_identification:_identify(src/sam_bot_description_ws/log) by extension 'ignore'
[0.483s] Level 1:colcon.colcon_core.package_identification:_identify(src/sam_bot_description_ws/log) ignored
[0.483s] Level 1:colcon.colcon_core.package_identification:_identify(src/sam_bot_description_ws/src) by extensions ['ignore', 'ignore_ament_install']
[0.483s] Level 1:colcon.colcon_core.package_identification:_identify(src/sam_bot_description_ws/src) by extension 'ignore'
[0.483s] Level 1:colcon.colcon_core.package_identification:_identify(src/sam_bot_description_ws/src) by extension 'ignore_ament_install'
[0.483s] Level 1:colcon.colcon_core.package_identification:_identify(src/sam_bot_description_ws/src) by extensions ['colcon_pkg']
[0.483s] Level 1:colcon.colcon_core.package_identification:_identify(src/sam_bot_description_ws/src) by extension 'colcon_pkg'
[0.483s] Level 1:colcon.colcon_core.package_identification:_identify(src/sam_bot_description_ws/src) by extensions ['colcon_meta']
[0.483s] Level 1:colcon.colcon_core.package_identification:_identify(src/sam_bot_description_ws/src) by extension 'colcon_meta'
[0.483s] Level 1:colcon.colcon_core.package_identification:_identify(src/sam_bot_description_ws/src) by extensions ['ros']
[0.483s] Level 1:colcon.colcon_core.package_identification:_identify(src/sam_bot_description_ws/src) by extension 'ros'
[0.483s] Level 1:colcon.colcon_core.package_identification:_identify(src/sam_bot_description_ws/src) by extensions ['cmake', 'python']
[0.483s] Level 1:colcon.colcon_core.package_identification:_identify(src/sam_bot_description_ws/src) by extension 'cmake'
[0.483s] Level 1:colcon.colcon_core.package_identification:_identify(src/sam_bot_description_ws/src) by extension 'python'
[0.483s] Level 1:colcon.colcon_core.package_identification:_identify(src/sam_bot_description_ws/src) by extensions ['python_setup_py']
[0.483s] Level 1:colcon.colcon_core.package_identification:_identify(src/sam_bot_description_ws/src) by extension 'python_setup_py'
[0.483s] Level 1:colcon.colcon_core.package_identification:_identify(src/sam_bot_description_ws/src/build) by extensions ['ignore', 'ignore_ament_install']
[0.484s] Level 1:colcon.colcon_core.package_identification:_identify(src/sam_bot_description_ws/src/build) by extension 'ignore'
[0.484s] Level 1:colcon.colcon_core.package_identification:_identify(src/sam_bot_description_ws/src/build) ignored
[0.484s] Level 1:colcon.colcon_core.package_identification:_identify(src/sam_bot_description_ws/src/install) by extensions ['ignore', 'ignore_ament_install']
[0.484s] Level 1:colcon.colcon_core.package_identification:_identify(src/sam_bot_description_ws/src/install) by extension 'ignore'
[0.484s] Level 1:colcon.colcon_core.package_identification:_identify(src/sam_bot_description_ws/src/install) ignored
[0.484s] Level 1:colcon.colcon_core.package_identification:_identify(src/sam_bot_description_ws/src/log) by extensions ['ignore', 'ignore_ament_install']
[0.484s] Level 1:colcon.colcon_core.package_identification:_identify(src/sam_bot_description_ws/src/log) by extension 'ignore'
[0.484s] Level 1:colcon.colcon_core.package_identification:_identify(src/sam_bot_description_ws/src/log) ignored
[0.484s] Level 1:colcon.colcon_core.package_identification:_identify(src/sam_bot_description_ws/src/sam_bot_description) by extensions ['ignore', 'ignore_ament_install']
[0.484s] Level 1:colcon.colcon_core.package_identification:_identify(src/sam_bot_description_ws/src/sam_bot_description) by extension 'ignore'
[0.484s] Level 1:colcon.colcon_core.package_identification:_identify(src/sam_bot_description_ws/src/sam_bot_description) by extension 'ignore_ament_install'
[0.484s] Level 1:colcon.colcon_core.package_identification:_identify(src/sam_bot_description_ws/src/sam_bot_description) by extensions ['colcon_pkg']
[0.484s] Level 1:colcon.colcon_core.package_identification:_identify(src/sam_bot_description_ws/src/sam_bot_description) by extension 'colcon_pkg'
[0.484s] Level 1:colcon.colcon_core.package_identification:_identify(src/sam_bot_description_ws/src/sam_bot_description) by extensions ['colcon_meta']
[0.484s] Level 1:colcon.colcon_core.package_identification:_identify(src/sam_bot_description_ws/src/sam_bot_description) by extension 'colcon_meta'
[0.484s] Level 1:colcon.colcon_core.package_identification:_identify(src/sam_bot_description_ws/src/sam_bot_description) by extensions ['ros']
[0.484s] Level 1:colcon.colcon_core.package_identification:_identify(src/sam_bot_description_ws/src/sam_bot_description) by extension 'ros'
[0.485s] DEBUG:colcon.colcon_core.package_identification:Package 'src/sam_bot_description_ws/src/sam_bot_description' with type 'ros.ament_cmake' and name 'sam_bot_description'
[0.485s] Level 1:colcon.colcon_core.package_discovery:discover_packages(recursive) using defaults
[0.485s] Level 1:colcon.colcon_core.package_discovery:discover_packages(ignore) discover
[0.485s] Level 1:colcon.colcon_core.package_discovery:discover_packages(ignore) using defaults
[0.485s] Level 1:colcon.colcon_core.package_discovery:discover_packages(path) discover
[0.485s] Level 1:colcon.colcon_core.package_discovery:discover_packages(path) using defaults
[0.517s] Level 1:colcon.colcon_core.package_discovery:discover_packages(prefix_path) check parameters
[0.517s] Level 1:colcon.colcon_core.package_discovery:discover_packages(prefix_path) discover
[0.521s] DEBUG:colcon.colcon_installed_package_information.package_discovery:Found 16 installed packages in /home/shodayuto/turtlebot3_ws/install
[0.522s] DEBUG:colcon.colcon_installed_package_information.package_discovery:Found 429 installed packages in /opt/ros/humble
[0.524s] Level 1:colcon.colcon_core.package_discovery:discover_packages(prefix_path) using defaults
[0.579s] Level 5:colcon.colcon_core.verb:set package 'ignition_lecture' build argument 'cmake_args' from command line to 'None'
[0.579s] Level 5:colcon.colcon_core.verb:set package 'ignition_lecture' build argument 'cmake_target' from command line to 'None'
[0.579s] Level 5:colcon.colcon_core.verb:set package 'ignition_lecture' build argument 'cmake_target_skip_unavailable' from command line to 'False'
[0.579s] Level 5:colcon.colcon_core.verb:set package 'ignition_lecture' build argument 'cmake_clean_cache' from command line to 'False'
[0.579s] Level 5:colcon.colcon_core.verb:set package 'ignition_lecture' build argument 'cmake_clean_first' from command line to 'False'
[0.579s] Level 5:colcon.colcon_core.verb:set package 'ignition_lecture' build argument 'cmake_force_configure' from command line to 'False'
[0.579s] Level 5:colcon.colcon_core.verb:set package 'ignition_lecture' build argument 'ament_cmake_args' from command line to 'None'
[0.579s] Level 5:colcon.colcon_core.verb:set package 'ignition_lecture' build argument 'catkin_cmake_args' from command line to 'None'
[0.579s] Level 5:colcon.colcon_core.verb:set package 'ignition_lecture' build argument 'catkin_skip_building_tests' from command line to 'False'
[0.579s] DEBUG:colcon.colcon_core.verb:Building package 'ignition_lecture' with the following arguments: {'ament_cmake_args': None, 'build_base': '/home/shodayuto/ros_ws/build/ignition_lecture', 'catkin_cmake_args': None, 'catkin_skip_building_tests': False, 'cmake_args': None, 'cmake_clean_cache': False, 'cmake_clean_first': False, 'cmake_force_configure': False, 'cmake_target': None, 'cmake_target_skip_unavailable': False, 'install_base': '/home/shodayuto/ros_ws/install/ignition_lecture', 'merge_install': False, 'path': '/home/shodayuto/ros_ws/src/ignition_lecture', 'symlink_install': False, 'test_result_base': None}
[0.579s] Level 5:colcon.colcon_core.verb:set package 'ignition_plugin_lecture' build argument 'cmake_args' from command line to 'None'
[0.579s] Level 5:colcon.colcon_core.verb:set package 'ignition_plugin_lecture' build argument 'cmake_target' from command line to 'None'
[0.579s] Level 5:colcon.colcon_core.verb:set package 'ignition_plugin_lecture' build argument 'cmake_target_skip_unavailable' from command line to 'False'
[0.579s] Level 5:colcon.colcon_core.verb:set package 'ignition_plugin_lecture' build argument 'cmake_clean_cache' from command line to 'False'
[0.579s] Level 5:colcon.colcon_core.verb:set package 'ignition_plugin_lecture' build argument 'cmake_clean_first' from command line to 'False'
[0.579s] Level 5:colcon.colcon_core.verb:set package 'ignition_plugin_lecture' build argument 'cmake_force_configure' from command line to 'False'
[0.579s] Level 5:colcon.colcon_core.verb:set package 'ignition_plugin_lecture' build argument 'ament_cmake_args' from command line to 'None'
[0.579s] Level 5:colcon.colcon_core.verb:set package 'ignition_plugin_lecture' build argument 'catkin_cmake_args' from command line to 'None'
[0.579s] Level 5:colcon.colcon_core.verb:set package 'ignition_plugin_lecture' build argument 'catkin_skip_building_tests' from command line to 'False'
[0.580s] DEBUG:colcon.colcon_core.verb:Building package 'ignition_plugin_lecture' with the following arguments: {'ament_cmake_args': None, 'build_base': '/home/shodayuto/ros_ws/build/ignition_plugin_lecture', 'catkin_cmake_args': None, 'catkin_skip_building_tests': False, 'cmake_args': None, 'cmake_clean_cache': False, 'cmake_clean_first': False, 'cmake_force_configure': False, 'cmake_target': None, 'cmake_target_skip_unavailable': False, 'install_base': '/home/shodayuto/ros_ws/install/ignition_plugin_lecture', 'merge_install': False, 'path': '/home/shodayuto/ros_ws/src/ignition_plugin_lecture', 'symlink_install': False, 'test_result_base': None}
[0.580s] Level 5:colcon.colcon_core.verb:set package 'sam_bot_description' build argument 'cmake_args' from command line to 'None'
[0.580s] Level 5:colcon.colcon_core.verb:set package 'sam_bot_description' build argument 'cmake_target' from command line to 'None'
[0.580s] Level 5:colcon.colcon_core.verb:set package 'sam_bot_description' build argument 'cmake_target_skip_unavailable' from command line to 'False'
[0.580s] Level 5:colcon.colcon_core.verb:set package 'sam_bot_description' build argument 'cmake_clean_cache' from command line to 'False'
[0.580s] Level 5:colcon.colcon_core.verb:set package 'sam_bot_description' build argument 'cmake_clean_first' from command line to 'False'
[0.580s] Level 5:colcon.colcon_core.verb:set package 'sam_bot_description' build argument 'cmake_force_configure' from command line to 'False'
[0.580s] Level 5:colcon.colcon_core.verb:set package 'sam_bot_description' build argument 'ament_cmake_args' from command line to 'None'
[0.580s] Level 5:colcon.colcon_core.verb:set package 'sam_bot_description' build argument 'catkin_cmake_args' from command line to 'None'
[0.580s] Level 5:colcon.colcon_core.verb:set package 'sam_bot_description' build argument 'catkin_skip_building_tests' from command line to 'False'
[0.580s] DEBUG:colcon.colcon_core.verb:Building package 'sam_bot_description' with the following arguments: {'ament_cmake_args': None, 'build_base': '/home/shodayuto/ros_ws/build/sam_bot_description', 'catkin_cmake_args': None, 'catkin_skip_building_tests': False, 'cmake_args': None, 'cmake_clean_cache': False, 'cmake_clean_first': False, 'cmake_force_configure': False, 'cmake_target': None, 'cmake_target_skip_unavailable': False, 'install_base': '/home/shodayuto/ros_ws/install/sam_bot_description', 'merge_install': False, 'path': '/home/shodayuto/ros_ws/src/sam_bot_description_ws/src/sam_bot_description', 'symlink_install': False, 'test_result_base': None}
[0.580s] INFO:colcon.colcon_core.executor:Executing jobs using 'parallel' executor
[0.581s] DEBUG:colcon.colcon_parallel_executor.executor.parallel:run_until_complete
[0.581s] INFO:colcon.colcon_ros.task.ament_cmake.build:Building ROS package in '/home/shodayuto/ros_ws/src/ignition_lecture' with build type 'ament_cmake'
[0.581s] INFO:colcon.colcon_cmake.task.cmake.build:Building CMake package in '/home/shodayuto/ros_ws/src/ignition_lecture'
[0.586s] INFO:colcon.colcon_core.plugin_system:Skipping extension 'colcon_core.shell.bat': Not used on non-Windows systems
[0.586s] INFO:colcon.colcon_core.shell:Skip shell extension 'powershell' for command environment: Not usable outside of PowerShell
[0.586s] DEBUG:colcon.colcon_core.shell:Skip shell extension 'dsv' for command environment
[0.590s] INFO:colcon.colcon_ros.task.ament_cmake.build:Building ROS package in '/home/shodayuto/ros_ws/src/ignition_plugin_lecture' with build type 'ament_cmake'
[0.590s] INFO:colcon.colcon_cmake.task.cmake.build:Building CMake package in '/home/shodayuto/ros_ws/src/ignition_plugin_lecture'
[0.590s] INFO:colcon.colcon_core.shell:Skip shell extension 'powershell' for command environment: Not usable outside of PowerShell
[0.590s] DEBUG:colcon.colcon_core.shell:Skip shell extension 'dsv' for command environment
[0.594s] INFO:colcon.colcon_ros.task.ament_cmake.build:Building ROS package in '/home/shodayuto/ros_ws/src/sam_bot_description_ws/src/sam_bot_description' with build type 'ament_cmake'
[0.594s] INFO:colcon.colcon_cmake.task.cmake.build:Building CMake package in '/home/shodayuto/ros_ws/src/sam_bot_description_ws/src/sam_bot_description'
[0.595s] INFO:colcon.colcon_core.shell:Skip shell extension 'powershell' for command environment: Not usable outside of PowerShell
[0.595s] DEBUG:colcon.colcon_core.shell:Skip shell extension 'dsv' for command environment
[0.601s] DEBUG:colcon.colcon_core.event_handler.log_command:Invoking command in '/home/shodayuto/ros_ws/build/ignition_lecture': CMAKE_PREFIX_PATH=${CMAKE_PREFIX_PATH}:/home/shodayuto/turtlebot3_ws/install/turtlebot3_teleop:/home/shodayuto/turtlebot3_ws/install/turtlebot3_example:/opt/ros/humble /usr/bin/cmake --build /home/shodayuto/ros_ws/build/ignition_lecture -- -j8 -l8
[0.604s] DEBUG:colcon.colcon_core.event_handler.log_command:Invoking command in '/home/shodayuto/ros_ws/build/ignition_plugin_lecture': CMAKE_PREFIX_PATH=${CMAKE_PREFIX_PATH}:/home/shodayuto/turtlebot3_ws/install/turtlebot3_teleop:/home/shodayuto/turtlebot3_ws/install/turtlebot3_example:/opt/ros/humble /usr/bin/cmake --build /home/shodayuto/ros_ws/build/ignition_plugin_lecture -- -j8 -l8
[0.608s] DEBUG:colcon.colcon_core.event_handler.log_command:Invoking command in '/home/shodayuto/ros_ws/build/sam_bot_description': CMAKE_PREFIX_PATH=${CMAKE_PREFIX_PATH}:/home/shodayuto/turtlebot3_ws/install/turtlebot3_teleop:/home/shodayuto/turtlebot3_ws/install/turtlebot3_example:/opt/ros/humble /usr/bin/cmake --build /home/shodayuto/ros_ws/build/sam_bot_description -- -j8 -l8
[0.645s] DEBUG:colcon.colcon_core.event_handler.log_command:Invoked command in '/home/shodayuto/ros_ws/build/sam_bot_description' returned '0': CMAKE_PREFIX_PATH=${CMAKE_PREFIX_PATH}:/home/shodayuto/turtlebot3_ws/install/turtlebot3_teleop:/home/shodayuto/turtlebot3_ws/install/turtlebot3_example:/opt/ros/humble /usr/bin/cmake --build /home/shodayuto/ros_ws/build/sam_bot_description -- -j8 -l8
[0.653s] DEBUG:colcon.colcon_core.event_handler.log_command:Invoking command in '/home/shodayuto/ros_ws/build/sam_bot_description': CMAKE_PREFIX_PATH=${CMAKE_PREFIX_PATH}:/home/shodayuto/turtlebot3_ws/install/turtlebot3_teleop:/home/shodayuto/turtlebot3_ws/install/turtlebot3_example:/opt/ros/humble /usr/bin/cmake --install /home/shodayuto/ros_ws/build/sam_bot_description
[0.654s] DEBUG:colcon.colcon_core.event_handler.log_command:Invoked command in '/home/shodayuto/ros_ws/build/ignition_lecture' returned '0': CMAKE_PREFIX_PATH=${CMAKE_PREFIX_PATH}:/home/shodayuto/turtlebot3_ws/install/turtlebot3_teleop:/home/shodayuto/turtlebot3_ws/install/turtlebot3_example:/opt/ros/humble /usr/bin/cmake --build /home/shodayuto/ros_ws/build/ignition_lecture -- -j8 -l8
[0.655s] DEBUG:colcon.colcon_core.event_handler.log_command:Invoking command in '/home/shodayuto/ros_ws/build/ignition_lecture': CMAKE_PREFIX_PATH=${CMAKE_PREFIX_PATH}:/home/shodayuto/turtlebot3_ws/install/turtlebot3_teleop:/home/shodayuto/turtlebot3_ws/install/turtlebot3_example:/opt/ros/humble /usr/bin/cmake --install /home/shodayuto/ros_ws/build/ignition_lecture
[0.662s] Level 1:colcon.colcon_core.environment:create_environment_scripts_only(sam_bot_description)
[0.664s] DEBUG:colcon.colcon_core.event_handler.log_command:Invoked command in '/home/shodayuto/ros_ws/build/sam_bot_description' returned '0': CMAKE_PREFIX_PATH=${CMAKE_PREFIX_PATH}:/home/shodayuto/turtlebot3_ws/install/turtlebot3_teleop:/home/shodayuto/turtlebot3_ws/install/turtlebot3_example:/opt/ros/humble /usr/bin/cmake --install /home/shodayuto/ros_ws/build/sam_bot_description
[0.669s] Level 1:colcon.colcon_core.environment:checking '/home/shodayuto/ros_ws/install/sam_bot_description' for CMake module files
[0.669s] Level 1:colcon.colcon_core.environment:checking '/home/shodayuto/ros_ws/install/sam_bot_description' for CMake config files
[0.670s] Level 1:colcon.colcon_core.shell:create_environment_hook('sam_bot_description', 'cmake_prefix_path')
[0.670s] INFO:colcon.colcon_core.shell:Creating environment hook '/home/shodayuto/ros_ws/install/sam_bot_description/share/sam_bot_description/hook/cmake_prefix_path.ps1'
[0.671s] INFO:colcon.colcon_core.shell:Creating environment descriptor '/home/shodayuto/ros_ws/install/sam_bot_description/share/sam_bot_description/hook/cmake_prefix_path.dsv'
[0.671s] INFO:colcon.colcon_core.shell:Creating environment hook '/home/shodayuto/ros_ws/install/sam_bot_description/share/sam_bot_description/hook/cmake_prefix_path.sh'
[0.672s] Level 1:colcon.colcon_core.environment:checking '/home/shodayuto/ros_ws/install/sam_bot_description/bin'
[0.672s] Level 1:colcon.colcon_core.environment:checking '/home/shodayuto/ros_ws/install/sam_bot_description/lib/pkgconfig/sam_bot_description.pc'
[0.672s] Level 1:colcon.colcon_core.environment:checking '/home/shodayuto/ros_ws/install/sam_bot_description/lib/python3.10/site-packages'
[0.672s] Level 1:colcon.colcon_core.environment:checking '/home/shodayuto/ros_ws/install/sam_bot_description/bin'
[0.672s] INFO:colcon.colcon_core.shell:Creating package script '/home/shodayuto/ros_ws/install/sam_bot_description/share/sam_bot_description/package.ps1'
[0.673s] INFO:colcon.colcon_core.shell:Creating package descriptor '/home/shodayuto/ros_ws/install/sam_bot_description/share/sam_bot_description/package.dsv'
[0.674s] INFO:colcon.colcon_core.shell:Creating package script '/home/shodayuto/ros_ws/install/sam_bot_description/share/sam_bot_description/package.sh'
[0.674s] INFO:colcon.colcon_core.shell:Creating package script '/home/shodayuto/ros_ws/install/sam_bot_description/share/sam_bot_description/package.bash'
[0.675s] INFO:colcon.colcon_core.shell:Creating package script '/home/shodayuto/ros_ws/install/sam_bot_description/share/sam_bot_description/package.zsh'
[0.676s] Level 1:colcon.colcon_core.environment:create_file_with_runtime_dependencies(/home/shodayuto/ros_ws/install/sam_bot_description/share/colcon-core/packages/sam_bot_description)
[0.676s] Level 1:colcon.colcon_core.environment:create_environment_scripts_only(sam_bot_description)
[0.677s] Level 1:colcon.colcon_core.environment:checking '/home/shodayuto/ros_ws/install/sam_bot_description' for CMake module files
[0.677s] Level 1:colcon.colcon_core.environment:checking '/home/shodayuto/ros_ws/install/sam_bot_description' for CMake config files
[0.677s] Level 1:colcon.colcon_core.shell:create_environment_hook('sam_bot_description', 'cmake_prefix_path')
[0.678s] INFO:colcon.colcon_core.shell:Creating environment hook '/home/shodayuto/ros_ws/install/sam_bot_description/share/sam_bot_description/hook/cmake_prefix_path.ps1'
[0.678s] INFO:colcon.colcon_core.shell:Creating environment descriptor '/home/shodayuto/ros_ws/install/sam_bot_description/share/sam_bot_description/hook/cmake_prefix_path.dsv'
[0.678s] INFO:colcon.colcon_core.shell:Creating environment hook '/home/shodayuto/ros_ws/install/sam_bot_description/share/sam_bot_description/hook/cmake_prefix_path.sh'
[0.679s] Level 1:colcon.colcon_core.environment:checking '/home/shodayuto/ros_ws/install/sam_bot_description/bin'
[0.679s] Level 1:colcon.colcon_core.environment:checking '/home/shodayuto/ros_ws/install/sam_bot_description/lib/pkgconfig/sam_bot_description.pc'
[0.679s] Level 1:colcon.colcon_core.environment:checking '/home/shodayuto/ros_ws/install/sam_bot_description/lib/python3.10/site-packages'
[0.679s] Level 1:colcon.colcon_core.environment:checking '/home/shodayuto/ros_ws/install/sam_bot_description/bin'
[0.679s] INFO:colcon.colcon_core.shell:Creating package script '/home/shodayuto/ros_ws/install/sam_bot_description/share/sam_bot_description/package.ps1'
[0.679s] INFO:colcon.colcon_core.shell:Creating package descriptor '/home/shodayuto/ros_ws/install/sam_bot_description/share/sam_bot_description/package.dsv'
[0.680s] INFO:colcon.colcon_core.shell:Creating package script '/home/shodayuto/ros_ws/install/sam_bot_description/share/sam_bot_description/package.sh'
[0.680s] INFO:colcon.colcon_core.shell:Creating package script '/home/shodayuto/ros_ws/install/sam_bot_description/share/sam_bot_description/package.bash'
[0.680s] INFO:colcon.colcon_core.shell:Creating package script '/home/shodayuto/ros_ws/install/sam_bot_description/share/sam_bot_description/package.zsh'
[0.681s] Level 1:colcon.colcon_core.environment:create_file_with_runtime_dependencies(/home/shodayuto/ros_ws/install/sam_bot_description/share/colcon-core/packages/sam_bot_description)
[0.682s] Level 1:colcon.colcon_core.environment:create_environment_scripts_only(ignition_lecture)
[0.682s] Level 1:colcon.colcon_core.environment:checking '/home/shodayuto/ros_ws/install/ignition_lecture' for CMake module files
[0.682s] DEBUG:colcon.colcon_core.event_handler.log_command:Invoked command in '/home/shodayuto/ros_ws/build/ignition_lecture' returned '0': CMAKE_PREFIX_PATH=${CMAKE_PREFIX_PATH}:/home/shodayuto/turtlebot3_ws/install/turtlebot3_teleop:/home/shodayuto/turtlebot3_ws/install/turtlebot3_example:/opt/ros/humble /usr/bin/cmake --install /home/shodayuto/ros_ws/build/ignition_lecture
[0.683s] Level 1:colcon.colcon_core.environment:checking '/home/shodayuto/ros_ws/install/ignition_lecture' for CMake config files
[0.683s] Level 1:colcon.colcon_core.shell:create_environment_hook('ignition_lecture', 'cmake_prefix_path')
[0.683s] INFO:colcon.colcon_core.shell:Creating environment hook '/home/shodayuto/ros_ws/install/ignition_lecture/share/ignition_lecture/hook/cmake_prefix_path.ps1'
[0.683s] INFO:colcon.colcon_core.shell:Creating environment descriptor '/home/shodayuto/ros_ws/install/ignition_lecture/share/ignition_lecture/hook/cmake_prefix_path.dsv'
[0.684s] INFO:colcon.colcon_core.shell:Creating environment hook '/home/shodayuto/ros_ws/install/ignition_lecture/share/ignition_lecture/hook/cmake_prefix_path.sh'
[0.684s] Level 1:colcon.colcon_core.environment:checking '/home/shodayuto/ros_ws/install/ignition_lecture/bin'
[0.684s] Level 1:colcon.colcon_core.environment:checking '/home/shodayuto/ros_ws/install/ignition_lecture/lib/pkgconfig/ignition_lecture.pc'
[0.684s] Level 1:colcon.colcon_core.environment:checking '/home/shodayuto/ros_ws/install/ignition_lecture/lib/python3.10/site-packages'
[0.684s] Level 1:colcon.colcon_core.environment:checking '/home/shodayuto/ros_ws/install/ignition_lecture/bin'
[0.685s] INFO:colcon.colcon_core.shell:Creating package script '/home/shodayuto/ros_ws/install/ignition_lecture/share/ignition_lecture/package.ps1'
[0.685s] INFO:colcon.colcon_core.shell:Creating package descriptor '/home/shodayuto/ros_ws/install/ignition_lecture/share/ignition_lecture/package.dsv'
[0.685s] INFO:colcon.colcon_core.shell:Creating package script '/home/shodayuto/ros_ws/install/ignition_lecture/share/ignition_lecture/package.sh'
[0.686s] INFO:colcon.colcon_core.shell:Creating package script '/home/shodayuto/ros_ws/install/ignition_lecture/share/ignition_lecture/package.bash'
[0.686s] INFO:colcon.colcon_core.shell:Creating package script '/home/shodayuto/ros_ws/install/ignition_lecture/share/ignition_lecture/package.zsh'
[0.686s] Level 1:colcon.colcon_core.environment:create_file_with_runtime_dependencies(/home/shodayuto/ros_ws/install/ignition_lecture/share/colcon-core/packages/ignition_lecture)
[0.686s] Level 1:colcon.colcon_core.environment:create_environment_scripts_only(ignition_lecture)
[0.687s] Level 1:colcon.colcon_core.environment:checking '/home/shodayuto/ros_ws/install/ignition_lecture' for CMake module files
[0.687s] Level 1:colcon.colcon_core.environment:checking '/home/shodayuto/ros_ws/install/ignition_lecture' for CMake config files
[0.687s] Level 1:colcon.colcon_core.shell:create_environment_hook('ignition_lecture', 'cmake_prefix_path')
[0.687s] INFO:colcon.colcon_core.shell:Creating environment hook '/home/shodayuto/ros_ws/install/ignition_lecture/share/ignition_lecture/hook/cmake_prefix_path.ps1'
[0.688s] INFO:colcon.colcon_core.shell:Creating environment descriptor '/home/shodayuto/ros_ws/install/ignition_lecture/share/ignition_lecture/hook/cmake_prefix_path.dsv'
[0.688s] INFO:colcon.colcon_core.shell:Creating environment hook '/home/shodayuto/ros_ws/install/ignition_lecture/share/ignition_lecture/hook/cmake_prefix_path.sh'
[0.688s] Level 1:colcon.colcon_core.environment:checking '/home/shodayuto/ros_ws/install/ignition_lecture/bin'
[0.689s] Level 1:colcon.colcon_core.environment:checking '/home/shodayuto/ros_ws/install/ignition_lecture/lib/pkgconfig/ignition_lecture.pc'
[0.689s] Level 1:colcon.colcon_core.environment:checking '/home/shodayuto/ros_ws/install/ignition_lecture/lib/python3.10/site-packages'
[0.689s] Level 1:colcon.colcon_core.environment:checking '/home/shodayuto/ros_ws/install/ignition_lecture/bin'
[0.689s] INFO:colcon.colcon_core.shell:Creating package script '/home/shodayuto/ros_ws/install/ignition_lecture/share/ignition_lecture/package.ps1'
[0.690s] INFO:colcon.colcon_core.shell:Creating package descriptor '/home/shodayuto/ros_ws/install/ignition_lecture/share/ignition_lecture/package.dsv'
[0.690s] INFO:colcon.colcon_core.shell:Creating package script '/home/shodayuto/ros_ws/install/ignition_lecture/share/ignition_lecture/package.sh'
[0.690s] INFO:colcon.colcon_core.shell:Creating package script '/home/shodayuto/ros_ws/install/ignition_lecture/share/ignition_lecture/package.bash'
[0.691s] INFO:colcon.colcon_core.shell:Creating package script '/home/shodayuto/ros_ws/install/ignition_lecture/share/ignition_lecture/package.zsh'
[0.691s] Level 1:colcon.colcon_core.environment:create_file_with_runtime_dependencies(/home/shodayuto/ros_ws/install/ignition_lecture/share/colcon-core/packages/ignition_lecture)
[0.724s] DEBUG:colcon.colcon_core.event_handler.log_command:Invoked command in '/home/shodayuto/ros_ws/build/ignition_plugin_lecture' returned '0': CMAKE_PREFIX_PATH=${CMAKE_PREFIX_PATH}:/home/shodayuto/turtlebot3_ws/install/turtlebot3_teleop:/home/shodayuto/turtlebot3_ws/install/turtlebot3_example:/opt/ros/humble /usr/bin/cmake --build /home/shodayuto/ros_ws/build/ignition_plugin_lecture -- -j8 -l8
[0.725s] DEBUG:colcon.colcon_core.event_handler.log_command:Invoking command in '/home/shodayuto/ros_ws/build/ignition_plugin_lecture': CMAKE_PREFIX_PATH=${CMAKE_PREFIX_PATH}:/home/shodayuto/turtlebot3_ws/install/turtlebot3_teleop:/home/shodayuto/turtlebot3_ws/install/turtlebot3_example:/opt/ros/humble /usr/bin/cmake --install /home/shodayuto/ros_ws/build/ignition_plugin_lecture
[0.732s] Level 1:colcon.colcon_core.environment:create_environment_scripts_only(ignition_plugin_lecture)
[0.733s] Level 1:colcon.colcon_core.environment:checking '/home/shodayuto/ros_ws/install/ignition_plugin_lecture' for CMake module files
[0.733s] DEBUG:colcon.colcon_core.event_handler.log_command:Invoked command in '/home/shodayuto/ros_ws/build/ignition_plugin_lecture' returned '0': CMAKE_PREFIX_PATH=${CMAKE_PREFIX_PATH}:/home/shodayuto/turtlebot3_ws/install/turtlebot3_teleop:/home/shodayuto/turtlebot3_ws/install/turtlebot3_example:/opt/ros/humble /usr/bin/cmake --install /home/shodayuto/ros_ws/build/ignition_plugin_lecture
[0.734s] Level 1:colcon.colcon_core.environment:checking '/home/shodayuto/ros_ws/install/ignition_plugin_lecture' for CMake config files
[0.734s] Level 1:colcon.colcon_core.shell:create_environment_hook('ignition_plugin_lecture', 'cmake_prefix_path')
[0.734s] INFO:colcon.colcon_core.shell:Creating environment hook '/home/shodayuto/ros_ws/install/ignition_plugin_lecture/share/ignition_plugin_lecture/hook/cmake_prefix_path.ps1'
[0.735s] INFO:colcon.colcon_core.shell:Creating environment descriptor '/home/shodayuto/ros_ws/install/ignition_plugin_lecture/share/ignition_plugin_lecture/hook/cmake_prefix_path.dsv'
[0.735s] INFO:colcon.colcon_core.shell:Creating environment hook '/home/shodayuto/ros_ws/install/ignition_plugin_lecture/share/ignition_plugin_lecture/hook/cmake_prefix_path.sh'
[0.736s] Level 1:colcon.colcon_core.environment:checking '/home/shodayuto/ros_ws/install/ignition_plugin_lecture/lib'
[0.736s] Level 1:colcon.colcon_core.shell:create_environment_hook('ignition_plugin_lecture', 'ld_library_path_lib')
[0.736s] INFO:colcon.colcon_core.shell:Creating environment hook '/home/shodayuto/ros_ws/install/ignition_plugin_lecture/share/ignition_plugin_lecture/hook/ld_library_path_lib.ps1'
[0.736s] INFO:colcon.colcon_core.shell:Creating environment descriptor '/home/shodayuto/ros_ws/install/ignition_plugin_lecture/share/ignition_plugin_lecture/hook/ld_library_path_lib.dsv'
[0.737s] INFO:colcon.colcon_core.shell:Creating environment hook '/home/shodayuto/ros_ws/install/ignition_plugin_lecture/share/ignition_plugin_lecture/hook/ld_library_path_lib.sh'
[0.737s] Level 1:colcon.colcon_core.environment:checking '/home/shodayuto/ros_ws/install/ignition_plugin_lecture/bin'
[0.737s] Level 1:colcon.colcon_core.environment:checking '/home/shodayuto/ros_ws/install/ignition_plugin_lecture/lib/pkgconfig/ignition_plugin_lecture.pc'
[0.738s] Level 1:colcon.colcon_core.environment:checking '/home/shodayuto/ros_ws/install/ignition_plugin_lecture/lib/python3.10/site-packages'
[0.738s] Level 1:colcon.colcon_core.environment:checking '/home/shodayuto/ros_ws/install/ignition_plugin_lecture/bin'
[0.738s] INFO:colcon.colcon_core.shell:Creating package script '/home/shodayuto/ros_ws/install/ignition_plugin_lecture/share/ignition_plugin_lecture/package.ps1'
[0.739s] INFO:colcon.colcon_core.shell:Creating package descriptor '/home/shodayuto/ros_ws/install/ignition_plugin_lecture/share/ignition_plugin_lecture/package.dsv'
[0.739s] INFO:colcon.colcon_core.shell:Creating package script '/home/shodayuto/ros_ws/install/ignition_plugin_lecture/share/ignition_plugin_lecture/package.sh'
[0.740s] INFO:colcon.colcon_core.shell:Creating package script '/home/shodayuto/ros_ws/install/ignition_plugin_lecture/share/ignition_plugin_lecture/package.bash'
[0.740s] INFO:colcon.colcon_core.shell:Creating package script '/home/shodayuto/ros_ws/install/ignition_plugin_lecture/share/ignition_plugin_lecture/package.zsh'
[0.740s] Level 1:colcon.colcon_core.environment:create_file_with_runtime_dependencies(/home/shodayuto/ros_ws/install/ignition_plugin_lecture/share/colcon-core/packages/ignition_plugin_lecture)
[0.741s] Level 1:colcon.colcon_core.environment:create_environment_scripts_only(ignition_plugin_lecture)
[0.741s] Level 1:colcon.colcon_core.environment:checking '/home/shodayuto/ros_ws/install/ignition_plugin_lecture' for CMake module files
[0.742s] Level 1:colcon.colcon_core.environment:checking '/home/shodayuto/ros_ws/install/ignition_plugin_lecture' for CMake config files
[0.742s] Level 1:colcon.colcon_core.shell:create_environment_hook('ignition_plugin_lecture', 'cmake_prefix_path')
[0.742s] INFO:colcon.colcon_core.shell:Creating environment hook '/home/shodayuto/ros_ws/install/ignition_plugin_lecture/share/ignition_plugin_lecture/hook/cmake_prefix_path.ps1'
[0.743s] INFO:colcon.colcon_core.shell:Creating environment descriptor '/home/shodayuto/ros_ws/install/ignition_plugin_lecture/share/ignition_plugin_lecture/hook/cmake_prefix_path.dsv'
[0.743s] INFO:colcon.colcon_core.shell:Creating environment hook '/home/shodayuto/ros_ws/install/ignition_plugin_lecture/share/ignition_plugin_lecture/hook/cmake_prefix_path.sh'
[0.744s] Level 1:colcon.colcon_core.environment:checking '/home/shodayuto/ros_ws/install/ignition_plugin_lecture/lib'
[0.744s] Level 1:colcon.colcon_core.shell:create_environment_hook('ignition_plugin_lecture', 'ld_library_path_lib')
[0.744s] INFO:colcon.colcon_core.shell:Creating environment hook '/home/shodayuto/ros_ws/install/ignition_plugin_lecture/share/ignition_plugin_lecture/hook/ld_library_path_lib.ps1'
[0.744s] INFO:colcon.colcon_core.shell:Creating environment descriptor '/home/shodayuto/ros_ws/install/ignition_plugin_lecture/share/ignition_plugin_lecture/hook/ld_library_path_lib.dsv'
[0.745s] INFO:colcon.colcon_core.shell:Creating environment hook '/home/shodayuto/ros_ws/install/ignition_plugin_lecture/share/ignition_plugin_lecture/hook/ld_library_path_lib.sh'
[0.745s] Level 1:colcon.colcon_core.environment:checking '/home/shodayuto/ros_ws/install/ignition_plugin_lecture/bin'
[0.745s] Level 1:colcon.colcon_core.environment:checking '/home/shodayuto/ros_ws/install/ignition_plugin_lecture/lib/pkgconfig/ignition_plugin_lecture.pc'
[0.745s] Level 1:colcon.colcon_core.environment:checking '/home/shodayuto/ros_ws/install/ignition_plugin_lecture/lib/python3.10/site-packages'
[0.746s] Level 1:colcon.colcon_core.environment:checking '/home/shodayuto/ros_ws/install/ignition_plugin_lecture/bin'
[0.746s] INFO:colcon.colcon_core.shell:Creating package script '/home/shodayuto/ros_ws/install/ignition_plugin_lecture/share/ignition_plugin_lecture/package.ps1'
[0.746s] INFO:colcon.colcon_core.shell:Creating package descriptor '/home/shodayuto/ros_ws/install/ignition_plugin_lecture/share/ignition_plugin_lecture/package.dsv'
[0.747s] INFO:colcon.colcon_core.shell:Creating package script '/home/shodayuto/ros_ws/install/ignition_plugin_lecture/share/ignition_plugin_lecture/package.sh'
[0.747s] INFO:colcon.colcon_core.shell:Creating package script '/home/shodayuto/ros_ws/install/ignition_plugin_lecture/share/ignition_plugin_lecture/package.bash'
[0.748s] INFO:colcon.colcon_core.shell:Creating package script '/home/shodayuto/ros_ws/install/ignition_plugin_lecture/share/ignition_plugin_lecture/package.zsh'
[0.748s] Level 1:colcon.colcon_core.environment:create_file_with_runtime_dependencies(/home/shodayuto/ros_ws/install/ignition_plugin_lecture/share/colcon-core/packages/ignition_plugin_lecture)
[0.749s] DEBUG:colcon.colcon_parallel_executor.executor.parallel:closing loop
[0.749s] DEBUG:colcon.colcon_parallel_executor.executor.parallel:loop closed
[0.749s] DEBUG:colcon.colcon_parallel_executor.executor.parallel:run_until_complete finished with '0'
[0.749s] DEBUG:colcon.colcon_core.event_reactor:joining thread
[0.756s] INFO:colcon.colcon_core.plugin_system:Skipping extension 'colcon_notification.desktop_notification.terminal_notifier': Not used on non-Darwin systems
[0.756s] INFO:colcon.colcon_core.plugin_system:Skipping extension 'colcon_notification.desktop_notification.win32': Not used on non-Windows systems
[0.756s] INFO:colcon.colcon_notification.desktop_notification:Sending desktop notification using 'notify2'
[0.769s] DEBUG:colcon.colcon_core.event_reactor:joined thread
[0.769s] INFO:colcon.colcon_core.shell:Creating prefix script '/home/shodayuto/ros_ws/install/local_setup.ps1'
[0.770s] INFO:colcon.colcon_core.shell:Creating prefix util module '/home/shodayuto/ros_ws/install/_local_setup_util_ps1.py'
[0.772s] INFO:colcon.colcon_core.shell:Creating prefix chain script '/home/shodayuto/ros_ws/install/setup.ps1'
[0.773s] INFO:colcon.colcon_core.shell:Creating prefix script '/home/shodayuto/ros_ws/install/local_setup.sh'
[0.774s] INFO:colcon.colcon_core.shell:Creating prefix util module '/home/shodayuto/ros_ws/install/_local_setup_util_sh.py'
[0.774s] INFO:colcon.colcon_core.shell:Creating prefix chain script '/home/shodayuto/ros_ws/install/setup.sh'
[0.775s] INFO:colcon.colcon_core.shell:Creating prefix script '/home/shodayuto/ros_ws/install/local_setup.bash'
[0.776s] INFO:colcon.colcon_core.shell:Creating prefix chain script '/home/shodayuto/ros_ws/install/setup.bash'
[0.777s] INFO:colcon.colcon_core.shell:Creating prefix script '/home/shodayuto/ros_ws/install/local_setup.zsh'
[0.778s] INFO:colcon.colcon_core.shell:Creating prefix chain script '/home/shodayuto/ros_ws/install/setup.zsh'
