[0.015s] Invoking command in '/home/shodayuto/ros_ws/build/sam_bot_description': CMAKE_PREFIX_PATH=${CMAKE_PREFIX_PATH}:/home/shodayuto/turtlebot3_ws/install/turtlebot3_teleop:/home/shodayuto/turtlebot3_ws/install/turtlebot3_example:/opt/ros/humble /usr/bin/cmake /home/shodayuto/ros_ws/src/sam_bot_description_ws/src/sam_bot_description -DCMAKE_INSTALL_PREFIX=/home/shodayuto/ros_ws/install/sam_bot_description
[0.067s] -- The C compiler identification is GNU 11.4.0
[0.119s] -- The CXX compiler identification is GNU 11.4.0
[0.126s] -- Detecting C compiler ABI info
[0.182s] -- Detecting C compiler ABI info - done
[0.189s] -- Check for working C compiler: /usr/bin/cc - skipped
[0.190s] -- Detecting C compile features
[0.190s] -- Detecting C compile features - done
[0.192s] -- Detecting CXX compiler ABI info
[0.257s] -- Detecting CXX compiler ABI info - done
[0.263s] -- Check for working CXX compiler: /usr/bin/c++ - skipped
[0.263s] -- Detecting CXX compile features
[0.264s] -- Detecting CXX compile features - done
[0.267s] -- Found ament_cmake: 1.3.11 (/opt/ros/humble/share/ament_cmake/cmake)
[0.410s] -- Found Python3: /usr/bin/python3 (found version "3.10.12") found components: Interpreter 
[0.504s] -- Found ament_lint_auto: 0.12.12 (/opt/ros/humble/share/ament_lint_auto/cmake)
[0.584s] -- Added test 'flake8' to check Python code syntax and style conventions
[0.585s] -- Added test 'lint_cmake' to check CMake code style
[0.586s] -- Added test 'pep257' to check Python code against some of the docstring style conventions in PEP 257
[0.587s] -- Added test 'xmllint' to check XML markup files
[0.588s] -- Configuring done
[0.590s] -- Generating done
[0.592s] -- Build files have been written to: /home/shodayuto/ros_ws/build/sam_bot_description
[0.595s] Invoked command in '/home/shodayuto/ros_ws/build/sam_bot_description' returned '0': CMAKE_PREFIX_PATH=${CMAKE_PREFIX_PATH}:/home/shodayuto/turtlebot3_ws/install/turtlebot3_teleop:/home/shodayuto/turtlebot3_ws/install/turtlebot3_example:/opt/ros/humble /usr/bin/cmake /home/shodayuto/ros_ws/src/sam_bot_description_ws/src/sam_bot_description -DCMAKE_INSTALL_PREFIX=/home/shodayuto/ros_ws/install/sam_bot_description
[0.596s] Invoking command in '/home/shodayuto/ros_ws/build/sam_bot_description': CMAKE_PREFIX_PATH=${CMAKE_PREFIX_PATH}:/home/shodayuto/turtlebot3_ws/install/turtlebot3_teleop:/home/shodayuto/turtlebot3_ws/install/turtlebot3_example:/opt/ros/humble /usr/bin/cmake --build /home/shodayuto/ros_ws/build/sam_bot_description -- -j8 -l8
[0.627s] Invoked command in '/home/shodayuto/ros_ws/build/sam_bot_description' returned '0': CMAKE_PREFIX_PATH=${CMAKE_PREFIX_PATH}:/home/shodayuto/turtlebot3_ws/install/turtlebot3_teleop:/home/shodayuto/turtlebot3_ws/install/turtlebot3_example:/opt/ros/humble /usr/bin/cmake --build /home/shodayuto/ros_ws/build/sam_bot_description -- -j8 -l8
[0.628s] Invoking command in '/home/shodayuto/ros_ws/build/sam_bot_description': CMAKE_PREFIX_PATH=${CMAKE_PREFIX_PATH}:/home/shodayuto/turtlebot3_ws/install/turtlebot3_teleop:/home/shodayuto/turtlebot3_ws/install/turtlebot3_example:/opt/ros/humble /usr/bin/cmake --install /home/shodayuto/ros_ws/build/sam_bot_description
[0.634s] -- Install configuration: ""
[0.634s] -- Installing: /home/shodayuto/ros_ws/install/sam_bot_description/share/sam_bot_description/src
[0.634s] -- Installing: /home/shodayuto/ros_ws/install/sam_bot_description/share/sam_bot_description/src/description
[0.634s] -- Installing: /home/shodayuto/ros_ws/install/sam_bot_description/share/sam_bot_description/src/description/sam_bot_description.urdf
[0.634s] -- Installing: /home/shodayuto/ros_ws/install/sam_bot_description/share/sam_bot_description/src/description/sam_bot_description.sdf
[0.635s] -- Installing: /home/shodayuto/ros_ws/install/sam_bot_description/share/sam_bot_description/launch
[0.635s] -- Installing: /home/shodayuto/ros_ws/install/sam_bot_description/share/sam_bot_description/launch/display.launch.py
[0.635s] -- Installing: /home/shodayuto/ros_ws/install/sam_bot_description/share/sam_bot_description/rviz
[0.635s] -- Installing: /home/shodayuto/ros_ws/install/sam_bot_description/share/sam_bot_description/rviz/config.rviz
[0.636s] -- Installing: /home/shodayuto/ros_ws/install/sam_bot_description/share/sam_bot_description/config
[0.636s] -- Installing: /home/shodayuto/ros_ws/install/sam_bot_description/share/sam_bot_description/config/ekf.yaml
[0.636s] -- Installing: /home/shodayuto/ros_ws/install/sam_bot_description/share/sam_bot_description/config/bridge_config.yaml
[0.636s] -- Installing: /home/shodayuto/ros_ws/install/sam_bot_description/share/sam_bot_description/config/nav2_params.yaml
[0.637s] -- Installing: /home/shodayuto/ros_ws/install/sam_bot_description/share/sam_bot_description/world
[0.637s] -- Installing: /home/shodayuto/ros_ws/install/sam_bot_description/share/sam_bot_description/world/my_world.sdf
[0.637s] -- Installing: /home/shodayuto/ros_ws/install/sam_bot_description/share/ament_index/resource_index/package_run_dependencies/sam_bot_description
[0.637s] -- Installing: /home/shodayuto/ros_ws/install/sam_bot_description/share/ament_index/resource_index/parent_prefix_path/sam_bot_description
[0.637s] -- Installing: /home/shodayuto/ros_ws/install/sam_bot_description/share/sam_bot_description/environment/ament_prefix_path.sh
[0.637s] -- Installing: /home/shodayuto/ros_ws/install/sam_bot_description/share/sam_bot_description/environment/ament_prefix_path.dsv
[0.637s] -- Installing: /home/shodayuto/ros_ws/install/sam_bot_description/share/sam_bot_description/environment/path.sh
[0.638s] -- Installing: /home/shodayuto/ros_ws/install/sam_bot_description/share/sam_bot_description/environment/path.dsv
[0.638s] -- Installing: /home/shodayuto/ros_ws/install/sam_bot_description/share/sam_bot_description/local_setup.bash
[0.638s] -- Installing: /home/shodayuto/ros_ws/install/sam_bot_description/share/sam_bot_description/local_setup.sh
[0.638s] -- Installing: /home/shodayuto/ros_ws/install/sam_bot_description/share/sam_bot_description/local_setup.zsh
[0.638s] -- Installing: /home/shodayuto/ros_ws/install/sam_bot_description/share/sam_bot_description/local_setup.dsv
[0.638s] -- Installing: /home/shodayuto/ros_ws/install/sam_bot_description/share/sam_bot_description/package.dsv
[0.638s] -- Installing: /home/shodayuto/ros_ws/install/sam_bot_description/share/ament_index/resource_index/packages/sam_bot_description
[0.639s] -- Installing: /home/shodayuto/ros_ws/install/sam_bot_description/share/sam_bot_description/cmake/sam_bot_descriptionConfig.cmake
[0.639s] -- Installing: /home/shodayuto/ros_ws/install/sam_bot_description/share/sam_bot_description/cmake/sam_bot_descriptionConfig-version.cmake
[0.639s] -- Installing: /home/shodayuto/ros_ws/install/sam_bot_description/share/sam_bot_description/package.xml
[0.641s] Invoked command in '/home/shodayuto/ros_ws/build/sam_bot_description' returned '0': CMAKE_PREFIX_PATH=${CMAKE_PREFIX_PATH}:/home/shodayuto/turtlebot3_ws/install/turtlebot3_teleop:/home/shodayuto/turtlebot3_ws/install/turtlebot3_example:/opt/ros/humble /usr/bin/cmake --install /home/shodayuto/ros_ws/build/sam_bot_description
