[0.013s] Invoking command in '/home/shodayuto/ros_ws/build/ignition_lecture': CMAKE_PREFIX_PATH=${CMAKE_PREFIX_PATH}:/home/shodayuto/turtlebot3_ws/install/turtlebot3_teleop:/home/shodayuto/turtlebot3_ws/install/turtlebot3_example:/opt/ros/humble /usr/bin/cmake /home/shodayuto/ros_ws/src/ignition_lecture -DCMAKE_INSTALL_PREFIX=/home/shodayuto/ros_ws/install/ignition_lecture
[0.081s] -- The C compiler identification is GNU 11.4.0
[0.149s] -- The CXX compiler identification is GNU 11.4.0
[0.154s] -- Detecting C compiler ABI info
[0.202s] -- Detecting C compiler ABI info - done
[0.213s] -- Check for working C compiler: /usr/bin/cc - skipped
[0.214s] -- Detecting C compile features
[0.214s] -- Detecting C compile features - done
[0.218s] -- Detecting CXX compiler ABI info
[0.283s] -- Detecting CXX compiler ABI info - done
[0.293s] -- Check for working CXX compiler: /usr/bin/c++ - skipped
[0.293s] -- Detecting CXX compile features
[0.294s] -- Detecting CXX compile features - done
[0.296s] -- Found ament_cmake: 1.3.11 (/opt/ros/humble/share/ament_cmake/cmake)
[0.422s] -- Found Python3: /usr/bin/python3 (found version "3.10.12") found components: Interpreter 
[0.504s] -- Found ament_lint_auto: 0.12.12 (/opt/ros/humble/share/ament_lint_auto/cmake)
[0.576s] -- Added test 'copyright' to check source files copyright and LICENSE
[0.579s] -- Added test 'flake8' to check Python code syntax and style conventions
[0.580s] -- Added test 'lint_cmake' to check CMake code style
[0.581s] -- Added test 'pep257' to check Python code against some of the docstring style conventions in PEP 257
[0.583s] -- Added test 'xmllint' to check XML markup files
[0.584s] -- Configuring done
[0.586s] -- Generating done
[0.587s] -- Build files have been written to: /home/shodayuto/ros_ws/build/ignition_lecture
[0.591s] Invoked command in '/home/shodayuto/ros_ws/build/ignition_lecture' returned '0': CMAKE_PREFIX_PATH=${CMAKE_PREFIX_PATH}:/home/shodayuto/turtlebot3_ws/install/turtlebot3_teleop:/home/shodayuto/turtlebot3_ws/install/turtlebot3_example:/opt/ros/humble /usr/bin/cmake /home/shodayuto/ros_ws/src/ignition_lecture -DCMAKE_INSTALL_PREFIX=/home/shodayuto/ros_ws/install/ignition_lecture
[0.591s] Invoking command in '/home/shodayuto/ros_ws/build/ignition_lecture': CMAKE_PREFIX_PATH=${CMAKE_PREFIX_PATH}:/home/shodayuto/turtlebot3_ws/install/turtlebot3_teleop:/home/shodayuto/turtlebot3_ws/install/turtlebot3_example:/opt/ros/humble /usr/bin/cmake --build /home/shodayuto/ros_ws/build/ignition_lecture -- -j8 -l8
[0.619s] Invoked command in '/home/shodayuto/ros_ws/build/ignition_lecture' returned '0': CMAKE_PREFIX_PATH=${CMAKE_PREFIX_PATH}:/home/shodayuto/turtlebot3_ws/install/turtlebot3_teleop:/home/shodayuto/turtlebot3_ws/install/turtlebot3_example:/opt/ros/humble /usr/bin/cmake --build /home/shodayuto/ros_ws/build/ignition_lecture -- -j8 -l8
[0.626s] Invoking command in '/home/shodayuto/ros_ws/build/ignition_lecture': CMAKE_PREFIX_PATH=${CMAKE_PREFIX_PATH}:/home/shodayuto/turtlebot3_ws/install/turtlebot3_teleop:/home/shodayuto/turtlebot3_ws/install/turtlebot3_example:/opt/ros/humble /usr/bin/cmake --install /home/shodayuto/ros_ws/build/ignition_lecture
[0.631s] -- Install configuration: ""
[0.631s] -- Installing: /home/shodayuto/ros_ws/install/ignition_lecture/share/ignition_lecture/launch
[0.631s] -- Installing: /home/shodayuto/ros_ws/install/ignition_lecture/share/ignition_lecture/launch/basic_world1.launch.py
[0.631s] -- Installing: /home/shodayuto/ros_ws/install/ignition_lecture/share/ignition_lecture/launch/gazebo.launch.py
[0.631s] -- Installing: /home/shodayuto/ros_ws/install/ignition_lecture/share/ignition_lecture/worlds
[0.631s] -- Installing: /home/shodayuto/ros_ws/install/ignition_lecture/share/ignition_lecture/worlds/model_example1.sdf
[0.631s] -- Installing: /home/shodayuto/ros_ws/install/ignition_lecture/share/ignition_lecture/worlds/basic_world1.sdf
[0.631s] -- Installing: /home/shodayuto/ros_ws/install/ignition_lecture/share/ignition_lecture/worlds/gui_example1.sdf
[0.631s] -- Installing: /home/shodayuto/ros_ws/install/ignition_lecture/share/ignition_lecture/models
[0.631s] -- Installing: /home/shodayuto/ros_ws/install/ignition_lecture/share/ignition_lecture/models/my_box
[0.632s] -- Installing: /home/shodayuto/ros_ws/install/ignition_lecture/share/ignition_lecture/models/my_box/meshes
[0.632s] -- Installing: /home/shodayuto/ros_ws/install/ignition_lecture/share/ignition_lecture/models/my_box/meshes/laser_marker.stl
[0.632s] -- Installing: /home/shodayuto/ros_ws/install/ignition_lecture/share/ignition_lecture/models/my_box/model.sdf
[0.632s] -- Installing: /home/shodayuto/ros_ws/install/ignition_lecture/share/ignition_lecture/models/my_box/model.config
[0.632s] -- Installing: /home/shodayuto/ros_ws/install/ignition_lecture/share/ament_index/resource_index/package_run_dependencies/ignition_lecture
[0.632s] -- Installing: /home/shodayuto/ros_ws/install/ignition_lecture/share/ament_index/resource_index/parent_prefix_path/ignition_lecture
[0.632s] -- Installing: /home/shodayuto/ros_ws/install/ignition_lecture/share/ignition_lecture/environment/ament_prefix_path.sh
[0.632s] -- Installing: /home/shodayuto/ros_ws/install/ignition_lecture/share/ignition_lecture/environment/ament_prefix_path.dsv
[0.632s] -- Installing: /home/shodayuto/ros_ws/install/ignition_lecture/share/ignition_lecture/environment/path.sh
[0.632s] -- Installing: /home/shodayuto/ros_ws/install/ignition_lecture/share/ignition_lecture/environment/path.dsv
[0.633s] -- Installing: /home/shodayuto/ros_ws/install/ignition_lecture/share/ignition_lecture/local_setup.bash
[0.633s] -- Installing: /home/shodayuto/ros_ws/install/ignition_lecture/share/ignition_lecture/local_setup.sh
[0.633s] -- Installing: /home/shodayuto/ros_ws/install/ignition_lecture/share/ignition_lecture/local_setup.zsh
[0.633s] -- Installing: /home/shodayuto/ros_ws/install/ignition_lecture/share/ignition_lecture/local_setup.dsv
[0.633s] -- Installing: /home/shodayuto/ros_ws/install/ignition_lecture/share/ignition_lecture/package.dsv
[0.633s] -- Installing: /home/shodayuto/ros_ws/install/ignition_lecture/share/ament_index/resource_index/packages/ignition_lecture
[0.633s] -- Installing: /home/shodayuto/ros_ws/install/ignition_lecture/share/ignition_lecture/cmake/ignition_lectureConfig.cmake
[0.633s] -- Installing: /home/shodayuto/ros_ws/install/ignition_lecture/share/ignition_lecture/cmake/ignition_lectureConfig-version.cmake
[0.633s] -- Installing: /home/shodayuto/ros_ws/install/ignition_lecture/share/ignition_lecture/package.xml
[0.635s] Invoked command in '/home/shodayuto/ros_ws/build/ignition_lecture' returned '0': CMAKE_PREFIX_PATH=${CMAKE_PREFIX_PATH}:/home/shodayuto/turtlebot3_ws/install/turtlebot3_teleop:/home/shodayuto/turtlebot3_ws/install/turtlebot3_example:/opt/ros/humble /usr/bin/cmake --install /home/shodayuto/ros_ws/build/ignition_lecture
