[0.008s] Invoking command in '/home/shodayuto/research/ros_ws/build/ignition_plugin_lecture': CMAKE_PREFIX_PATH=${CMAKE_PREFIX_PATH}:/opt/ros/humble /usr/bin/cmake /home/shodayuto/research/ros_ws/src/ignition_plugin_lecture -DCMAKE_INSTALL_PREFIX=/home/shodayuto/research/ros_ws/install/ignition_plugin_lecture
[0.045s] -- The C compiler identification is GNU 11.4.0
[0.087s] -- The CXX compiler identification is GNU 11.4.0
[0.093s] -- Detecting C compiler ABI info
[0.142s] -- Detecting C compiler ABI info - done
[0.148s] -- Check for working C compiler: /usr/bin/cc - skipped
[0.148s] -- Detecting C compile features
[0.148s] -- Detecting C compile features - done
[0.151s] -- Detecting CXX compiler ABI info
[0.209s] -- Detecting CXX compiler ABI info - done
[0.221s] -- Check for working CXX compiler: /usr/bin/c++ - skipped
[0.221s] -- Detecting CXX compile features
[0.222s] -- Detecting CXX compile features - done
[0.225s] -- Found ament_cmake: 1.3.11 (/opt/ros/humble/share/ament_cmake/cmake)
[0.348s] -- Found Python3: /usr/bin/python3 (found version "3.10.12") found components: Interpreter 
[0.429s] -- Looking for ignition-plugin1 -- found version 1.4.0
[0.434s] -- Searching for dependencies of ignition-plugin1
[0.434s] -- Searching for <ignition-plugin1> component [register]
[0.436s] -- Looking for ignition-plugin1-register -- found version 1.4.0
[0.436s] -- Searching for dependencies of ignition-plugin1-register
[0.439s] -- Looking for ignition-gazebo6 -- found version 6.17.0
[0.439s] -- Searching for dependencies of ignition-gazebo6
[0.441s] -- Looking for sdformat12 -- found version 12.8.0
[0.441s] -- Searching for dependencies of sdformat12
[0.444s] -- Checking for module 'tinyxml2'
[0.452s] --   Found tinyxml2, version 9.0.0
[0.476s] -- Looking for ignition-math6 -- found version 6.15.1
[0.476s] -- Searching for dependencies of ignition-math6
[0.478s] -- Looking for ignition-utils1 -- found version 1.5.1
[0.478s] -- Searching for dependencies of ignition-utils1
[0.479s] -- Looking for ignition-plugin1 -- found version 1.4.0
[0.480s] -- Searching for dependencies of ignition-plugin1
[0.480s] -- Searching for <ignition-plugin1> component [loader]
[0.481s] -- Looking for ignition-plugin1-loader -- found version 1.4.0
[0.482s] -- Searching for dependencies of ignition-plugin1-loader
[0.482s] -- Searching for <ignition-plugin1> component [register]
[0.484s] -- Looking for ignition-transport11 -- found version 11.4.1
[0.484s] -- Searching for dependencies of ignition-transport11
[0.608s] -- Found Protobuf: /usr/lib/x86_64-linux-gnu/libprotobuf.so (found version "3.12.4") 
[0.617s] -- Config-file not installed for ZeroMQ -- checking for pkg-config
[0.620s] -- Checking for module 'libzmq >= 4'
[0.629s] --   Found libzmq , version 4.3.4
[0.649s] -- Found ZeroMQ: TRUE (Required is at least version "4") 
[0.653s] -- Checking for module 'uuid'
[0.660s] --   Found uuid, version 2.37.2
[0.680s] -- Found UUID: TRUE  
[0.680s] -- Looking for ignition-utils1 -- found version 1.5.1
[0.680s] -- Searching for dependencies of ignition-utils1
[0.680s] -- Searching for <ignition-utils1> component [cli]
[0.682s] -- Looking for ignition-utils1-cli -- found version 1.5.1
[0.683s] -- Searching for dependencies of ignition-utils1-cli
[0.685s] -- Looking for ignition-msgs8 -- found version 8.7.0
[0.685s] -- Searching for dependencies of ignition-msgs8
[0.699s] -- Found Protobuf: /usr/lib/x86_64-linux-gnu/libprotobuf.so (found suitable version "3.12.4", minimum required is "3") 
[0.700s] -- Looking for ignition-math6 -- found version 6.15.1
[0.708s] -- Searching for <ignition-transport11> component [log]
[0.710s] -- Looking for ignition-transport11-log -- found version 11.4.1
[0.711s] -- Searching for dependencies of ignition-transport11-log
[0.711s] -- Searching for <ignition-transport11> component [parameters]
[0.713s] -- Looking for ignition-transport11-parameters -- found version 11.4.1
[0.713s] -- Searching for dependencies of ignition-transport11-parameters
[0.714s] -- Looking for ignition-msgs8 -- found version 8.7.0
[0.716s] -- Looking for ignition-common4 -- found version 4.7.0
[0.716s] -- Searching for dependencies of ignition-common4
[0.716s] -- Looking for dlfcn.h - found
[0.717s] -- Looking for libdl - found
[0.718s] -- Found DL: TRUE  
[0.724s] -- Searching for <ignition-common4> component [profiler]
[0.726s] -- Looking for ignition-common4-profiler -- found version 4.7.0
[0.727s] -- Searching for dependencies of ignition-common4-profiler
[0.727s] -- Searching for <ignition-common4> component [events]
[0.729s] -- Looking for ignition-common4-events -- found version 4.7.0
[0.729s] -- Searching for dependencies of ignition-common4-events
[0.730s] -- Looking for ignition-math6 -- found version 6.15.1
[0.730s] -- Searching for <ignition-common4> component [av]
[0.732s] -- Looking for ignition-common4-av -- found version 4.7.0
[0.732s] -- Searching for dependencies of ignition-common4-av
[0.736s] -- Checking for module 'libswscale'
[0.745s] --   Found libswscale, version 5.9.100
[0.765s] -- Found SWSCALE: TRUE  
[0.768s] -- Checking for module 'libavdevice >= 56.4.100'
[0.776s] --   Found libavdevice , version 58.13.100
[0.799s] -- Found AVDEVICE: TRUE (Required is at least version "56.4.100") 
[0.802s] -- Checking for module 'libavformat'
[0.810s] --   Found libavformat, version 58.76.100
[0.832s] -- Found AVFORMAT: TRUE  
[0.835s] -- Checking for module 'libavcodec'
[0.843s] --   Found libavcodec, version 58.134.100
[0.867s] -- Found AVCODEC: TRUE  
[0.870s] -- Checking for module 'libavutil'
[0.878s] --   Found libavutil, version 56.70.100
[0.899s] -- Found AVUTIL: TRUE  
[0.901s] -- Looking for ignition-fuel_tools7 -- found version 7.3.1
[0.901s] -- Searching for dependencies of ignition-fuel_tools7
[0.952s] -- Found CURL: /usr/lib/x86_64-linux-gnu/libcurl.so (found version "7.81.0")  
[0.958s] -- Checking for module 'jsoncpp'
[0.966s] --   Found jsoncpp, version 1.9.5
[0.985s] -- Found JSONCPP: TRUE  
[0.990s] -- Checking for module 'libzip'
[0.998s] --   Found libzip, version 1.7.3
[1.017s] -- Found ZIP: TRUE  
[1.018s] -- Looking for ignition-common4 -- found version 4.7.0
[1.018s] -- Looking for ignition-math6 -- found version 6.15.1
[1.018s] -- Looking for ignition-msgs8 -- found version 8.7.0
[1.021s] -- Looking for ignition-gui6 -- found version 6.8.0
[1.021s] -- Searching for dependencies of ignition-gui6
[1.043s] -- Looking for ignition-math6 -- found version 6.15.1
[1.043s] -- Looking for ignition-common4 -- found version 4.7.0
[1.043s] -- Looking for ignition-plugin1 -- found version 1.4.0
[1.043s] -- Looking for ignition-transport11 -- found version 11.4.1
[1.045s] -- Looking for ignition-rendering6 -- found version 6.6.3
[1.046s] -- Searching for dependencies of ignition-rendering6
[1.046s] -- Looking for ignition-math6 -- found version 6.15.1
[1.046s] -- Searching for dependencies of ignition-math6
[1.047s] -- Searching for <ignition-math6> component [eigen3]
[1.048s] -- Looking for ignition-math6-eigen3 -- found version 6.15.1
[1.049s] -- Searching for dependencies of ignition-math6-eigen3
[1.055s] -- Looking for ignition-common4 -- found version 4.7.0
[1.055s] -- Searching for dependencies of ignition-common4
[1.055s] -- Looking for dlfcn.h - found
[1.055s] -- Looking for libdl - found
[1.062s] -- Searching for <ignition-common4> component [graphics]
[1.064s] -- Looking for ignition-common4-graphics -- found version 4.7.0
[1.064s] -- Searching for dependencies of ignition-common4-graphics
[1.064s] -- Looking for ignition-math6 -- found version 6.15.1
[1.065s] -- Looking for ignition-utils1 -- found version 1.5.1
[1.065s] -- Searching for <ignition-common4> component [events]
[1.066s] -- Looking for ignition-plugin1 -- found version 1.4.0
[1.066s] -- Searching for dependencies of ignition-plugin1
[1.066s] -- Searching for <ignition-plugin1> component [all]
[1.068s] -- Looking for all libraries of ignition-plugin1 -- found version 1.4.0
[1.069s] -- Looking for ignition-plugin1 -- found version 1.4.0
[1.070s] -- Looking for ignition-msgs8 -- found version 8.7.0
[1.086s] -- Looking for ignition-physics5 -- found version 5.3.2
[1.087s] -- Searching for dependencies of ignition-physics5
[1.087s] -- Looking for ignition-math6 -- found version 6.15.1
[1.087s] -- Looking for ignition-plugin1 -- found version 1.4.0
[1.088s] -- Looking for ignition-utils1 -- found version 1.5.1
[1.089s] -- Searching for <ignition-physics5> component [heightmap]
[1.090s] -- Looking for ignition-physics5-heightmap -- found version 5.3.2
[1.091s] -- Searching for dependencies of ignition-physics5-heightmap
[1.091s] -- Looking for ignition-common4 -- found version 4.7.0
[1.091s] -- Searching for <ignition-physics5> component [mesh]
[1.093s] -- Looking for ignition-physics5-mesh -- found version 5.3.2
[1.094s] -- Searching for dependencies of ignition-physics5-mesh
[1.094s] -- Looking for ignition-common4 -- found version 4.7.0
[1.094s] -- Searching for <ignition-physics5> component [sdf]
[1.096s] -- Looking for ignition-physics5-sdf -- found version 5.3.2
[1.097s] -- Searching for dependencies of ignition-physics5-sdf
[1.097s] -- Looking for sdformat12 -- found version 12.8.0
[1.099s] -- Looking for ignition-sensors6 -- found version 6.8.1
[1.099s] -- Searching for dependencies of ignition-sensors6
[1.113s] -- Found Protobuf: /usr/lib/x86_64-linux-gnu/libprotobuf.so (found version "3.12.4") 
[1.114s] -- Looking for ignition-math6 -- found version 6.15.1
[1.114s] -- Looking for ignition-common4 -- found version 4.7.0
[1.115s] -- Looking for ignition-transport11 -- found version 11.4.1
[1.115s] -- Looking for ignition-rendering6 -- found version 6.6.3
[1.115s] -- Looking for ignition-msgs8 -- found version 8.7.0
[1.116s] -- Looking for sdformat12 -- found version 12.8.0
[1.116s] -- Searching for <ignition-sensors6> component [air_pressure]
[1.118s] -- Looking for ignition-sensors6-air_pressure -- found version 6.8.1
[1.118s] -- Searching for dependencies of ignition-sensors6-air_pressure
[1.119s] -- Searching for <ignition-sensors6> component [altimeter]
[1.121s] -- Looking for ignition-sensors6-altimeter -- found version 6.8.1
[1.121s] -- Searching for dependencies of ignition-sensors6-altimeter
[1.122s] -- Searching for <ignition-sensors6> component [imu]
[1.123s] -- Looking for ignition-sensors6-imu -- found version 6.8.1
[1.124s] -- Searching for dependencies of ignition-sensors6-imu
[1.124s] -- Searching for <ignition-sensors6> component [force_torque]
[1.126s] -- Looking for ignition-sensors6-force_torque -- found version 6.8.1
[1.126s] -- Searching for dependencies of ignition-sensors6-force_torque
[1.127s] -- Searching for <ignition-sensors6> component [logical_camera]
[1.129s] -- Looking for ignition-sensors6-logical_camera -- found version 6.8.1
[1.129s] -- Searching for dependencies of ignition-sensors6-logical_camera
[1.129s] -- Searching for <ignition-sensors6> component [magnetometer]
[1.131s] -- Looking for ignition-sensors6-magnetometer -- found version 6.8.1
[1.132s] -- Searching for dependencies of ignition-sensors6-magnetometer
[1.132s] -- Searching for <ignition-sensors6> component [navsat]
[1.134s] -- Looking for ignition-sensors6-navsat -- found version 6.8.1
[1.134s] -- Searching for dependencies of ignition-sensors6-navsat
[1.135s] -- Searching for <ignition-sensors6> component [rendering]
[1.136s] -- Looking for ignition-sensors6-rendering -- found version 6.8.1
[1.137s] -- Searching for dependencies of ignition-sensors6-rendering
[1.137s] -- Searching for <ignition-sensors6> component [lidar]
[1.139s] -- Looking for ignition-sensors6-lidar -- found version 6.8.1
[1.139s] -- Searching for dependencies of ignition-sensors6-lidar
[1.140s] -- Looking for ignition-sensors6 -- found version 6.8.1
[1.140s] -- Searching for <ignition-sensors6> component [gpu_lidar]
[1.142s] -- Looking for ignition-sensors6-gpu_lidar -- found version 6.8.1
[1.143s] -- Searching for dependencies of ignition-sensors6-gpu_lidar
[1.143s] -- Looking for ignition-sensors6 -- found version 6.8.1
[1.144s] -- Searching for <ignition-sensors6> component [camera]
[1.145s] -- Looking for ignition-sensors6-camera -- found version 6.8.1
[1.146s] -- Searching for dependencies of ignition-sensors6-camera
[1.146s] -- Looking for ignition-sensors6 -- found version 6.8.1
[1.147s] -- Searching for <ignition-sensors6> component [boundingbox_camera]
[1.148s] -- Looking for ignition-sensors6-boundingbox_camera -- found version 6.8.1
[1.149s] -- Searching for dependencies of ignition-sensors6-boundingbox_camera
[1.149s] -- Searching for <ignition-sensors6> component [segmentation_camera]
[1.151s] -- Looking for ignition-sensors6-segmentation_camera -- found version 6.8.1
[1.152s] -- Searching for dependencies of ignition-sensors6-segmentation_camera
[1.152s] -- Searching for <ignition-sensors6> component [depth_camera]
[1.154s] -- Looking for ignition-sensors6-depth_camera -- found version 6.8.1
[1.154s] -- Searching for dependencies of ignition-sensors6-depth_camera
[1.155s] -- Looking for ignition-sensors6 -- found version 6.8.1
[1.155s] -- Searching for <ignition-sensors6> component [rgbd_camera]
[1.157s] -- Looking for ignition-sensors6-rgbd_camera -- found version 6.8.1
[1.157s] -- Searching for dependencies of ignition-sensors6-rgbd_camera
[1.158s] -- Looking for ignition-sensors6 -- found version 6.8.1
[1.158s] -- Searching for <ignition-sensors6> component [thermal_camera]
[1.160s] -- Looking for ignition-sensors6-thermal_camera -- found version 6.8.1
[1.161s] -- Searching for dependencies of ignition-sensors6-thermal_camera
[1.161s] -- Looking for ignition-sensors6 -- found version 6.8.1
[1.162s] -- Looking for ignition-rendering6 -- found version 6.6.3
[1.162s] -- Looking for ignition-math6 -- found version 6.15.1
[1.164s] -- Looking for ignition-utils1 -- found version 1.5.1
[1.229s] -- Configuring done
[1.246s] -- Generating done
[1.250s] -- Build files have been written to: /home/shodayuto/research/ros_ws/build/ignition_plugin_lecture
[1.258s] Invoked command in '/home/shodayuto/research/ros_ws/build/ignition_plugin_lecture' returned '0': CMAKE_PREFIX_PATH=${CMAKE_PREFIX_PATH}:/opt/ros/humble /usr/bin/cmake /home/shodayuto/research/ros_ws/src/ignition_plugin_lecture -DCMAKE_INSTALL_PREFIX=/home/shodayuto/research/ros_ws/install/ignition_plugin_lecture
[1.259s] Invoking command in '/home/shodayuto/research/ros_ws/build/ignition_plugin_lecture': CMAKE_PREFIX_PATH=${CMAKE_PREFIX_PATH}:/opt/ros/humble /usr/bin/cmake --build /home/shodayuto/research/ros_ws/build/ignition_plugin_lecture -- -j8 -l8
[1.292s] [ 20%] [34m[1mAutomatic MOC for target SwitchPanel[0m
[1.292s] [ 20%] [34m[1mAutomatic MOC for target RotateAxis[0m
[1.313s] [ 20%] Built target RotateAxis_autogen
[1.327s] [ 40%] [32mBuilding CXX object CMakeFiles/RotateAxis.dir/src/rotate_axis/rotate_axis.cpp.o[0m
[1.327s] [ 40%] [32mBuilding CXX object CMakeFiles/RotateAxis.dir/RotateAxis_autogen/mocs_compilation.cpp.o[0m
[2.568s] [ 40%] Built target SwitchPanel_autogen
[2.575s] [ 50%] [34m[1mGenerating qrc_SwitchPanel.cpp[0m
[2.589s] [ 70%] [32mBuilding CXX object CMakeFiles/SwitchPanel.dir/qrc_SwitchPanel.cpp.o[0m
[2.590s] [ 80%] [32mBuilding CXX object CMakeFiles/SwitchPanel.dir/SwitchPanel_autogen/mocs_compilation.cpp.o[0m
[2.590s] [ 80%] [32mBuilding CXX object CMakeFiles/SwitchPanel.dir/src/switch_panel/SwitchPanel.cpp.o[0m
[7.544s] [ 90%] [32m[1mLinking CXX shared library libRotateAxis.so[0m
[7.848s] [ 90%] Built target RotateAxis
[8.805s] [100%] [32m[1mLinking CXX shared library libSwitchPanel.so[0m
[9.059s] [100%] Built target SwitchPanel
[9.067s] Invoked command in '/home/shodayuto/research/ros_ws/build/ignition_plugin_lecture' returned '0': CMAKE_PREFIX_PATH=${CMAKE_PREFIX_PATH}:/opt/ros/humble /usr/bin/cmake --build /home/shodayuto/research/ros_ws/build/ignition_plugin_lecture -- -j8 -l8
[9.068s] Invoking command in '/home/shodayuto/research/ros_ws/build/ignition_plugin_lecture': CMAKE_PREFIX_PATH=${CMAKE_PREFIX_PATH}:/opt/ros/humble /usr/bin/cmake --install /home/shodayuto/research/ros_ws/build/ignition_plugin_lecture
[9.073s] -- Install configuration: ""
[9.073s] -- Installing: /home/shodayuto/research/ros_ws/install/ignition_plugin_lecture/lib/libSwitchPanel.so
[9.074s] -- Installing: /home/shodayuto/research/ros_ws/install/ignition_plugin_lecture/lib/libRotateAxis.so
[9.075s] -- Installing: /home/shodayuto/research/ros_ws/install/ignition_plugin_lecture/share/ignition_plugin_lecture/environment/ignition_plugin_lecture.dsv
[9.075s] -- Installing: /home/shodayuto/research/ros_ws/install/ignition_plugin_lecture/share/ament_index/resource_index/package_run_dependencies/ignition_plugin_lecture
[9.075s] -- Installing: /home/shodayuto/research/ros_ws/install/ignition_plugin_lecture/share/ament_index/resource_index/parent_prefix_path/ignition_plugin_lecture
[9.076s] -- Installing: /home/shodayuto/research/ros_ws/install/ignition_plugin_lecture/share/ignition_plugin_lecture/environment/ament_prefix_path.sh
[9.076s] -- Installing: /home/shodayuto/research/ros_ws/install/ignition_plugin_lecture/share/ignition_plugin_lecture/environment/ament_prefix_path.dsv
[9.076s] -- Installing: /home/shodayuto/research/ros_ws/install/ignition_plugin_lecture/share/ignition_plugin_lecture/environment/path.sh
[9.076s] -- Installing: /home/shodayuto/research/ros_ws/install/ignition_plugin_lecture/share/ignition_plugin_lecture/environment/path.dsv
[9.076s] -- Installing: /home/shodayuto/research/ros_ws/install/ignition_plugin_lecture/share/ignition_plugin_lecture/local_setup.bash
[9.076s] -- Installing: /home/shodayuto/research/ros_ws/install/ignition_plugin_lecture/share/ignition_plugin_lecture/local_setup.sh
[9.076s] -- Installing: /home/shodayuto/research/ros_ws/install/ignition_plugin_lecture/share/ignition_plugin_lecture/local_setup.zsh
[9.076s] -- Installing: /home/shodayuto/research/ros_ws/install/ignition_plugin_lecture/share/ignition_plugin_lecture/local_setup.dsv
[9.076s] -- Installing: /home/shodayuto/research/ros_ws/install/ignition_plugin_lecture/share/ignition_plugin_lecture/package.dsv
[9.076s] -- Installing: /home/shodayuto/research/ros_ws/install/ignition_plugin_lecture/share/ament_index/resource_index/packages/ignition_plugin_lecture
[9.076s] -- Installing: /home/shodayuto/research/ros_ws/install/ignition_plugin_lecture/share/ignition_plugin_lecture/cmake/ignition_plugin_lectureConfig.cmake
[9.076s] -- Installing: /home/shodayuto/research/ros_ws/install/ignition_plugin_lecture/share/ignition_plugin_lecture/cmake/ignition_plugin_lectureConfig-version.cmake
[9.077s] -- Installing: /home/shodayuto/research/ros_ws/install/ignition_plugin_lecture/share/ignition_plugin_lecture/package.xml
[9.078s] Invoked command in '/home/shodayuto/research/ros_ws/build/ignition_plugin_lecture' returned '0': CMAKE_PREFIX_PATH=${CMAKE_PREFIX_PATH}:/opt/ros/humble /usr/bin/cmake --install /home/shodayuto/research/ros_ws/build/ignition_plugin_lecture
