[0.013s] Invoking command in '/home/shodayuto/research/ros_ws/build/ignition_plugin_lecture': CMAKE_PREFIX_PATH=${CMAKE_PREFIX_PATH}:/opt/ros/humble /usr/bin/cmake /home/shodayuto/research/ros_ws/src/ignition_plugin_lecture -DCMAKE_INSTALL_PREFIX=/home/shodayuto/research/ros_ws/install/ignition_plugin_lecture
[0.077s] -- The C compiler identification is GNU 11.4.0
[0.155s] -- The CXX compiler identification is GNU 11.4.0
[0.166s] -- Detecting C compiler ABI info
[0.254s] -- Detecting C compiler ABI info - done
[0.265s] -- Check for working C compiler: /usr/bin/cc - skipped
[0.266s] -- Detecting C compile features
[0.266s] -- Detecting C compile features - done
[0.270s] -- Detecting CXX compiler ABI info
[0.376s] -- Detecting CXX compiler ABI info - done
[0.389s] -- Check for working CXX compiler: /usr/bin/c++ - skipped
[0.389s] -- Detecting CXX compile features
[0.390s] -- Detecting CXX compile features - done
[0.394s] -- Found ament_cmake: 1.3.11 (/opt/ros/humble/share/ament_cmake/cmake)
[0.596s] -- Found Python3: /usr/bin/python3 (found version "3.10.12") found components: Interpreter 
[0.738s] -- Looking for ignition-plugin1 -- found version 1.4.0
[0.747s] -- Searching for dependencies of ignition-plugin1
[0.748s] -- Searching for <ignition-plugin1> component [register]
[0.753s] -- Looking for ignition-plugin1-register -- found version 1.4.0
[0.754s] -- Searching for dependencies of ignition-plugin1-register
[0.760s] -- Looking for ignition-gazebo6 -- found version 6.17.0
[0.761s] -- Searching for dependencies of ignition-gazebo6
[0.766s] -- Looking for sdformat12 -- found version 12.8.0
[0.766s] -- Searching for dependencies of sdformat12
[0.774s] -- Checking for module 'tinyxml2'
[0.789s] --   Found tinyxml2, version 9.0.0
[0.833s] -- Looking for ignition-math6 -- found version 6.15.1
[0.833s] -- Searching for dependencies of ignition-math6
[0.837s] -- Looking for ignition-utils1 -- found version 1.5.1
[0.837s] -- Searching for dependencies of ignition-utils1
[0.839s] -- Looking for ignition-plugin1 -- found version 1.4.0
[0.840s] -- Searching for dependencies of ignition-plugin1
[0.840s] -- Searching for <ignition-plugin1> component [loader]
[0.843s] -- Looking for ignition-plugin1-loader -- found version 1.4.0
[0.843s] -- Searching for dependencies of ignition-plugin1-loader
[0.844s] -- Searching for <ignition-plugin1> component [register]
[0.848s] -- Looking for ignition-transport11 -- found version 11.4.1
[0.849s] -- Searching for dependencies of ignition-transport11
[1.067s] -- Found Protobuf: /usr/lib/x86_64-linux-gnu/libprotobuf.so (found version "3.12.4") 
[1.082s] -- Config-file not installed for ZeroMQ -- checking for pkg-config
[1.087s] -- Checking for module 'libzmq >= 4'
[1.102s] --   Found libzmq , version 4.3.4
[1.148s] -- Found ZeroMQ: TRUE (Required is at least version "4") 
[1.155s] -- Checking for module 'uuid'
[1.169s] --   Found uuid, version 2.37.2
[1.206s] -- Found UUID: TRUE  
[1.207s] -- Looking for ignition-utils1 -- found version 1.5.1
[1.207s] -- Searching for dependencies of ignition-utils1
[1.207s] -- Searching for <ignition-utils1> component [cli]
[1.210s] -- Looking for ignition-utils1-cli -- found version 1.5.1
[1.211s] -- Searching for dependencies of ignition-utils1-cli
[1.215s] -- Looking for ignition-msgs8 -- found version 8.7.0
[1.215s] -- Searching for dependencies of ignition-msgs8
[1.241s] -- Found Protobuf: /usr/lib/x86_64-linux-gnu/libprotobuf.so (found suitable version "3.12.4", minimum required is "3") 
[1.243s] -- Looking for ignition-math6 -- found version 6.15.1
[1.262s] -- Searching for <ignition-transport11> component [log]
[1.267s] -- Looking for ignition-transport11-log -- found version 11.4.1
[1.268s] -- Searching for dependencies of ignition-transport11-log
[1.271s] -- Searching for <ignition-transport11> component [parameters]
[1.274s] -- Looking for ignition-transport11-parameters -- found version 11.4.1
[1.275s] -- Searching for dependencies of ignition-transport11-parameters
[1.276s] -- Looking for ignition-msgs8 -- found version 8.7.0
[1.281s] -- Looking for ignition-common4 -- found version 4.7.0
[1.281s] -- Searching for dependencies of ignition-common4
[1.282s] -- Looking for dlfcn.h - found
[1.284s] -- Looking for libdl - found
[1.287s] -- Found DL: TRUE  
[1.298s] -- Searching for <ignition-common4> component [profiler]
[1.302s] -- Looking for ignition-common4-profiler -- found version 4.7.0
[1.303s] -- Searching for dependencies of ignition-common4-profiler
[1.304s] -- Searching for <ignition-common4> component [events]
[1.307s] -- Looking for ignition-common4-events -- found version 4.7.0
[1.308s] -- Searching for dependencies of ignition-common4-events
[1.308s] -- Looking for ignition-math6 -- found version 6.15.1
[1.309s] -- Searching for <ignition-common4> component [av]
[1.312s] -- Looking for ignition-common4-av -- found version 4.7.0
[1.313s] -- Searching for dependencies of ignition-common4-av
[1.319s] -- Checking for module 'libswscale'
[1.334s] --   Found libswscale, version 5.9.100
[1.381s] -- Found SWSCALE: TRUE  
[1.389s] -- Checking for module 'libavdevice >= 56.4.100'
[1.405s] --   Found libavdevice , version 58.13.100
[1.446s] -- Found AVDEVICE: TRUE (Required is at least version "56.4.100") 
[1.454s] -- Checking for module 'libavformat'
[1.472s] --   Found libavformat, version 58.76.100
[1.532s] -- Found AVFORMAT: TRUE  
[1.551s] -- Checking for module 'libavcodec'
[1.573s] --   Found libavcodec, version 58.134.100
[1.620s] -- Found AVCODEC: TRUE  
[1.626s] -- Checking for module 'libavutil'
[1.643s] --   Found libavutil, version 56.70.100
[1.683s] -- Found AVUTIL: TRUE  
[1.688s] -- Looking for ignition-fuel_tools7 -- found version 7.3.1
[1.688s] -- Searching for dependencies of ignition-fuel_tools7
[1.793s] -- Found CURL: /usr/lib/x86_64-linux-gnu/libcurl.so (found version "7.81.0")  
[1.808s] -- Checking for module 'jsoncpp'
[1.828s] --   Found jsoncpp, version 1.9.5
[1.876s] -- Found JSONCPP: TRUE  
[1.884s] -- Checking for module 'libzip'
[1.900s] --   Found libzip, version 1.7.3
[1.945s] -- Found ZIP: TRUE  
[1.945s] -- Looking for ignition-common4 -- found version 4.7.0
[1.946s] -- Looking for ignition-math6 -- found version 6.15.1
[1.946s] -- Looking for ignition-msgs8 -- found version 8.7.0
[1.951s] -- Looking for ignition-gui6 -- found version 6.8.0
[1.951s] -- Searching for dependencies of ignition-gui6
[1.990s] -- Looking for ignition-math6 -- found version 6.15.1
[1.991s] -- Looking for ignition-common4 -- found version 4.7.0
[1.991s] -- Looking for ignition-plugin1 -- found version 1.4.0
[1.992s] -- Looking for ignition-transport11 -- found version 11.4.1
[1.995s] -- Looking for ignition-rendering6 -- found version 6.6.3
[1.996s] -- Searching for dependencies of ignition-rendering6
[1.996s] -- Looking for ignition-math6 -- found version 6.15.1
[1.997s] -- Searching for dependencies of ignition-math6
[1.997s] -- Searching for <ignition-math6> component [eigen3]
[2.001s] -- Looking for ignition-math6-eigen3 -- found version 6.15.1
[2.001s] -- Searching for dependencies of ignition-math6-eigen3
[2.016s] -- Looking for ignition-common4 -- found version 4.7.0
[2.016s] -- Searching for dependencies of ignition-common4
[2.017s] -- Looking for dlfcn.h - found
[2.017s] -- Looking for libdl - found
[2.029s] -- Searching for <ignition-common4> component [graphics]
[2.033s] -- Looking for ignition-common4-graphics -- found version 4.7.0
[2.033s] -- Searching for dependencies of ignition-common4-graphics
[2.034s] -- Looking for ignition-math6 -- found version 6.15.1
[2.034s] -- Looking for ignition-utils1 -- found version 1.5.1
[2.036s] -- Searching for <ignition-common4> component [events]
[2.037s] -- Looking for ignition-plugin1 -- found version 1.4.0
[2.037s] -- Searching for dependencies of ignition-plugin1
[2.038s] -- Searching for <ignition-plugin1> component [all]
[2.041s] -- Looking for all libraries of ignition-plugin1 -- found version 1.4.0
[2.042s] -- Looking for ignition-plugin1 -- found version 1.4.0
[2.045s] -- Looking for ignition-msgs8 -- found version 8.7.0
[2.076s] -- Looking for ignition-physics5 -- found version 5.3.2
[2.077s] -- Searching for dependencies of ignition-physics5
[2.077s] -- Looking for ignition-math6 -- found version 6.15.1
[2.078s] -- Looking for ignition-plugin1 -- found version 1.4.0
[2.078s] -- Looking for ignition-utils1 -- found version 1.5.1
[2.080s] -- Searching for <ignition-physics5> component [heightmap]
[2.083s] -- Looking for ignition-physics5-heightmap -- found version 5.3.2
[2.084s] -- Searching for dependencies of ignition-physics5-heightmap
[2.085s] -- Looking for ignition-common4 -- found version 4.7.0
[2.086s] -- Searching for <ignition-physics5> component [mesh]
[2.089s] -- Looking for ignition-physics5-mesh -- found version 5.3.2
[2.090s] -- Searching for dependencies of ignition-physics5-mesh
[2.090s] -- Looking for ignition-common4 -- found version 4.7.0
[2.091s] -- Searching for <ignition-physics5> component [sdf]
[2.094s] -- Looking for ignition-physics5-sdf -- found version 5.3.2
[2.095s] -- Searching for dependencies of ignition-physics5-sdf
[2.095s] -- Looking for sdformat12 -- found version 12.8.0
[2.100s] -- Looking for ignition-sensors6 -- found version 6.8.1
[2.101s] -- Searching for dependencies of ignition-sensors6
[2.126s] -- Found Protobuf: /usr/lib/x86_64-linux-gnu/libprotobuf.so (found version "3.12.4") 
[2.127s] -- Looking for ignition-math6 -- found version 6.15.1
[2.127s] -- Looking for ignition-common4 -- found version 4.7.0
[2.128s] -- Looking for ignition-transport11 -- found version 11.4.1
[2.129s] -- Looking for ignition-rendering6 -- found version 6.6.3
[2.129s] -- Looking for ignition-msgs8 -- found version 8.7.0
[2.130s] -- Looking for sdformat12 -- found version 12.8.0
[2.130s] -- Searching for <ignition-sensors6> component [air_pressure]
[2.134s] -- Looking for ignition-sensors6-air_pressure -- found version 6.8.1
[2.134s] -- Searching for dependencies of ignition-sensors6-air_pressure
[2.135s] -- Searching for <ignition-sensors6> component [altimeter]
[2.139s] -- Looking for ignition-sensors6-altimeter -- found version 6.8.1
[2.140s] -- Searching for dependencies of ignition-sensors6-altimeter
[2.142s] -- Searching for <ignition-sensors6> component [imu]
[2.145s] -- Looking for ignition-sensors6-imu -- found version 6.8.1
[2.145s] -- Searching for dependencies of ignition-sensors6-imu
[2.146s] -- Searching for <ignition-sensors6> component [force_torque]
[2.150s] -- Looking for ignition-sensors6-force_torque -- found version 6.8.1
[2.151s] -- Searching for dependencies of ignition-sensors6-force_torque
[2.151s] -- Searching for <ignition-sensors6> component [logical_camera]
[2.155s] -- Looking for ignition-sensors6-logical_camera -- found version 6.8.1
[2.155s] -- Searching for dependencies of ignition-sensors6-logical_camera
[2.156s] -- Searching for <ignition-sensors6> component [magnetometer]
[2.160s] -- Looking for ignition-sensors6-magnetometer -- found version 6.8.1
[2.161s] -- Searching for dependencies of ignition-sensors6-magnetometer
[2.161s] -- Searching for <ignition-sensors6> component [navsat]
[2.164s] -- Looking for ignition-sensors6-navsat -- found version 6.8.1
[2.164s] -- Searching for dependencies of ignition-sensors6-navsat
[2.165s] -- Searching for <ignition-sensors6> component [rendering]
[2.168s] -- Looking for ignition-sensors6-rendering -- found version 6.8.1
[2.168s] -- Searching for dependencies of ignition-sensors6-rendering
[2.169s] -- Searching for <ignition-sensors6> component [lidar]
[2.172s] -- Looking for ignition-sensors6-lidar -- found version 6.8.1
[2.172s] -- Searching for dependencies of ignition-sensors6-lidar
[2.173s] -- Looking for ignition-sensors6 -- found version 6.8.1
[2.174s] -- Searching for <ignition-sensors6> component [gpu_lidar]
[2.176s] -- Looking for ignition-sensors6-gpu_lidar -- found version 6.8.1
[2.177s] -- Searching for dependencies of ignition-sensors6-gpu_lidar
[2.177s] -- Looking for ignition-sensors6 -- found version 6.8.1
[2.178s] -- Searching for <ignition-sensors6> component [camera]
[2.182s] -- Looking for ignition-sensors6-camera -- found version 6.8.1
[2.182s] -- Searching for dependencies of ignition-sensors6-camera
[2.183s] -- Looking for ignition-sensors6 -- found version 6.8.1
[2.184s] -- Searching for <ignition-sensors6> component [boundingbox_camera]
[2.187s] -- Looking for ignition-sensors6-boundingbox_camera -- found version 6.8.1
[2.188s] -- Searching for dependencies of ignition-sensors6-boundingbox_camera
[2.189s] -- Searching for <ignition-sensors6> component [segmentation_camera]
[2.192s] -- Looking for ignition-sensors6-segmentation_camera -- found version 6.8.1
[2.193s] -- Searching for dependencies of ignition-sensors6-segmentation_camera
[2.194s] -- Searching for <ignition-sensors6> component [depth_camera]
[2.197s] -- Looking for ignition-sensors6-depth_camera -- found version 6.8.1
[2.198s] -- Searching for dependencies of ignition-sensors6-depth_camera
[2.198s] -- Looking for ignition-sensors6 -- found version 6.8.1
[2.199s] -- Searching for <ignition-sensors6> component [rgbd_camera]
[2.202s] -- Looking for ignition-sensors6-rgbd_camera -- found version 6.8.1
[2.203s] -- Searching for dependencies of ignition-sensors6-rgbd_camera
[2.203s] -- Looking for ignition-sensors6 -- found version 6.8.1
[2.204s] -- Searching for <ignition-sensors6> component [thermal_camera]
[2.208s] -- Looking for ignition-sensors6-thermal_camera -- found version 6.8.1
[2.208s] -- Searching for dependencies of ignition-sensors6-thermal_camera
[2.209s] -- Looking for ignition-sensors6 -- found version 6.8.1
[2.211s] -- Looking for ignition-rendering6 -- found version 6.6.3
[2.211s] -- Looking for ignition-math6 -- found version 6.15.1
[2.215s] -- Looking for ignition-utils1 -- found version 1.5.1
[2.333s] -- Configuring done
[2.361s] -- Generating done
[2.367s] -- Build files have been written to: /home/shodayuto/research/ros_ws/build/ignition_plugin_lecture
[2.381s] Invoked command in '/home/shodayuto/research/ros_ws/build/ignition_plugin_lecture' returned '0': CMAKE_PREFIX_PATH=${CMAKE_PREFIX_PATH}:/opt/ros/humble /usr/bin/cmake /home/shodayuto/research/ros_ws/src/ignition_plugin_lecture -DCMAKE_INSTALL_PREFIX=/home/shodayuto/research/ros_ws/install/ignition_plugin_lecture
[2.382s] Invoking command in '/home/shodayuto/research/ros_ws/build/ignition_plugin_lecture': CMAKE_PREFIX_PATH=${CMAKE_PREFIX_PATH}:/opt/ros/humble /usr/bin/cmake --build /home/shodayuto/research/ros_ws/build/ignition_plugin_lecture -- -j8 -l8
[2.438s] [ 20%] [34m[1mAutomatic MOC for target SwitchPanel[0m
[2.438s] [ 20%] [34m[1mAutomatic MOC for target RotateAxis[0m
[2.472s] [ 20%] Built target RotateAxis_autogen
[2.503s] [ 40%] [32mBuilding CXX object CMakeFiles/RotateAxis.dir/src/rotate_axis/rotate_axis.cpp.o[0m
[2.503s] [ 40%] [32mBuilding CXX object CMakeFiles/RotateAxis.dir/RotateAxis_autogen/mocs_compilation.cpp.o[0m
[4.216s] [ 40%] Built target SwitchPanel_autogen
[4.228s] [ 50%] [34m[1mGenerating qrc_SwitchPanel.cpp[0m
[4.252s] [ 80%] [32mBuilding CXX object CMakeFiles/SwitchPanel.dir/SwitchPanel_autogen/mocs_compilation.cpp.o[0m
[4.252s] [ 80%] [32mBuilding CXX object CMakeFiles/SwitchPanel.dir/qrc_SwitchPanel.cpp.o[0m
[4.253s] [ 80%] [32mBuilding CXX object CMakeFiles/SwitchPanel.dir/src/switch_panel/SwitchPanel.cpp.o[0m
[11.966s] [ 90%] [32m[1mLinking CXX shared library libRotateAxis.so[0m
[12.424s] [ 90%] Built target RotateAxis
[13.863s] [100%] [32m[1mLinking CXX shared library libSwitchPanel.so[0m
[14.263s] [100%] Built target SwitchPanel
[14.276s] Invoked command in '/home/shodayuto/research/ros_ws/build/ignition_plugin_lecture' returned '0': CMAKE_PREFIX_PATH=${CMAKE_PREFIX_PATH}:/opt/ros/humble /usr/bin/cmake --build /home/shodayuto/research/ros_ws/build/ignition_plugin_lecture -- -j8 -l8
[14.278s] Invoking command in '/home/shodayuto/research/ros_ws/build/ignition_plugin_lecture': CMAKE_PREFIX_PATH=${CMAKE_PREFIX_PATH}:/opt/ros/humble /usr/bin/cmake --install /home/shodayuto/research/ros_ws/build/ignition_plugin_lecture
[14.287s] -- Install configuration: ""
[14.287s] -- Installing: /home/shodayuto/research/ros_ws/install/ignition_plugin_lecture/lib/libSwitchPanel.so
[14.288s] -- Installing: /home/shodayuto/research/ros_ws/install/ignition_plugin_lecture/lib/libRotateAxis.so
[14.291s] -- Installing: /home/shodayuto/research/ros_ws/install/ignition_plugin_lecture/share/ignition_plugin_lecture/environment/ignition_plugin_lecture.dsv
[14.291s] -- Installing: /home/shodayuto/research/ros_ws/install/ignition_plugin_lecture/share/ament_index/resource_index/package_run_dependencies/ignition_plugin_lecture
[14.291s] -- Installing: /home/shodayuto/research/ros_ws/install/ignition_plugin_lecture/share/ament_index/resource_index/parent_prefix_path/ignition_plugin_lecture
[14.292s] -- Installing: /home/shodayuto/research/ros_ws/install/ignition_plugin_lecture/share/ignition_plugin_lecture/environment/ament_prefix_path.sh
[14.292s] -- Installing: /home/shodayuto/research/ros_ws/install/ignition_plugin_lecture/share/ignition_plugin_lecture/environment/ament_prefix_path.dsv
[14.292s] -- Installing: /home/shodayuto/research/ros_ws/install/ignition_plugin_lecture/share/ignition_plugin_lecture/environment/path.sh
[14.292s] -- Installing: /home/shodayuto/research/ros_ws/install/ignition_plugin_lecture/share/ignition_plugin_lecture/environment/path.dsv
[14.292s] -- Installing: /home/shodayuto/research/ros_ws/install/ignition_plugin_lecture/share/ignition_plugin_lecture/local_setup.bash
[14.292s] -- Installing: /home/shodayuto/research/ros_ws/install/ignition_plugin_lecture/share/ignition_plugin_lecture/local_setup.sh
[14.293s] -- Installing: /home/shodayuto/research/ros_ws/install/ignition_plugin_lecture/share/ignition_plugin_lecture/local_setup.zsh
[14.293s] -- Installing: /home/shodayuto/research/ros_ws/install/ignition_plugin_lecture/share/ignition_plugin_lecture/local_setup.dsv
[14.293s] -- Installing: /home/shodayuto/research/ros_ws/install/ignition_plugin_lecture/share/ignition_plugin_lecture/package.dsv
[14.293s] -- Installing: /home/shodayuto/research/ros_ws/install/ignition_plugin_lecture/share/ament_index/resource_index/packages/ignition_plugin_lecture
[14.293s] -- Installing: /home/shodayuto/research/ros_ws/install/ignition_plugin_lecture/share/ignition_plugin_lecture/cmake/ignition_plugin_lectureConfig.cmake
[14.293s] -- Installing: /home/shodayuto/research/ros_ws/install/ignition_plugin_lecture/share/ignition_plugin_lecture/cmake/ignition_plugin_lectureConfig-version.cmake
[14.294s] -- Installing: /home/shodayuto/research/ros_ws/install/ignition_plugin_lecture/share/ignition_plugin_lecture/package.xml
[14.296s] Invoked command in '/home/shodayuto/research/ros_ws/build/ignition_plugin_lecture' returned '0': CMAKE_PREFIX_PATH=${CMAKE_PREFIX_PATH}:/opt/ros/humble /usr/bin/cmake --install /home/shodayuto/research/ros_ws/build/ignition_plugin_lecture
