[0.008s] Invoking command in '/home/shodayuto/research/ros_ws/build/ignition_plugin_lecture': CMAKE_PREFIX_PATH=${CMAKE_PREFIX_PATH}:/opt/ros/humble /usr/bin/cmake /home/shodayuto/research/ros_ws/src/ignition_plugin_lecture -DCMAKE_INSTALL_PREFIX=/home/shodayuto/research/ros_ws/install/ignition_plugin_lecture
[0.046s] -- The C compiler identification is GNU 11.4.0
[0.087s] -- The CXX compiler identification is GNU 11.4.0
[0.093s] -- Detecting C compiler ABI info
[0.142s] -- Detecting C compiler ABI info - done
[0.153s] -- Check for working C compiler: /usr/bin/cc - skipped
[0.153s] -- Detecting C compile features
[0.153s] -- Detecting C compile features - done
[0.157s] -- Detecting CXX compiler ABI info
[0.218s] -- Detecting CXX compiler ABI info - done
[0.225s] -- Check for working CXX compiler: /usr/bin/c++ - skipped
[0.225s] -- Detecting CXX compile features
[0.226s] -- Detecting CXX compile features - done
[0.228s] -- Found ament_cmake: 1.3.11 (/opt/ros/humble/share/ament_cmake/cmake)
[0.350s] -- Found Python3: /usr/bin/python3 (found version "3.10.12") found components: Interpreter 
[0.425s] -- Looking for ignition-plugin1 -- found version 1.4.0
[0.430s] -- Searching for dependencies of ignition-plugin1
[0.430s] -- Searching for <ignition-plugin1> component [register]
[0.432s] -- Looking for ignition-plugin1-register -- found version 1.4.0
[0.432s] -- Searching for dependencies of ignition-plugin1-register
[0.434s] -- Looking for ignition-gazebo6 -- found version 6.17.0
[0.435s] -- Searching for dependencies of ignition-gazebo6
[0.436s] -- Looking for sdformat12 -- found version 12.8.0
[0.437s] -- Searching for dependencies of sdformat12
[0.440s] -- Checking for module 'tinyxml2'
[0.448s] --   Found tinyxml2, version 9.0.0
[0.473s] -- Looking for ignition-math6 -- found version 6.15.1
[0.474s] -- Searching for dependencies of ignition-math6
[0.476s] -- Looking for ignition-utils1 -- found version 1.5.1
[0.476s] -- Searching for dependencies of ignition-utils1
[0.477s] -- Looking for ignition-plugin1 -- found version 1.4.0
[0.478s] -- Searching for dependencies of ignition-plugin1
[0.478s] -- Searching for <ignition-plugin1> component [loader]
[0.480s] -- Looking for ignition-plugin1-loader -- found version 1.4.0
[0.480s] -- Searching for dependencies of ignition-plugin1-loader
[0.480s] -- Searching for <ignition-plugin1> component [register]
[0.482s] -- Looking for ignition-transport11 -- found version 11.4.1
[0.483s] -- Searching for dependencies of ignition-transport11
[0.612s] -- Found Protobuf: /usr/lib/x86_64-linux-gnu/libprotobuf.so (found version "3.12.4") 
[0.621s] -- Config-file not installed for ZeroMQ -- checking for pkg-config
[0.625s] -- Checking for module 'libzmq >= 4'
[0.633s] --   Found libzmq , version 4.3.4
[0.655s] -- Found ZeroMQ: TRUE (Required is at least version "4") 
[0.659s] -- Checking for module 'uuid'
[0.667s] --   Found uuid, version 2.37.2
[0.686s] -- Found UUID: TRUE  
[0.686s] -- Looking for ignition-utils1 -- found version 1.5.1
[0.686s] -- Searching for dependencies of ignition-utils1
[0.687s] -- Searching for <ignition-utils1> component [cli]
[0.689s] -- Looking for ignition-utils1-cli -- found version 1.5.1
[0.689s] -- Searching for dependencies of ignition-utils1-cli
[0.691s] -- Looking for ignition-msgs8 -- found version 8.7.0
[0.692s] -- Searching for dependencies of ignition-msgs8
[0.707s] -- Found Protobuf: /usr/lib/x86_64-linux-gnu/libprotobuf.so (found suitable version "3.12.4", minimum required is "3") 
[0.707s] -- Looking for ignition-math6 -- found version 6.15.1
[0.716s] -- Searching for <ignition-transport11> component [log]
[0.718s] -- Looking for ignition-transport11-log -- found version 11.4.1
[0.718s] -- Searching for dependencies of ignition-transport11-log
[0.719s] -- Searching for <ignition-transport11> component [parameters]
[0.720s] -- Looking for ignition-transport11-parameters -- found version 11.4.1
[0.721s] -- Searching for dependencies of ignition-transport11-parameters
[0.722s] -- Looking for ignition-msgs8 -- found version 8.7.0
[0.724s] -- Looking for ignition-common4 -- found version 4.7.0
[0.724s] -- Searching for dependencies of ignition-common4
[0.725s] -- Looking for dlfcn.h - found
[0.725s] -- Looking for libdl - found
[0.726s] -- Found DL: TRUE  
[0.733s] -- Searching for <ignition-common4> component [profiler]
[0.736s] -- Looking for ignition-common4-profiler -- found version 4.7.0
[0.737s] -- Searching for dependencies of ignition-common4-profiler
[0.737s] -- Searching for <ignition-common4> component [events]
[0.739s] -- Looking for ignition-common4-events -- found version 4.7.0
[0.740s] -- Searching for dependencies of ignition-common4-events
[0.740s] -- Looking for ignition-math6 -- found version 6.15.1
[0.740s] -- Searching for <ignition-common4> component [av]
[0.742s] -- Looking for ignition-common4-av -- found version 4.7.0
[0.743s] -- Searching for dependencies of ignition-common4-av
[0.746s] -- Checking for module 'libswscale'
[0.755s] --   Found libswscale, version 5.9.100
[0.776s] -- Found SWSCALE: TRUE  
[0.780s] -- Checking for module 'libavdevice >= 56.4.100'
[0.788s] --   Found libavdevice , version 58.13.100
[0.811s] -- Found AVDEVICE: TRUE (Required is at least version "56.4.100") 
[0.814s] -- Checking for module 'libavformat'
[0.822s] --   Found libavformat, version 58.76.100
[0.843s] -- Found AVFORMAT: TRUE  
[0.847s] -- Checking for module 'libavcodec'
[0.855s] --   Found libavcodec, version 58.134.100
[0.876s] -- Found AVCODEC: TRUE  
[0.880s] -- Checking for module 'libavutil'
[0.888s] --   Found libavutil, version 56.70.100
[0.909s] -- Found AVUTIL: TRUE  
[0.911s] -- Looking for ignition-fuel_tools7 -- found version 7.3.1
[0.911s] -- Searching for dependencies of ignition-fuel_tools7
[0.965s] -- Found CURL: /usr/lib/x86_64-linux-gnu/libcurl.so (found version "7.81.0")  
[0.971s] -- Checking for module 'jsoncpp'
[0.980s] --   Found jsoncpp, version 1.9.5
[1.000s] -- Found JSONCPP: TRUE  
[1.005s] -- Checking for module 'libzip'
[1.013s] --   Found libzip, version 1.7.3
[1.034s] -- Found ZIP: TRUE  
[1.035s] -- Looking for ignition-common4 -- found version 4.7.0
[1.035s] -- Looking for ignition-math6 -- found version 6.15.1
[1.035s] -- Looking for ignition-msgs8 -- found version 8.7.0
[1.038s] -- Looking for ignition-gui6 -- found version 6.8.0
[1.038s] -- Searching for dependencies of ignition-gui6
[1.059s] -- Looking for ignition-math6 -- found version 6.15.1
[1.059s] -- Looking for ignition-common4 -- found version 4.7.0
[1.060s] -- Looking for ignition-plugin1 -- found version 1.4.0
[1.060s] -- Looking for ignition-transport11 -- found version 11.4.1
[1.062s] -- Looking for ignition-rendering6 -- found version 6.6.3
[1.062s] -- Searching for dependencies of ignition-rendering6
[1.062s] -- Looking for ignition-math6 -- found version 6.15.1
[1.063s] -- Searching for dependencies of ignition-math6
[1.063s] -- Searching for <ignition-math6> component [eigen3]
[1.065s] -- Looking for ignition-math6-eigen3 -- found version 6.15.1
[1.065s] -- Searching for dependencies of ignition-math6-eigen3
[1.071s] -- Looking for ignition-common4 -- found version 4.7.0
[1.071s] -- Searching for dependencies of ignition-common4
[1.071s] -- Looking for dlfcn.h - found
[1.071s] -- Looking for libdl - found
[1.078s] -- Searching for <ignition-common4> component [graphics]
[1.080s] -- Looking for ignition-common4-graphics -- found version 4.7.0
[1.080s] -- Searching for dependencies of ignition-common4-graphics
[1.080s] -- Looking for ignition-math6 -- found version 6.15.1
[1.081s] -- Looking for ignition-utils1 -- found version 1.5.1
[1.081s] -- Searching for <ignition-common4> component [events]
[1.082s] -- Looking for ignition-plugin1 -- found version 1.4.0
[1.082s] -- Searching for dependencies of ignition-plugin1
[1.082s] -- Searching for <ignition-plugin1> component [all]
[1.084s] -- Looking for all libraries of ignition-plugin1 -- found version 1.4.0
[1.084s] -- Looking for ignition-plugin1 -- found version 1.4.0
[1.086s] -- Looking for ignition-msgs8 -- found version 8.7.0
[1.103s] -- Looking for ignition-physics5 -- found version 5.3.2
[1.104s] -- Searching for dependencies of ignition-physics5
[1.104s] -- Looking for ignition-math6 -- found version 6.15.1
[1.104s] -- Looking for ignition-plugin1 -- found version 1.4.0
[1.104s] -- Looking for ignition-utils1 -- found version 1.5.1
[1.105s] -- Searching for <ignition-physics5> component [heightmap]
[1.107s] -- Looking for ignition-physics5-heightmap -- found version 5.3.2
[1.108s] -- Searching for dependencies of ignition-physics5-heightmap
[1.108s] -- Looking for ignition-common4 -- found version 4.7.0
[1.108s] -- Searching for <ignition-physics5> component [mesh]
[1.110s] -- Looking for ignition-physics5-mesh -- found version 5.3.2
[1.110s] -- Searching for dependencies of ignition-physics5-mesh
[1.111s] -- Looking for ignition-common4 -- found version 4.7.0
[1.111s] -- Searching for <ignition-physics5> component [sdf]
[1.113s] -- Looking for ignition-physics5-sdf -- found version 5.3.2
[1.113s] -- Searching for dependencies of ignition-physics5-sdf
[1.114s] -- Looking for sdformat12 -- found version 12.8.0
[1.116s] -- Looking for ignition-sensors6 -- found version 6.8.1
[1.116s] -- Searching for dependencies of ignition-sensors6
[1.131s] -- Found Protobuf: /usr/lib/x86_64-linux-gnu/libprotobuf.so (found version "3.12.4") 
[1.132s] -- Looking for ignition-math6 -- found version 6.15.1
[1.132s] -- Looking for ignition-common4 -- found version 4.7.0
[1.132s] -- Looking for ignition-transport11 -- found version 11.4.1
[1.133s] -- Looking for ignition-rendering6 -- found version 6.6.3
[1.133s] -- Looking for ignition-msgs8 -- found version 8.7.0
[1.133s] -- Looking for sdformat12 -- found version 12.8.0
[1.134s] -- Searching for <ignition-sensors6> component [air_pressure]
[1.136s] -- Looking for ignition-sensors6-air_pressure -- found version 6.8.1
[1.136s] -- Searching for dependencies of ignition-sensors6-air_pressure
[1.137s] -- Searching for <ignition-sensors6> component [altimeter]
[1.138s] -- Looking for ignition-sensors6-altimeter -- found version 6.8.1
[1.139s] -- Searching for dependencies of ignition-sensors6-altimeter
[1.139s] -- Searching for <ignition-sensors6> component [imu]
[1.141s] -- Looking for ignition-sensors6-imu -- found version 6.8.1
[1.141s] -- Searching for dependencies of ignition-sensors6-imu
[1.142s] -- Searching for <ignition-sensors6> component [force_torque]
[1.144s] -- Looking for ignition-sensors6-force_torque -- found version 6.8.1
[1.144s] -- Searching for dependencies of ignition-sensors6-force_torque
[1.144s] -- Searching for <ignition-sensors6> component [logical_camera]
[1.146s] -- Looking for ignition-sensors6-logical_camera -- found version 6.8.1
[1.147s] -- Searching for dependencies of ignition-sensors6-logical_camera
[1.147s] -- Searching for <ignition-sensors6> component [magnetometer]
[1.149s] -- Looking for ignition-sensors6-magnetometer -- found version 6.8.1
[1.149s] -- Searching for dependencies of ignition-sensors6-magnetometer
[1.150s] -- Searching for <ignition-sensors6> component [navsat]
[1.151s] -- Looking for ignition-sensors6-navsat -- found version 6.8.1
[1.152s] -- Searching for dependencies of ignition-sensors6-navsat
[1.152s] -- Searching for <ignition-sensors6> component [rendering]
[1.154s] -- Looking for ignition-sensors6-rendering -- found version 6.8.1
[1.155s] -- Searching for dependencies of ignition-sensors6-rendering
[1.155s] -- Searching for <ignition-sensors6> component [lidar]
[1.157s] -- Looking for ignition-sensors6-lidar -- found version 6.8.1
[1.157s] -- Searching for dependencies of ignition-sensors6-lidar
[1.157s] -- Looking for ignition-sensors6 -- found version 6.8.1
[1.158s] -- Searching for <ignition-sensors6> component [gpu_lidar]
[1.160s] -- Looking for ignition-sensors6-gpu_lidar -- found version 6.8.1
[1.160s] -- Searching for dependencies of ignition-sensors6-gpu_lidar
[1.160s] -- Looking for ignition-sensors6 -- found version 6.8.1
[1.161s] -- Searching for <ignition-sensors6> component [camera]
[1.162s] -- Looking for ignition-sensors6-camera -- found version 6.8.1
[1.163s] -- Searching for dependencies of ignition-sensors6-camera
[1.163s] -- Looking for ignition-sensors6 -- found version 6.8.1
[1.163s] -- Searching for <ignition-sensors6> component [boundingbox_camera]
[1.165s] -- Looking for ignition-sensors6-boundingbox_camera -- found version 6.8.1
[1.165s] -- Searching for dependencies of ignition-sensors6-boundingbox_camera
[1.166s] -- Searching for <ignition-sensors6> component [segmentation_camera]
[1.168s] -- Looking for ignition-sensors6-segmentation_camera -- found version 6.8.1
[1.168s] -- Searching for dependencies of ignition-sensors6-segmentation_camera
[1.169s] -- Searching for <ignition-sensors6> component [depth_camera]
[1.171s] -- Looking for ignition-sensors6-depth_camera -- found version 6.8.1
[1.172s] -- Searching for dependencies of ignition-sensors6-depth_camera
[1.172s] -- Looking for ignition-sensors6 -- found version 6.8.1
[1.172s] -- Searching for <ignition-sensors6> component [rgbd_camera]
[1.175s] -- Looking for ignition-sensors6-rgbd_camera -- found version 6.8.1
[1.175s] -- Searching for dependencies of ignition-sensors6-rgbd_camera
[1.175s] -- Looking for ignition-sensors6 -- found version 6.8.1
[1.176s] -- Searching for <ignition-sensors6> component [thermal_camera]
[1.178s] -- Looking for ignition-sensors6-thermal_camera -- found version 6.8.1
[1.178s] -- Searching for dependencies of ignition-sensors6-thermal_camera
[1.179s] -- Looking for ignition-sensors6 -- found version 6.8.1
[1.180s] -- Looking for ignition-rendering6 -- found version 6.6.3
[1.180s] -- Looking for ignition-math6 -- found version 6.15.1
[1.182s] -- Looking for ignition-utils1 -- found version 1.5.1
[1.255s] -- Configuring done
[1.270s] -- Generating done
[1.273s] -- Build files have been written to: /home/shodayuto/research/ros_ws/build/ignition_plugin_lecture
[1.284s] Invoked command in '/home/shodayuto/research/ros_ws/build/ignition_plugin_lecture' returned '0': CMAKE_PREFIX_PATH=${CMAKE_PREFIX_PATH}:/opt/ros/humble /usr/bin/cmake /home/shodayuto/research/ros_ws/src/ignition_plugin_lecture -DCMAKE_INSTALL_PREFIX=/home/shodayuto/research/ros_ws/install/ignition_plugin_lecture
[1.285s] Invoking command in '/home/shodayuto/research/ros_ws/build/ignition_plugin_lecture': CMAKE_PREFIX_PATH=${CMAKE_PREFIX_PATH}:/opt/ros/humble /usr/bin/cmake --build /home/shodayuto/research/ros_ws/build/ignition_plugin_lecture -- -j8 -l8
[1.319s] [ 10%] [34m[1mAutomatic MOC for target SwitchPanel[0m
[1.319s] [ 20%] [34m[1mAutomatic MOC for target RotateAxis[0m
[1.340s] [ 20%] Built target RotateAxis_autogen
[1.354s] [ 40%] [32mBuilding CXX object CMakeFiles/RotateAxis.dir/src/rotate_axis/rotate_axis.cpp.o[0m
[1.355s] [ 40%] [32mBuilding CXX object CMakeFiles/RotateAxis.dir/RotateAxis_autogen/mocs_compilation.cpp.o[0m
[2.656s] [ 40%] Built target SwitchPanel_autogen
[2.663s] [ 50%] [34m[1mGenerating qrc_SwitchPanel.cpp[0m
[2.679s] [ 80%] [32mBuilding CXX object CMakeFiles/SwitchPanel.dir/SwitchPanel_autogen/mocs_compilation.cpp.o[0m
[2.679s] [ 80%] [32mBuilding CXX object CMakeFiles/SwitchPanel.dir/qrc_SwitchPanel.cpp.o[0m
[2.679s] [ 80%] [32mBuilding CXX object CMakeFiles/SwitchPanel.dir/src/switch_panel/SwitchPanel.cpp.o[0m
[7.779s] [ 90%] [32m[1mLinking CXX shared library libRotateAxis.so[0m
[8.098s] [ 90%] Built target RotateAxis
[9.138s] [100%] [32m[1mLinking CXX shared library libSwitchPanel.so[0m
[9.399s] [100%] Built target SwitchPanel
[9.411s] Invoked command in '/home/shodayuto/research/ros_ws/build/ignition_plugin_lecture' returned '0': CMAKE_PREFIX_PATH=${CMAKE_PREFIX_PATH}:/opt/ros/humble /usr/bin/cmake --build /home/shodayuto/research/ros_ws/build/ignition_plugin_lecture -- -j8 -l8
[9.412s] Invoking command in '/home/shodayuto/research/ros_ws/build/ignition_plugin_lecture': CMAKE_PREFIX_PATH=${CMAKE_PREFIX_PATH}:/opt/ros/humble /usr/bin/cmake --install /home/shodayuto/research/ros_ws/build/ignition_plugin_lecture
[9.417s] -- Install configuration: ""
[9.417s] -- Installing: /home/shodayuto/research/ros_ws/install/ignition_plugin_lecture/lib/libSwitchPanel.so
[9.418s] -- Installing: /home/shodayuto/research/ros_ws/install/ignition_plugin_lecture/lib/libRotateAxis.so
[9.420s] -- Installing: /home/shodayuto/research/ros_ws/install/ignition_plugin_lecture/share/ignition_plugin_lecture/environment/ignition_plugin_lecture.dsv
[9.420s] -- Installing: /home/shodayuto/research/ros_ws/install/ignition_plugin_lecture/share/ament_index/resource_index/package_run_dependencies/ignition_plugin_lecture
[9.420s] -- Installing: /home/shodayuto/research/ros_ws/install/ignition_plugin_lecture/share/ament_index/resource_index/parent_prefix_path/ignition_plugin_lecture
[9.420s] -- Installing: /home/shodayuto/research/ros_ws/install/ignition_plugin_lecture/share/ignition_plugin_lecture/environment/ament_prefix_path.sh
[9.420s] -- Installing: /home/shodayuto/research/ros_ws/install/ignition_plugin_lecture/share/ignition_plugin_lecture/environment/ament_prefix_path.dsv
[9.420s] -- Installing: /home/shodayuto/research/ros_ws/install/ignition_plugin_lecture/share/ignition_plugin_lecture/environment/path.sh
[9.420s] -- Installing: /home/shodayuto/research/ros_ws/install/ignition_plugin_lecture/share/ignition_plugin_lecture/environment/path.dsv
[9.420s] -- Installing: /home/shodayuto/research/ros_ws/install/ignition_plugin_lecture/share/ignition_plugin_lecture/local_setup.bash
[9.420s] -- Installing: /home/shodayuto/research/ros_ws/install/ignition_plugin_lecture/share/ignition_plugin_lecture/local_setup.sh
[9.421s] -- Installing: /home/shodayuto/research/ros_ws/install/ignition_plugin_lecture/share/ignition_plugin_lecture/local_setup.zsh
[9.421s] -- Installing: /home/shodayuto/research/ros_ws/install/ignition_plugin_lecture/share/ignition_plugin_lecture/local_setup.dsv
[9.421s] -- Installing: /home/shodayuto/research/ros_ws/install/ignition_plugin_lecture/share/ignition_plugin_lecture/package.dsv
[9.421s] -- Installing: /home/shodayuto/research/ros_ws/install/ignition_plugin_lecture/share/ament_index/resource_index/packages/ignition_plugin_lecture
[9.421s] -- Installing: /home/shodayuto/research/ros_ws/install/ignition_plugin_lecture/share/ignition_plugin_lecture/cmake/ignition_plugin_lectureConfig.cmake
[9.421s] -- Installing: /home/shodayuto/research/ros_ws/install/ignition_plugin_lecture/share/ignition_plugin_lecture/cmake/ignition_plugin_lectureConfig-version.cmake
[9.421s] -- Installing: /home/shodayuto/research/ros_ws/install/ignition_plugin_lecture/share/ignition_plugin_lecture/package.xml
[9.423s] Invoked command in '/home/shodayuto/research/ros_ws/build/ignition_plugin_lecture' returned '0': CMAKE_PREFIX_PATH=${CMAKE_PREFIX_PATH}:/opt/ros/humble /usr/bin/cmake --install /home/shodayuto/research/ros_ws/build/ignition_plugin_lecture
