[0.127s] DEBUG:colcon:Command line arguments: ['/usr/bin/colcon', 'build']
[0.127s] DEBUG:colcon:Parsed command line arguments: Namespace(log_base=None, log_level=None, verb_name='build', build_base='build', install_base='install', merge_install=False, symlink_install=False, test_result_base=None, continue_on_error=False, executor='parallel', parallel_workers=8, event_handlers=None, ignore_user_meta=False, metas=['./colcon.meta'], base_paths=['.'], packages_ignore=None, packages_ignore_regex=None, paths=None, packages_up_to=None, packages_up_to_regex=None, packages_above=None, packages_above_and_dependencies=None, packages_above_depth=None, packages_select_by_dep=None, packages_skip_by_dep=None, packages_skip_up_to=None, packages_select_build_failed=False, packages_skip_build_finished=False, packages_select_test_failures=False, packages_skip_test_passed=False, packages_select=None, packages_skip=None, packages_select_regex=None, packages_skip_regex=None, packages_start=None, packages_end=None, allow_overriding=[], cmake_args=None, cmake_target=None, cmake_target_skip_unavailable=False, cmake_clean_cache=False, cmake_clean_first=False, cmake_force_configure=False, ament_cmake_args=None, catkin_cmake_args=None, catkin_skip_building_tests=False, mixin_files=None, mixin=None, verb_parser=<colcon_mixin.mixin.mixin_argument.MixinArgumentDecorator object at 0x72c62cb71630>, verb_extension=<colcon_core.verb.build.BuildVerb object at 0x72c62cad8a00>, main=<bound method BuildVerb.main of <colcon_core.verb.build.BuildVerb object at 0x72c62cad8a00>>, mixin_verb=('build',))
[0.266s] Level 1:colcon.colcon_core.package_discovery:discover_packages(colcon_meta) check parameters
[0.266s] Level 1:colcon.colcon_core.package_discovery:discover_packages(recursive) check parameters
[0.266s] Level 1:colcon.colcon_core.package_discovery:discover_packages(ignore) check parameters
[0.266s] Level 1:colcon.colcon_core.package_discovery:discover_packages(path) check parameters
[0.266s] Level 1:colcon.colcon_core.package_discovery:discover_packages(colcon_meta) discover
[0.266s] Level 1:colcon.colcon_core.package_discovery:discover_packages(recursive) discover
[0.266s] INFO:colcon.colcon_core.package_discovery:Crawling recursively for packages in '/home/shodayuto/ros_ws'
[0.266s] Level 1:colcon.colcon_core.package_identification:_identify(.) by extensions ['ignore', 'ignore_ament_install']
[0.266s] Level 1:colcon.colcon_core.package_identification:_identify(.) by extension 'ignore'
[0.266s] Level 1:colcon.colcon_core.package_identification:_identify(.) by extension 'ignore_ament_install'
[0.267s] Level 1:colcon.colcon_core.package_identification:_identify(.) by extensions ['colcon_pkg']
[0.267s] Level 1:colcon.colcon_core.package_identification:_identify(.) by extension 'colcon_pkg'
[0.267s] Level 1:colcon.colcon_core.package_identification:_identify(.) by extensions ['colcon_meta']
[0.267s] Level 1:colcon.colcon_core.package_identification:_identify(.) by extension 'colcon_meta'
[0.267s] Level 1:colcon.colcon_core.package_identification:_identify(.) by extensions ['ros']
[0.267s] Level 1:colcon.colcon_core.package_identification:_identify(.) by extension 'ros'
[0.275s] Level 1:colcon.colcon_core.package_identification:_identify(.) by extensions ['cmake', 'python']
[0.275s] Level 1:colcon.colcon_core.package_identification:_identify(.) by extension 'cmake'
[0.275s] Level 1:colcon.colcon_core.package_identification:_identify(.) by extension 'python'
[0.275s] Level 1:colcon.colcon_core.package_identification:_identify(.) by extensions ['python_setup_py']
[0.275s] Level 1:colcon.colcon_core.package_identification:_identify(.) by extension 'python_setup_py'
[0.275s] Level 1:colcon.colcon_core.package_identification:_identify(build) by extensions ['ignore', 'ignore_ament_install']
[0.275s] Level 1:colcon.colcon_core.package_identification:_identify(build) by extension 'ignore'
[0.275s] Level 1:colcon.colcon_core.package_identification:_identify(build) ignored
[0.275s] Level 1:colcon.colcon_core.package_identification:_identify(install) by extensions ['ignore', 'ignore_ament_install']
[0.275s] Level 1:colcon.colcon_core.package_identification:_identify(install) by extension 'ignore'
[0.275s] Level 1:colcon.colcon_core.package_identification:_identify(install) ignored
[0.275s] Level 1:colcon.colcon_core.package_identification:_identify(log) by extensions ['ignore', 'ignore_ament_install']
[0.275s] Level 1:colcon.colcon_core.package_identification:_identify(log) by extension 'ignore'
[0.275s] Level 1:colcon.colcon_core.package_identification:_identify(log) ignored
[0.275s] Level 1:colcon.colcon_core.package_identification:_identify(src) by extensions ['ignore', 'ignore_ament_install']
[0.275s] Level 1:colcon.colcon_core.package_identification:_identify(src) by extension 'ignore'
[0.275s] Level 1:colcon.colcon_core.package_identification:_identify(src) by extension 'ignore_ament_install'
[0.275s] Level 1:colcon.colcon_core.package_identification:_identify(src) by extensions ['colcon_pkg']
[0.275s] Level 1:colcon.colcon_core.package_identification:_identify(src) by extension 'colcon_pkg'
[0.275s] Level 1:colcon.colcon_core.package_identification:_identify(src) by extensions ['colcon_meta']
[0.275s] Level 1:colcon.colcon_core.package_identification:_identify(src) by extension 'colcon_meta'
[0.276s] Level 1:colcon.colcon_core.package_identification:_identify(src) by extensions ['ros']
[0.276s] Level 1:colcon.colcon_core.package_identification:_identify(src) by extension 'ros'
[0.276s] Level 1:colcon.colcon_core.package_identification:_identify(src) by extensions ['cmake', 'python']
[0.276s] Level 1:colcon.colcon_core.package_identification:_identify(src) by extension 'cmake'
[0.276s] Level 1:colcon.colcon_core.package_identification:_identify(src) by extension 'python'
[0.276s] Level 1:colcon.colcon_core.package_identification:_identify(src) by extensions ['python_setup_py']
[0.276s] Level 1:colcon.colcon_core.package_identification:_identify(src) by extension 'python_setup_py'
[0.276s] Level 1:colcon.colcon_core.package_identification:_identify(src/ignition_lecture) by extensions ['ignore', 'ignore_ament_install']
[0.276s] Level 1:colcon.colcon_core.package_identification:_identify(src/ignition_lecture) by extension 'ignore'
[0.276s] Level 1:colcon.colcon_core.package_identification:_identify(src/ignition_lecture) by extension 'ignore_ament_install'
[0.276s] Level 1:colcon.colcon_core.package_identification:_identify(src/ignition_lecture) by extensions ['colcon_pkg']
[0.276s] Level 1:colcon.colcon_core.package_identification:_identify(src/ignition_lecture) by extension 'colcon_pkg'
[0.276s] Level 1:colcon.colcon_core.package_identification:_identify(src/ignition_lecture) by extensions ['colcon_meta']
[0.276s] Level 1:colcon.colcon_core.package_identification:_identify(src/ignition_lecture) by extension 'colcon_meta'
[0.276s] Level 1:colcon.colcon_core.package_identification:_identify(src/ignition_lecture) by extensions ['ros']
[0.276s] Level 1:colcon.colcon_core.package_identification:_identify(src/ignition_lecture) by extension 'ros'
[0.278s] DEBUG:colcon.colcon_core.package_identification:Package 'src/ignition_lecture' with type 'ros.ament_cmake' and name 'ignition_lecture'
[0.278s] Level 1:colcon.colcon_core.package_identification:_identify(src/ignition_plugin_lecture) by extensions ['ignore', 'ignore_ament_install']
[0.278s] Level 1:colcon.colcon_core.package_identification:_identify(src/ignition_plugin_lecture) by extension 'ignore'
[0.278s] Level 1:colcon.colcon_core.package_identification:_identify(src/ignition_plugin_lecture) by extension 'ignore_ament_install'
[0.278s] Level 1:colcon.colcon_core.package_identification:_identify(src/ignition_plugin_lecture) by extensions ['colcon_pkg']
[0.278s] Level 1:colcon.colcon_core.package_identification:_identify(src/ignition_plugin_lecture) by extension 'colcon_pkg'
[0.278s] Level 1:colcon.colcon_core.package_identification:_identify(src/ignition_plugin_lecture) by extensions ['colcon_meta']
[0.278s] Level 1:colcon.colcon_core.package_identification:_identify(src/ignition_plugin_lecture) by extension 'colcon_meta'
[0.279s] Level 1:colcon.colcon_core.package_identification:_identify(src/ignition_plugin_lecture) by extensions ['ros']
[0.279s] Level 1:colcon.colcon_core.package_identification:_identify(src/ignition_plugin_lecture) by extension 'ros'
[0.279s] DEBUG:colcon.colcon_core.package_identification:Package 'src/ignition_plugin_lecture' with type 'ros.ament_cmake' and name 'ignition_plugin_lecture'
[0.279s] Level 1:colcon.colcon_core.package_discovery:discover_packages(recursive) using defaults
[0.279s] Level 1:colcon.colcon_core.package_discovery:discover_packages(ignore) discover
[0.279s] Level 1:colcon.colcon_core.package_discovery:discover_packages(ignore) using defaults
[0.279s] Level 1:colcon.colcon_core.package_discovery:discover_packages(path) discover
[0.279s] Level 1:colcon.colcon_core.package_discovery:discover_packages(path) using defaults
[0.303s] Level 1:colcon.colcon_core.package_discovery:discover_packages(prefix_path) check parameters
[0.303s] Level 1:colcon.colcon_core.package_discovery:discover_packages(prefix_path) discover
[0.304s] WARNING:colcon.colcon_ros.prefix_path.ament:The path '/home/shodayuto/ros_ws/install/ignition_plugin_lecture' in the environment variable AMENT_PREFIX_PATH doesn't exist
[0.304s] WARNING:colcon.colcon_ros.prefix_path.ament:The path '/home/shodayuto/ros_ws/install/ignition_lecture' in the environment variable AMENT_PREFIX_PATH doesn't exist
[0.305s] WARNING:colcon.colcon_ros.prefix_path.catkin:The path '/home/shodayuto/ros_ws/install/ignition_plugin_lecture' in the environment variable CMAKE_PREFIX_PATH doesn't exist
[0.305s] WARNING:colcon.colcon_ros.prefix_path.catkin:The path '/home/shodayuto/ros_ws/install/ignition_lecture' in the environment variable CMAKE_PREFIX_PATH doesn't exist
[0.306s] DEBUG:colcon.colcon_installed_package_information.package_discovery:Found 0 installed packages in /home/shodayuto/ros_ws/install
[0.306s] DEBUG:colcon.colcon_installed_package_information.package_discovery:Found 16 installed packages in /home/shodayuto/turtlebot3_ws/install
[0.307s] DEBUG:colcon.colcon_installed_package_information.package_discovery:Found 351 installed packages in /opt/ros/humble
[0.309s] Level 1:colcon.colcon_core.package_discovery:discover_packages(prefix_path) using defaults
[0.346s] Level 5:colcon.colcon_core.verb:set package 'ignition_lecture' build argument 'cmake_args' from command line to 'None'
[0.346s] Level 5:colcon.colcon_core.verb:set package 'ignition_lecture' build argument 'cmake_target' from command line to 'None'
[0.346s] Level 5:colcon.colcon_core.verb:set package 'ignition_lecture' build argument 'cmake_target_skip_unavailable' from command line to 'False'
[0.346s] Level 5:colcon.colcon_core.verb:set package 'ignition_lecture' build argument 'cmake_clean_cache' from command line to 'False'
[0.346s] Level 5:colcon.colcon_core.verb:set package 'ignition_lecture' build argument 'cmake_clean_first' from command line to 'False'
[0.346s] Level 5:colcon.colcon_core.verb:set package 'ignition_lecture' build argument 'cmake_force_configure' from command line to 'False'
[0.346s] Level 5:colcon.colcon_core.verb:set package 'ignition_lecture' build argument 'ament_cmake_args' from command line to 'None'
[0.346s] Level 5:colcon.colcon_core.verb:set package 'ignition_lecture' build argument 'catkin_cmake_args' from command line to 'None'
[0.346s] Level 5:colcon.colcon_core.verb:set package 'ignition_lecture' build argument 'catkin_skip_building_tests' from command line to 'False'
[0.346s] DEBUG:colcon.colcon_core.verb:Building package 'ignition_lecture' with the following arguments: {'ament_cmake_args': None, 'build_base': '/home/shodayuto/ros_ws/build/ignition_lecture', 'catkin_cmake_args': None, 'catkin_skip_building_tests': False, 'cmake_args': None, 'cmake_clean_cache': False, 'cmake_clean_first': False, 'cmake_force_configure': False, 'cmake_target': None, 'cmake_target_skip_unavailable': False, 'install_base': '/home/shodayuto/ros_ws/install/ignition_lecture', 'merge_install': False, 'path': '/home/shodayuto/ros_ws/src/ignition_lecture', 'symlink_install': False, 'test_result_base': None}
[0.347s] Level 5:colcon.colcon_core.verb:set package 'ignition_plugin_lecture' build argument 'cmake_args' from command line to 'None'
[0.347s] Level 5:colcon.colcon_core.verb:set package 'ignition_plugin_lecture' build argument 'cmake_target' from command line to 'None'
[0.347s] Level 5:colcon.colcon_core.verb:set package 'ignition_plugin_lecture' build argument 'cmake_target_skip_unavailable' from command line to 'False'
[0.347s] Level 5:colcon.colcon_core.verb:set package 'ignition_plugin_lecture' build argument 'cmake_clean_cache' from command line to 'False'
[0.347s] Level 5:colcon.colcon_core.verb:set package 'ignition_plugin_lecture' build argument 'cmake_clean_first' from command line to 'False'
[0.347s] Level 5:colcon.colcon_core.verb:set package 'ignition_plugin_lecture' build argument 'cmake_force_configure' from command line to 'False'
[0.347s] Level 5:colcon.colcon_core.verb:set package 'ignition_plugin_lecture' build argument 'ament_cmake_args' from command line to 'None'
[0.347s] Level 5:colcon.colcon_core.verb:set package 'ignition_plugin_lecture' build argument 'catkin_cmake_args' from command line to 'None'
[0.347s] Level 5:colcon.colcon_core.verb:set package 'ignition_plugin_lecture' build argument 'catkin_skip_building_tests' from command line to 'False'
[0.347s] DEBUG:colcon.colcon_core.verb:Building package 'ignition_plugin_lecture' with the following arguments: {'ament_cmake_args': None, 'build_base': '/home/shodayuto/ros_ws/build/ignition_plugin_lecture', 'catkin_cmake_args': None, 'catkin_skip_building_tests': False, 'cmake_args': None, 'cmake_clean_cache': False, 'cmake_clean_first': False, 'cmake_force_configure': False, 'cmake_target': None, 'cmake_target_skip_unavailable': False, 'install_base': '/home/shodayuto/ros_ws/install/ignition_plugin_lecture', 'merge_install': False, 'path': '/home/shodayuto/ros_ws/src/ignition_plugin_lecture', 'symlink_install': False, 'test_result_base': None}
[0.347s] INFO:colcon.colcon_core.executor:Executing jobs using 'parallel' executor
[0.348s] DEBUG:colcon.colcon_parallel_executor.executor.parallel:run_until_complete
[0.348s] INFO:colcon.colcon_ros.task.ament_cmake.build:Building ROS package in '/home/shodayuto/ros_ws/src/ignition_lecture' with build type 'ament_cmake'
[0.348s] INFO:colcon.colcon_cmake.task.cmake.build:Building CMake package in '/home/shodayuto/ros_ws/src/ignition_lecture'
[0.352s] INFO:colcon.colcon_core.plugin_system:Skipping extension 'colcon_core.shell.bat': Not used on non-Windows systems
[0.352s] INFO:colcon.colcon_core.shell:Skip shell extension 'powershell' for command environment: Not usable outside of PowerShell
[0.352s] DEBUG:colcon.colcon_core.shell:Skip shell extension 'dsv' for command environment
[0.355s] INFO:colcon.colcon_ros.task.ament_cmake.build:Building ROS package in '/home/shodayuto/ros_ws/src/ignition_plugin_lecture' with build type 'ament_cmake'
[0.355s] INFO:colcon.colcon_cmake.task.cmake.build:Building CMake package in '/home/shodayuto/ros_ws/src/ignition_plugin_lecture'
[0.355s] INFO:colcon.colcon_core.shell:Skip shell extension 'powershell' for command environment: Not usable outside of PowerShell
[0.355s] DEBUG:colcon.colcon_core.shell:Skip shell extension 'dsv' for command environment
[0.362s] DEBUG:colcon.colcon_core.event_handler.log_command:Invoking command in '/home/shodayuto/ros_ws/build/ignition_lecture': CMAKE_PREFIX_PATH=${CMAKE_PREFIX_PATH}:/home/shodayuto/turtlebot3_ws/install/turtlebot3_teleop:/home/shodayuto/turtlebot3_ws/install/turtlebot3_example:/opt/ros/humble /usr/bin/cmake /home/shodayuto/ros_ws/src/ignition_lecture -DCMAKE_INSTALL_PREFIX=/home/shodayuto/ros_ws/install/ignition_lecture
[0.364s] DEBUG:colcon.colcon_core.event_handler.log_command:Invoking command in '/home/shodayuto/ros_ws/build/ignition_plugin_lecture': CMAKE_PREFIX_PATH=${CMAKE_PREFIX_PATH}:/home/shodayuto/turtlebot3_ws/install/turtlebot3_teleop:/home/shodayuto/turtlebot3_ws/install/turtlebot3_example:/opt/ros/humble /usr/bin/cmake /home/shodayuto/ros_ws/src/ignition_plugin_lecture -DCMAKE_INSTALL_PREFIX=/home/shodayuto/ros_ws/install/ignition_plugin_lecture
[0.939s] DEBUG:colcon.colcon_core.event_handler.log_command:Invoked command in '/home/shodayuto/ros_ws/build/ignition_lecture' returned '0': CMAKE_PREFIX_PATH=${CMAKE_PREFIX_PATH}:/home/shodayuto/turtlebot3_ws/install/turtlebot3_teleop:/home/shodayuto/turtlebot3_ws/install/turtlebot3_example:/opt/ros/humble /usr/bin/cmake /home/shodayuto/ros_ws/src/ignition_lecture -DCMAKE_INSTALL_PREFIX=/home/shodayuto/ros_ws/install/ignition_lecture
[0.940s] DEBUG:colcon.colcon_core.event_handler.log_command:Invoking command in '/home/shodayuto/ros_ws/build/ignition_lecture': CMAKE_PREFIX_PATH=${CMAKE_PREFIX_PATH}:/home/shodayuto/turtlebot3_ws/install/turtlebot3_teleop:/home/shodayuto/turtlebot3_ws/install/turtlebot3_example:/opt/ros/humble /usr/bin/cmake --build /home/shodayuto/ros_ws/build/ignition_lecture -- -j8 -l8
[0.967s] DEBUG:colcon.colcon_core.event_handler.log_command:Invoked command in '/home/shodayuto/ros_ws/build/ignition_lecture' returned '0': CMAKE_PREFIX_PATH=${CMAKE_PREFIX_PATH}:/home/shodayuto/turtlebot3_ws/install/turtlebot3_teleop:/home/shodayuto/turtlebot3_ws/install/turtlebot3_example:/opt/ros/humble /usr/bin/cmake --build /home/shodayuto/ros_ws/build/ignition_lecture -- -j8 -l8
[0.974s] DEBUG:colcon.colcon_core.event_handler.log_command:Invoking command in '/home/shodayuto/ros_ws/build/ignition_lecture': CMAKE_PREFIX_PATH=${CMAKE_PREFIX_PATH}:/home/shodayuto/turtlebot3_ws/install/turtlebot3_teleop:/home/shodayuto/turtlebot3_ws/install/turtlebot3_example:/opt/ros/humble /usr/bin/cmake --install /home/shodayuto/ros_ws/build/ignition_lecture
[0.983s] Level 1:colcon.colcon_core.environment:create_environment_scripts_only(ignition_lecture)
[0.983s] DEBUG:colcon.colcon_core.event_handler.log_command:Invoked command in '/home/shodayuto/ros_ws/build/ignition_lecture' returned '0': CMAKE_PREFIX_PATH=${CMAKE_PREFIX_PATH}:/home/shodayuto/turtlebot3_ws/install/turtlebot3_teleop:/home/shodayuto/turtlebot3_ws/install/turtlebot3_example:/opt/ros/humble /usr/bin/cmake --install /home/shodayuto/ros_ws/build/ignition_lecture
[0.986s] Level 1:colcon.colcon_core.environment:checking '/home/shodayuto/ros_ws/install/ignition_lecture' for CMake module files
[0.987s] Level 1:colcon.colcon_core.environment:checking '/home/shodayuto/ros_ws/install/ignition_lecture' for CMake config files
[0.987s] Level 1:colcon.colcon_core.shell:create_environment_hook('ignition_lecture', 'cmake_prefix_path')
[0.987s] INFO:colcon.colcon_core.shell:Creating environment hook '/home/shodayuto/ros_ws/install/ignition_lecture/share/ignition_lecture/hook/cmake_prefix_path.ps1'
[0.988s] INFO:colcon.colcon_core.shell:Creating environment descriptor '/home/shodayuto/ros_ws/install/ignition_lecture/share/ignition_lecture/hook/cmake_prefix_path.dsv'
[0.988s] INFO:colcon.colcon_core.shell:Creating environment hook '/home/shodayuto/ros_ws/install/ignition_lecture/share/ignition_lecture/hook/cmake_prefix_path.sh'
[0.989s] Level 1:colcon.colcon_core.environment:checking '/home/shodayuto/ros_ws/install/ignition_lecture/bin'
[0.989s] Level 1:colcon.colcon_core.environment:checking '/home/shodayuto/ros_ws/install/ignition_lecture/lib/pkgconfig/ignition_lecture.pc'
[0.989s] Level 1:colcon.colcon_core.environment:checking '/home/shodayuto/ros_ws/install/ignition_lecture/lib/python3.10/site-packages'
[0.989s] Level 1:colcon.colcon_core.environment:checking '/home/shodayuto/ros_ws/install/ignition_lecture/bin'
[0.989s] INFO:colcon.colcon_core.shell:Creating package script '/home/shodayuto/ros_ws/install/ignition_lecture/share/ignition_lecture/package.ps1'
[0.990s] INFO:colcon.colcon_core.shell:Creating package descriptor '/home/shodayuto/ros_ws/install/ignition_lecture/share/ignition_lecture/package.dsv'
[0.990s] INFO:colcon.colcon_core.shell:Creating package script '/home/shodayuto/ros_ws/install/ignition_lecture/share/ignition_lecture/package.sh'
[0.991s] INFO:colcon.colcon_core.shell:Creating package script '/home/shodayuto/ros_ws/install/ignition_lecture/share/ignition_lecture/package.bash'
[0.991s] INFO:colcon.colcon_core.shell:Creating package script '/home/shodayuto/ros_ws/install/ignition_lecture/share/ignition_lecture/package.zsh'
[0.992s] Level 1:colcon.colcon_core.environment:create_file_with_runtime_dependencies(/home/shodayuto/ros_ws/install/ignition_lecture/share/colcon-core/packages/ignition_lecture)
[0.993s] Level 1:colcon.colcon_core.environment:create_environment_scripts_only(ignition_lecture)
[0.993s] Level 1:colcon.colcon_core.environment:checking '/home/shodayuto/ros_ws/install/ignition_lecture' for CMake module files
[0.993s] Level 1:colcon.colcon_core.environment:checking '/home/shodayuto/ros_ws/install/ignition_lecture' for CMake config files
[0.993s] Level 1:colcon.colcon_core.shell:create_environment_hook('ignition_lecture', 'cmake_prefix_path')
[0.993s] INFO:colcon.colcon_core.shell:Creating environment hook '/home/shodayuto/ros_ws/install/ignition_lecture/share/ignition_lecture/hook/cmake_prefix_path.ps1'
[0.994s] INFO:colcon.colcon_core.shell:Creating environment descriptor '/home/shodayuto/ros_ws/install/ignition_lecture/share/ignition_lecture/hook/cmake_prefix_path.dsv'
[0.994s] INFO:colcon.colcon_core.shell:Creating environment hook '/home/shodayuto/ros_ws/install/ignition_lecture/share/ignition_lecture/hook/cmake_prefix_path.sh'
[0.994s] Level 1:colcon.colcon_core.environment:checking '/home/shodayuto/ros_ws/install/ignition_lecture/bin'
[0.994s] Level 1:colcon.colcon_core.environment:checking '/home/shodayuto/ros_ws/install/ignition_lecture/lib/pkgconfig/ignition_lecture.pc'
[0.995s] Level 1:colcon.colcon_core.environment:checking '/home/shodayuto/ros_ws/install/ignition_lecture/lib/python3.10/site-packages'
[0.995s] Level 1:colcon.colcon_core.environment:checking '/home/shodayuto/ros_ws/install/ignition_lecture/bin'
[0.995s] INFO:colcon.colcon_core.shell:Creating package script '/home/shodayuto/ros_ws/install/ignition_lecture/share/ignition_lecture/package.ps1'
[0.995s] INFO:colcon.colcon_core.shell:Creating package descriptor '/home/shodayuto/ros_ws/install/ignition_lecture/share/ignition_lecture/package.dsv'
[0.996s] INFO:colcon.colcon_core.shell:Creating package script '/home/shodayuto/ros_ws/install/ignition_lecture/share/ignition_lecture/package.sh'
[0.996s] INFO:colcon.colcon_core.shell:Creating package script '/home/shodayuto/ros_ws/install/ignition_lecture/share/ignition_lecture/package.bash'
[0.996s] INFO:colcon.colcon_core.shell:Creating package script '/home/shodayuto/ros_ws/install/ignition_lecture/share/ignition_lecture/package.zsh'
[0.997s] Level 1:colcon.colcon_core.environment:create_file_with_runtime_dependencies(/home/shodayuto/ros_ws/install/ignition_lecture/share/colcon-core/packages/ignition_lecture)
[1.708s] DEBUG:colcon.colcon_core.event_handler.log_command:Invoked command in '/home/shodayuto/ros_ws/build/ignition_plugin_lecture' returned '0': CMAKE_PREFIX_PATH=${CMAKE_PREFIX_PATH}:/home/shodayuto/turtlebot3_ws/install/turtlebot3_teleop:/home/shodayuto/turtlebot3_ws/install/turtlebot3_example:/opt/ros/humble /usr/bin/cmake /home/shodayuto/ros_ws/src/ignition_plugin_lecture -DCMAKE_INSTALL_PREFIX=/home/shodayuto/ros_ws/install/ignition_plugin_lecture
[1.709s] DEBUG:colcon.colcon_core.event_handler.log_command:Invoking command in '/home/shodayuto/ros_ws/build/ignition_plugin_lecture': CMAKE_PREFIX_PATH=${CMAKE_PREFIX_PATH}:/home/shodayuto/turtlebot3_ws/install/turtlebot3_teleop:/home/shodayuto/turtlebot3_ws/install/turtlebot3_example:/opt/ros/humble /usr/bin/cmake --build /home/shodayuto/ros_ws/build/ignition_plugin_lecture -- -j8 -l8
[9.176s] DEBUG:colcon.colcon_core.event_handler.log_command:Invoked command in '/home/shodayuto/ros_ws/build/ignition_plugin_lecture' returned '0': CMAKE_PREFIX_PATH=${CMAKE_PREFIX_PATH}:/home/shodayuto/turtlebot3_ws/install/turtlebot3_teleop:/home/shodayuto/turtlebot3_ws/install/turtlebot3_example:/opt/ros/humble /usr/bin/cmake --build /home/shodayuto/ros_ws/build/ignition_plugin_lecture -- -j8 -l8
[9.177s] DEBUG:colcon.colcon_core.event_handler.log_command:Invoking command in '/home/shodayuto/ros_ws/build/ignition_plugin_lecture': CMAKE_PREFIX_PATH=${CMAKE_PREFIX_PATH}:/home/shodayuto/turtlebot3_ws/install/turtlebot3_teleop:/home/shodayuto/turtlebot3_ws/install/turtlebot3_example:/opt/ros/humble /usr/bin/cmake --install /home/shodayuto/ros_ws/build/ignition_plugin_lecture
[9.186s] Level 1:colcon.colcon_core.environment:create_environment_scripts_only(ignition_plugin_lecture)
[9.187s] Level 1:colcon.colcon_core.environment:checking '/home/shodayuto/ros_ws/install/ignition_plugin_lecture' for CMake module files
[9.187s] DEBUG:colcon.colcon_core.event_handler.log_command:Invoked command in '/home/shodayuto/ros_ws/build/ignition_plugin_lecture' returned '0': CMAKE_PREFIX_PATH=${CMAKE_PREFIX_PATH}:/home/shodayuto/turtlebot3_ws/install/turtlebot3_teleop:/home/shodayuto/turtlebot3_ws/install/turtlebot3_example:/opt/ros/humble /usr/bin/cmake --install /home/shodayuto/ros_ws/build/ignition_plugin_lecture
[9.187s] Level 1:colcon.colcon_core.environment:checking '/home/shodayuto/ros_ws/install/ignition_plugin_lecture' for CMake config files
[9.187s] Level 1:colcon.colcon_core.shell:create_environment_hook('ignition_plugin_lecture', 'cmake_prefix_path')
[9.187s] INFO:colcon.colcon_core.shell:Creating environment hook '/home/shodayuto/ros_ws/install/ignition_plugin_lecture/share/ignition_plugin_lecture/hook/cmake_prefix_path.ps1'
[9.188s] INFO:colcon.colcon_core.shell:Creating environment descriptor '/home/shodayuto/ros_ws/install/ignition_plugin_lecture/share/ignition_plugin_lecture/hook/cmake_prefix_path.dsv'
[9.188s] INFO:colcon.colcon_core.shell:Creating environment hook '/home/shodayuto/ros_ws/install/ignition_plugin_lecture/share/ignition_plugin_lecture/hook/cmake_prefix_path.sh'
[9.188s] Level 1:colcon.colcon_core.environment:checking '/home/shodayuto/ros_ws/install/ignition_plugin_lecture/lib'
[9.188s] Level 1:colcon.colcon_core.shell:create_environment_hook('ignition_plugin_lecture', 'ld_library_path_lib')
[9.189s] INFO:colcon.colcon_core.shell:Creating environment hook '/home/shodayuto/ros_ws/install/ignition_plugin_lecture/share/ignition_plugin_lecture/hook/ld_library_path_lib.ps1'
[9.189s] INFO:colcon.colcon_core.shell:Creating environment descriptor '/home/shodayuto/ros_ws/install/ignition_plugin_lecture/share/ignition_plugin_lecture/hook/ld_library_path_lib.dsv'
[9.189s] INFO:colcon.colcon_core.shell:Creating environment hook '/home/shodayuto/ros_ws/install/ignition_plugin_lecture/share/ignition_plugin_lecture/hook/ld_library_path_lib.sh'
[9.189s] Level 1:colcon.colcon_core.environment:checking '/home/shodayuto/ros_ws/install/ignition_plugin_lecture/bin'
[9.189s] Level 1:colcon.colcon_core.environment:checking '/home/shodayuto/ros_ws/install/ignition_plugin_lecture/lib/pkgconfig/ignition_plugin_lecture.pc'
[9.190s] Level 1:colcon.colcon_core.environment:checking '/home/shodayuto/ros_ws/install/ignition_plugin_lecture/lib/python3.10/site-packages'
[9.190s] Level 1:colcon.colcon_core.environment:checking '/home/shodayuto/ros_ws/install/ignition_plugin_lecture/bin'
[9.190s] INFO:colcon.colcon_core.shell:Creating package script '/home/shodayuto/ros_ws/install/ignition_plugin_lecture/share/ignition_plugin_lecture/package.ps1'
[9.190s] INFO:colcon.colcon_core.shell:Creating package descriptor '/home/shodayuto/ros_ws/install/ignition_plugin_lecture/share/ignition_plugin_lecture/package.dsv'
[9.191s] INFO:colcon.colcon_core.shell:Creating package script '/home/shodayuto/ros_ws/install/ignition_plugin_lecture/share/ignition_plugin_lecture/package.sh'
[9.191s] INFO:colcon.colcon_core.shell:Creating package script '/home/shodayuto/ros_ws/install/ignition_plugin_lecture/share/ignition_plugin_lecture/package.bash'
[9.191s] INFO:colcon.colcon_core.shell:Creating package script '/home/shodayuto/ros_ws/install/ignition_plugin_lecture/share/ignition_plugin_lecture/package.zsh'
[9.191s] Level 1:colcon.colcon_core.environment:create_file_with_runtime_dependencies(/home/shodayuto/ros_ws/install/ignition_plugin_lecture/share/colcon-core/packages/ignition_plugin_lecture)
[9.192s] Level 1:colcon.colcon_core.environment:create_environment_scripts_only(ignition_plugin_lecture)
[9.192s] Level 1:colcon.colcon_core.environment:checking '/home/shodayuto/ros_ws/install/ignition_plugin_lecture' for CMake module files
[9.192s] Level 1:colcon.colcon_core.environment:checking '/home/shodayuto/ros_ws/install/ignition_plugin_lecture' for CMake config files
[9.193s] Level 1:colcon.colcon_core.shell:create_environment_hook('ignition_plugin_lecture', 'cmake_prefix_path')
[9.193s] INFO:colcon.colcon_core.shell:Creating environment hook '/home/shodayuto/ros_ws/install/ignition_plugin_lecture/share/ignition_plugin_lecture/hook/cmake_prefix_path.ps1'
[9.193s] INFO:colcon.colcon_core.shell:Creating environment descriptor '/home/shodayuto/ros_ws/install/ignition_plugin_lecture/share/ignition_plugin_lecture/hook/cmake_prefix_path.dsv'
[9.193s] INFO:colcon.colcon_core.shell:Creating environment hook '/home/shodayuto/ros_ws/install/ignition_plugin_lecture/share/ignition_plugin_lecture/hook/cmake_prefix_path.sh'
[9.194s] Level 1:colcon.colcon_core.environment:checking '/home/shodayuto/ros_ws/install/ignition_plugin_lecture/lib'
[9.194s] Level 1:colcon.colcon_core.shell:create_environment_hook('ignition_plugin_lecture', 'ld_library_path_lib')
[9.194s] INFO:colcon.colcon_core.shell:Creating environment hook '/home/shodayuto/ros_ws/install/ignition_plugin_lecture/share/ignition_plugin_lecture/hook/ld_library_path_lib.ps1'
[9.194s] INFO:colcon.colcon_core.shell:Creating environment descriptor '/home/shodayuto/ros_ws/install/ignition_plugin_lecture/share/ignition_plugin_lecture/hook/ld_library_path_lib.dsv'
[9.194s] INFO:colcon.colcon_core.shell:Creating environment hook '/home/shodayuto/ros_ws/install/ignition_plugin_lecture/share/ignition_plugin_lecture/hook/ld_library_path_lib.sh'
[9.195s] Level 1:colcon.colcon_core.environment:checking '/home/shodayuto/ros_ws/install/ignition_plugin_lecture/bin'
[9.195s] Level 1:colcon.colcon_core.environment:checking '/home/shodayuto/ros_ws/install/ignition_plugin_lecture/lib/pkgconfig/ignition_plugin_lecture.pc'
[9.195s] Level 1:colcon.colcon_core.environment:checking '/home/shodayuto/ros_ws/install/ignition_plugin_lecture/lib/python3.10/site-packages'
[9.195s] Level 1:colcon.colcon_core.environment:checking '/home/shodayuto/ros_ws/install/ignition_plugin_lecture/bin'
[9.195s] INFO:colcon.colcon_core.shell:Creating package script '/home/shodayuto/ros_ws/install/ignition_plugin_lecture/share/ignition_plugin_lecture/package.ps1'
[9.196s] INFO:colcon.colcon_core.shell:Creating package descriptor '/home/shodayuto/ros_ws/install/ignition_plugin_lecture/share/ignition_plugin_lecture/package.dsv'
[9.196s] INFO:colcon.colcon_core.shell:Creating package script '/home/shodayuto/ros_ws/install/ignition_plugin_lecture/share/ignition_plugin_lecture/package.sh'
[9.197s] INFO:colcon.colcon_core.shell:Creating package script '/home/shodayuto/ros_ws/install/ignition_plugin_lecture/share/ignition_plugin_lecture/package.bash'
[9.197s] INFO:colcon.colcon_core.shell:Creating package script '/home/shodayuto/ros_ws/install/ignition_plugin_lecture/share/ignition_plugin_lecture/package.zsh'
[9.197s] Level 1:colcon.colcon_core.environment:create_file_with_runtime_dependencies(/home/shodayuto/ros_ws/install/ignition_plugin_lecture/share/colcon-core/packages/ignition_plugin_lecture)
[9.197s] DEBUG:colcon.colcon_parallel_executor.executor.parallel:closing loop
[9.198s] DEBUG:colcon.colcon_parallel_executor.executor.parallel:loop closed
[9.198s] DEBUG:colcon.colcon_parallel_executor.executor.parallel:run_until_complete finished with '0'
[9.198s] DEBUG:colcon.colcon_core.event_reactor:joining thread
[9.204s] INFO:colcon.colcon_core.plugin_system:Skipping extension 'colcon_notification.desktop_notification.terminal_notifier': Not used on non-Darwin systems
[9.204s] INFO:colcon.colcon_core.plugin_system:Skipping extension 'colcon_notification.desktop_notification.win32': Not used on non-Windows systems
[9.204s] INFO:colcon.colcon_notification.desktop_notification:Sending desktop notification using 'notify2'
[9.213s] DEBUG:colcon.colcon_core.event_reactor:joined thread
[9.213s] INFO:colcon.colcon_core.shell:Creating prefix script '/home/shodayuto/ros_ws/install/local_setup.ps1'
[9.214s] INFO:colcon.colcon_core.shell:Creating prefix util module '/home/shodayuto/ros_ws/install/_local_setup_util_ps1.py'
[9.215s] INFO:colcon.colcon_core.shell:Creating prefix chain script '/home/shodayuto/ros_ws/install/setup.ps1'
[9.216s] INFO:colcon.colcon_core.shell:Creating prefix script '/home/shodayuto/ros_ws/install/local_setup.sh'
[9.217s] INFO:colcon.colcon_core.shell:Creating prefix util module '/home/shodayuto/ros_ws/install/_local_setup_util_sh.py'
[9.217s] INFO:colcon.colcon_core.shell:Creating prefix chain script '/home/shodayuto/ros_ws/install/setup.sh'
[9.218s] INFO:colcon.colcon_core.shell:Creating prefix script '/home/shodayuto/ros_ws/install/local_setup.bash'
[9.218s] INFO:colcon.colcon_core.shell:Creating prefix chain script '/home/shodayuto/ros_ws/install/setup.bash'
[9.220s] INFO:colcon.colcon_core.shell:Creating prefix script '/home/shodayuto/ros_ws/install/local_setup.zsh'
[9.220s] INFO:colcon.colcon_core.shell:Creating prefix chain script '/home/shodayuto/ros_ws/install/setup.zsh'
