[0.008s] Invoking command in '/home/shodayuto/ros_ws/build/ignition_plugin_lecture': CMAKE_PREFIX_PATH=${CMAKE_PREFIX_PATH}:/home/shodayuto/turtlebot3_ws/install/turtlebot3_teleop:/home/shodayuto/turtlebot3_ws/install/turtlebot3_example:/opt/ros/humble /usr/bin/cmake /home/shodayuto/ros_ws/src/ignition_plugin_lecture -DCMAKE_INSTALL_PREFIX=/home/shodayuto/ros_ws/install/ignition_plugin_lecture
[0.073s] -- The C compiler identification is GNU 11.4.0
[0.142s] -- The CXX compiler identification is GNU 11.4.0
[0.147s] -- Detecting C compiler ABI info
[0.195s] -- Detecting C compiler ABI info - done
[0.206s] -- Check for working C compiler: /usr/bin/cc - skipped
[0.206s] -- Detecting C compile features
[0.207s] -- Detecting C compile features - done
[0.210s] -- Detecting CXX compiler ABI info
[0.273s] -- Detecting CXX compiler ABI info - done
[0.279s] -- Check for working CXX compiler: /usr/bin/c++ - skipped
[0.279s] -- Detecting CXX compile features
[0.280s] -- Detecting CXX compile features - done
[0.282s] -- Found ament_cmake: 1.3.11 (/opt/ros/humble/share/ament_cmake/cmake)
[0.409s] -- Found Python3: /usr/bin/python3 (found version "3.10.12") found components: Interpreter 
[0.491s] -- Looking for ignition-plugin1 -- found version 1.4.0
[0.496s] -- Searching for dependencies of ignition-plugin1
[0.496s] -- Searching for <ignition-plugin1> component [register]
[0.498s] -- Looking for ignition-plugin1-register -- found version 1.4.0
[0.499s] -- Searching for dependencies of ignition-plugin1-register
[0.501s] -- Looking for ignition-gazebo6 -- found version 6.17.0
[0.502s] -- Searching for dependencies of ignition-gazebo6
[0.504s] -- Looking for sdformat12 -- found version 12.8.0
[0.504s] -- Searching for dependencies of sdformat12
[0.508s] -- Checking for module 'tinyxml2'
[0.516s] --   Found tinyxml2, version 9.0.0
[0.540s] -- Looking for ignition-math6 -- found version 6.15.1
[0.540s] -- Searching for dependencies of ignition-math6
[0.543s] -- Looking for ignition-utils1 -- found version 1.5.1
[0.543s] -- Searching for dependencies of ignition-utils1
[0.544s] -- Looking for ignition-plugin1 -- found version 1.4.0
[0.544s] -- Searching for dependencies of ignition-plugin1
[0.544s] -- Searching for <ignition-plugin1> component [loader]
[0.547s] -- Looking for ignition-plugin1-loader -- found version 1.4.0
[0.547s] -- Searching for dependencies of ignition-plugin1-loader
[0.547s] -- Searching for <ignition-plugin1> component [register]
[0.550s] -- Looking for ignition-transport11 -- found version 11.4.1
[0.550s] -- Searching for dependencies of ignition-transport11
[0.673s] -- Found Protobuf: /usr/lib/x86_64-linux-gnu/libprotobuf.so (found version "3.12.4") 
[0.682s] -- Config-file not installed for ZeroMQ -- checking for pkg-config
[0.686s] -- Checking for module 'libzmq >= 4'
[0.694s] --   Found libzmq , version 4.3.4
[0.715s] -- Found ZeroMQ: TRUE (Required is at least version "4") 
[0.719s] -- Checking for module 'uuid'
[0.728s] --   Found uuid, version 2.37.2
[0.747s] -- Found UUID: TRUE  
[0.748s] -- Looking for ignition-utils1 -- found version 1.5.1
[0.748s] -- Searching for dependencies of ignition-utils1
[0.748s] -- Searching for <ignition-utils1> component [cli]
[0.750s] -- Looking for ignition-utils1-cli -- found version 1.5.1
[0.751s] -- Searching for dependencies of ignition-utils1-cli
[0.753s] -- Looking for ignition-msgs8 -- found version 8.7.0
[0.753s] -- Searching for dependencies of ignition-msgs8
[0.767s] -- Found Protobuf: /usr/lib/x86_64-linux-gnu/libprotobuf.so (found suitable version "3.12.4", minimum required is "3") 
[0.768s] -- Looking for ignition-math6 -- found version 6.15.1
[0.776s] -- Searching for <ignition-transport11> component [log]
[0.778s] -- Looking for ignition-transport11-log -- found version 11.4.1
[0.779s] -- Searching for dependencies of ignition-transport11-log
[0.779s] -- Searching for <ignition-transport11> component [parameters]
[0.781s] -- Looking for ignition-transport11-parameters -- found version 11.4.1
[0.781s] -- Searching for dependencies of ignition-transport11-parameters
[0.782s] -- Looking for ignition-msgs8 -- found version 8.7.0
[0.784s] -- Looking for ignition-common4 -- found version 4.7.0
[0.785s] -- Searching for dependencies of ignition-common4
[0.785s] -- Looking for dlfcn.h - found
[0.786s] -- Looking for libdl - found
[0.786s] -- Found DL: TRUE  
[0.793s] -- Searching for <ignition-common4> component [profiler]
[0.795s] -- Looking for ignition-common4-profiler -- found version 4.7.0
[0.796s] -- Searching for dependencies of ignition-common4-profiler
[0.796s] -- Searching for <ignition-common4> component [events]
[0.798s] -- Looking for ignition-common4-events -- found version 4.7.0
[0.799s] -- Searching for dependencies of ignition-common4-events
[0.799s] -- Looking for ignition-math6 -- found version 6.15.1
[0.799s] -- Searching for <ignition-common4> component [av]
[0.801s] -- Looking for ignition-common4-av -- found version 4.7.0
[0.802s] -- Searching for dependencies of ignition-common4-av
[0.805s] -- Checking for module 'libswscale'
[0.814s] --   Found libswscale, version 5.9.100
[0.834s] -- Found SWSCALE: TRUE  
[0.837s] -- Checking for module 'libavdevice >= 56.4.100'
[0.846s] --   Found libavdevice , version 58.13.100
[0.868s] -- Found AVDEVICE: TRUE (Required is at least version "56.4.100") 
[0.872s] -- Checking for module 'libavformat'
[0.881s] --   Found libavformat, version 58.76.100
[0.903s] -- Found AVFORMAT: TRUE  
[0.906s] -- Checking for module 'libavcodec'
[0.915s] --   Found libavcodec, version 58.134.100
[0.939s] -- Found AVCODEC: TRUE  
[0.943s] -- Checking for module 'libavutil'
[0.951s] --   Found libavutil, version 56.70.100
[0.972s] -- Found AVUTIL: TRUE  
[0.975s] -- Looking for ignition-fuel_tools7 -- found version 7.3.1
[0.976s] -- Searching for dependencies of ignition-fuel_tools7
[1.028s] -- Found CURL: /usr/lib/x86_64-linux-gnu/libcurl.so (found version "7.81.0")  
[1.034s] -- Checking for module 'jsoncpp'
[1.043s] --   Found jsoncpp, version 1.9.5
[1.063s] -- Found JSONCPP: TRUE  
[1.068s] -- Checking for module 'libzip'
[1.077s] --   Found libzip, version 1.7.3
[1.097s] -- Found ZIP: TRUE  
[1.097s] -- Looking for ignition-common4 -- found version 4.7.0
[1.097s] -- Looking for ignition-math6 -- found version 6.15.1
[1.098s] -- Looking for ignition-msgs8 -- found version 8.7.0
[1.100s] -- Looking for ignition-gui6 -- found version 6.8.0
[1.101s] -- Searching for dependencies of ignition-gui6
[1.121s] -- Looking for ignition-math6 -- found version 6.15.1
[1.121s] -- Looking for ignition-common4 -- found version 4.7.0
[1.121s] -- Looking for ignition-plugin1 -- found version 1.4.0
[1.122s] -- Looking for ignition-transport11 -- found version 11.4.1
[1.124s] -- Looking for ignition-rendering6 -- found version 6.6.3
[1.124s] -- Searching for dependencies of ignition-rendering6
[1.125s] -- Looking for ignition-math6 -- found version 6.15.1
[1.125s] -- Searching for dependencies of ignition-math6
[1.125s] -- Searching for <ignition-math6> component [eigen3]
[1.127s] -- Looking for ignition-math6-eigen3 -- found version 6.15.1
[1.127s] -- Searching for dependencies of ignition-math6-eigen3
[1.134s] -- Looking for ignition-common4 -- found version 4.7.0
[1.134s] -- Searching for dependencies of ignition-common4
[1.134s] -- Looking for dlfcn.h - found
[1.134s] -- Looking for libdl - found
[1.141s] -- Searching for <ignition-common4> component [graphics]
[1.143s] -- Looking for ignition-common4-graphics -- found version 4.7.0
[1.144s] -- Searching for dependencies of ignition-common4-graphics
[1.144s] -- Looking for ignition-math6 -- found version 6.15.1
[1.144s] -- Looking for ignition-utils1 -- found version 1.5.1
[1.145s] -- Searching for <ignition-common4> component [events]
[1.145s] -- Looking for ignition-plugin1 -- found version 1.4.0
[1.146s] -- Searching for dependencies of ignition-plugin1
[1.146s] -- Searching for <ignition-plugin1> component [all]
[1.148s] -- Looking for all libraries of ignition-plugin1 -- found version 1.4.0
[1.148s] -- Looking for ignition-plugin1 -- found version 1.4.0
[1.150s] -- Looking for ignition-msgs8 -- found version 8.7.0
[1.167s] -- Looking for ignition-physics5 -- found version 5.3.2
[1.167s] -- Searching for dependencies of ignition-physics5
[1.167s] -- Looking for ignition-math6 -- found version 6.15.1
[1.168s] -- Looking for ignition-plugin1 -- found version 1.4.0
[1.168s] -- Looking for ignition-utils1 -- found version 1.5.1
[1.169s] -- Searching for <ignition-physics5> component [heightmap]
[1.171s] -- Looking for ignition-physics5-heightmap -- found version 5.3.2
[1.171s] -- Searching for dependencies of ignition-physics5-heightmap
[1.171s] -- Looking for ignition-common4 -- found version 4.7.0
[1.172s] -- Searching for <ignition-physics5> component [mesh]
[1.174s] -- Looking for ignition-physics5-mesh -- found version 5.3.2
[1.174s] -- Searching for dependencies of ignition-physics5-mesh
[1.175s] -- Looking for ignition-common4 -- found version 4.7.0
[1.175s] -- Searching for <ignition-physics5> component [sdf]
[1.177s] -- Looking for ignition-physics5-sdf -- found version 5.3.2
[1.177s] -- Searching for dependencies of ignition-physics5-sdf
[1.178s] -- Looking for sdformat12 -- found version 12.8.0
[1.180s] -- Looking for ignition-sensors6 -- found version 6.8.1
[1.181s] -- Searching for dependencies of ignition-sensors6
[1.195s] -- Found Protobuf: /usr/lib/x86_64-linux-gnu/libprotobuf.so (found version "3.12.4") 
[1.195s] -- Looking for ignition-math6 -- found version 6.15.1
[1.195s] -- Looking for ignition-common4 -- found version 4.7.0
[1.196s] -- Looking for ignition-transport11 -- found version 11.4.1
[1.196s] -- Looking for ignition-rendering6 -- found version 6.6.3
[1.196s] -- Looking for ignition-msgs8 -- found version 8.7.0
[1.197s] -- Looking for sdformat12 -- found version 12.8.0
[1.197s] -- Searching for <ignition-sensors6> component [air_pressure]
[1.200s] -- Looking for ignition-sensors6-air_pressure -- found version 6.8.1
[1.200s] -- Searching for dependencies of ignition-sensors6-air_pressure
[1.200s] -- Searching for <ignition-sensors6> component [altimeter]
[1.203s] -- Looking for ignition-sensors6-altimeter -- found version 6.8.1
[1.203s] -- Searching for dependencies of ignition-sensors6-altimeter
[1.204s] -- Searching for <ignition-sensors6> component [imu]
[1.206s] -- Looking for ignition-sensors6-imu -- found version 6.8.1
[1.206s] -- Searching for dependencies of ignition-sensors6-imu
[1.207s] -- Searching for <ignition-sensors6> component [force_torque]
[1.209s] -- Looking for ignition-sensors6-force_torque -- found version 6.8.1
[1.209s] -- Searching for dependencies of ignition-sensors6-force_torque
[1.210s] -- Searching for <ignition-sensors6> component [logical_camera]
[1.212s] -- Looking for ignition-sensors6-logical_camera -- found version 6.8.1
[1.212s] -- Searching for dependencies of ignition-sensors6-logical_camera
[1.213s] -- Searching for <ignition-sensors6> component [magnetometer]
[1.215s] -- Looking for ignition-sensors6-magnetometer -- found version 6.8.1
[1.215s] -- Searching for dependencies of ignition-sensors6-magnetometer
[1.216s] -- Searching for <ignition-sensors6> component [navsat]
[1.218s] -- Looking for ignition-sensors6-navsat -- found version 6.8.1
[1.218s] -- Searching for dependencies of ignition-sensors6-navsat
[1.218s] -- Searching for <ignition-sensors6> component [rendering]
[1.221s] -- Looking for ignition-sensors6-rendering -- found version 6.8.1
[1.221s] -- Searching for dependencies of ignition-sensors6-rendering
[1.221s] -- Searching for <ignition-sensors6> component [lidar]
[1.224s] -- Looking for ignition-sensors6-lidar -- found version 6.8.1
[1.224s] -- Searching for dependencies of ignition-sensors6-lidar
[1.224s] -- Looking for ignition-sensors6 -- found version 6.8.1
[1.225s] -- Searching for <ignition-sensors6> component [gpu_lidar]
[1.227s] -- Looking for ignition-sensors6-gpu_lidar -- found version 6.8.1
[1.227s] -- Searching for dependencies of ignition-sensors6-gpu_lidar
[1.228s] -- Looking for ignition-sensors6 -- found version 6.8.1
[1.228s] -- Searching for <ignition-sensors6> component [camera]
[1.230s] -- Looking for ignition-sensors6-camera -- found version 6.8.1
[1.231s] -- Searching for dependencies of ignition-sensors6-camera
[1.231s] -- Looking for ignition-sensors6 -- found version 6.8.1
[1.231s] -- Searching for <ignition-sensors6> component [boundingbox_camera]
[1.234s] -- Looking for ignition-sensors6-boundingbox_camera -- found version 6.8.1
[1.234s] -- Searching for dependencies of ignition-sensors6-boundingbox_camera
[1.234s] -- Searching for <ignition-sensors6> component [segmentation_camera]
[1.236s] -- Looking for ignition-sensors6-segmentation_camera -- found version 6.8.1
[1.237s] -- Searching for dependencies of ignition-sensors6-segmentation_camera
[1.237s] -- Searching for <ignition-sensors6> component [depth_camera]
[1.239s] -- Looking for ignition-sensors6-depth_camera -- found version 6.8.1
[1.240s] -- Searching for dependencies of ignition-sensors6-depth_camera
[1.240s] -- Looking for ignition-sensors6 -- found version 6.8.1
[1.241s] -- Searching for <ignition-sensors6> component [rgbd_camera]
[1.243s] -- Looking for ignition-sensors6-rgbd_camera -- found version 6.8.1
[1.243s] -- Searching for dependencies of ignition-sensors6-rgbd_camera
[1.243s] -- Looking for ignition-sensors6 -- found version 6.8.1
[1.244s] -- Searching for <ignition-sensors6> component [thermal_camera]
[1.246s] -- Looking for ignition-sensors6-thermal_camera -- found version 6.8.1
[1.246s] -- Searching for dependencies of ignition-sensors6-thermal_camera
[1.246s] -- Looking for ignition-sensors6 -- found version 6.8.1
[1.247s] -- Looking for ignition-rendering6 -- found version 6.6.3
[1.247s] -- Looking for ignition-math6 -- found version 6.15.1
[1.250s] -- Looking for ignition-utils1 -- found version 1.5.1
[1.316s] -- Configuring done
[1.338s] -- Generating done
[1.344s] -- Build files have been written to: /home/shodayuto/ros_ws/build/ignition_plugin_lecture
[1.352s] Invoked command in '/home/shodayuto/ros_ws/build/ignition_plugin_lecture' returned '0': CMAKE_PREFIX_PATH=${CMAKE_PREFIX_PATH}:/home/shodayuto/turtlebot3_ws/install/turtlebot3_teleop:/home/shodayuto/turtlebot3_ws/install/turtlebot3_example:/opt/ros/humble /usr/bin/cmake /home/shodayuto/ros_ws/src/ignition_plugin_lecture -DCMAKE_INSTALL_PREFIX=/home/shodayuto/ros_ws/install/ignition_plugin_lecture
[1.353s] Invoking command in '/home/shodayuto/ros_ws/build/ignition_plugin_lecture': CMAKE_PREFIX_PATH=${CMAKE_PREFIX_PATH}:/home/shodayuto/turtlebot3_ws/install/turtlebot3_teleop:/home/shodayuto/turtlebot3_ws/install/turtlebot3_example:/opt/ros/humble /usr/bin/cmake --build /home/shodayuto/ros_ws/build/ignition_plugin_lecture -- -j8 -l8
[1.388s] [ 20%] [34m[1mAutomatic MOC for target RotateAxis[0m
[1.388s] [ 20%] [34m[1mAutomatic MOC for target SwitchPanel[0m
[1.409s] [ 20%] Built target RotateAxis_autogen
[1.423s] [ 40%] [32mBuilding CXX object CMakeFiles/RotateAxis.dir/src/rotate_axis/rotate_axis.cpp.o[0m
[1.423s] [ 40%] [32mBuilding CXX object CMakeFiles/RotateAxis.dir/RotateAxis_autogen/mocs_compilation.cpp.o[0m
[2.606s] [ 40%] Built target SwitchPanel_autogen
[2.613s] [ 50%] [34m[1mGenerating qrc_SwitchPanel.cpp[0m
[2.628s] [ 80%] [32mBuilding CXX object CMakeFiles/SwitchPanel.dir/qrc_SwitchPanel.cpp.o[0m
[2.629s] [ 80%] [32mBuilding CXX object CMakeFiles/SwitchPanel.dir/SwitchPanel_autogen/mocs_compilation.cpp.o[0m
[2.629s] [ 80%] [32mBuilding CXX object CMakeFiles/SwitchPanel.dir/src/switch_panel/SwitchPanel.cpp.o[0m
[7.366s] [ 90%] [32m[1mLinking CXX shared library libRotateAxis.so[0m
[7.655s] [ 90%] Built target RotateAxis
[8.555s] [100%] [32m[1mLinking CXX shared library libSwitchPanel.so[0m
[8.808s] [100%] Built target SwitchPanel
[8.820s] Invoked command in '/home/shodayuto/ros_ws/build/ignition_plugin_lecture' returned '0': CMAKE_PREFIX_PATH=${CMAKE_PREFIX_PATH}:/home/shodayuto/turtlebot3_ws/install/turtlebot3_teleop:/home/shodayuto/turtlebot3_ws/install/turtlebot3_example:/opt/ros/humble /usr/bin/cmake --build /home/shodayuto/ros_ws/build/ignition_plugin_lecture -- -j8 -l8
[8.821s] Invoking command in '/home/shodayuto/ros_ws/build/ignition_plugin_lecture': CMAKE_PREFIX_PATH=${CMAKE_PREFIX_PATH}:/home/shodayuto/turtlebot3_ws/install/turtlebot3_teleop:/home/shodayuto/turtlebot3_ws/install/turtlebot3_example:/opt/ros/humble /usr/bin/cmake --install /home/shodayuto/ros_ws/build/ignition_plugin_lecture
[8.826s] -- Install configuration: ""
[8.826s] -- Installing: /home/shodayuto/ros_ws/install/ignition_plugin_lecture/lib/libSwitchPanel.so
[8.827s] -- Installing: /home/shodayuto/ros_ws/install/ignition_plugin_lecture/lib/libRotateAxis.so
[8.828s] -- Installing: /home/shodayuto/ros_ws/install/ignition_plugin_lecture/share/ignition_plugin_lecture/environment/ignition_plugin_lecture.dsv
[8.828s] -- Installing: /home/shodayuto/ros_ws/install/ignition_plugin_lecture/share/ament_index/resource_index/package_run_dependencies/ignition_plugin_lecture
[8.828s] -- Installing: /home/shodayuto/ros_ws/install/ignition_plugin_lecture/share/ament_index/resource_index/parent_prefix_path/ignition_plugin_lecture
[8.828s] -- Installing: /home/shodayuto/ros_ws/install/ignition_plugin_lecture/share/ignition_plugin_lecture/environment/ament_prefix_path.sh
[8.828s] -- Installing: /home/shodayuto/ros_ws/install/ignition_plugin_lecture/share/ignition_plugin_lecture/environment/ament_prefix_path.dsv
[8.829s] -- Installing: /home/shodayuto/ros_ws/install/ignition_plugin_lecture/share/ignition_plugin_lecture/environment/path.sh
[8.829s] -- Installing: /home/shodayuto/ros_ws/install/ignition_plugin_lecture/share/ignition_plugin_lecture/environment/path.dsv
[8.829s] -- Installing: /home/shodayuto/ros_ws/install/ignition_plugin_lecture/share/ignition_plugin_lecture/local_setup.bash
[8.829s] -- Installing: /home/shodayuto/ros_ws/install/ignition_plugin_lecture/share/ignition_plugin_lecture/local_setup.sh
[8.829s] -- Installing: /home/shodayuto/ros_ws/install/ignition_plugin_lecture/share/ignition_plugin_lecture/local_setup.zsh
[8.829s] -- Installing: /home/shodayuto/ros_ws/install/ignition_plugin_lecture/share/ignition_plugin_lecture/local_setup.dsv
[8.829s] -- Installing: /home/shodayuto/ros_ws/install/ignition_plugin_lecture/share/ignition_plugin_lecture/package.dsv
[8.829s] -- Installing: /home/shodayuto/ros_ws/install/ignition_plugin_lecture/share/ament_index/resource_index/packages/ignition_plugin_lecture
[8.829s] -- Installing: /home/shodayuto/ros_ws/install/ignition_plugin_lecture/share/ignition_plugin_lecture/cmake/ignition_plugin_lectureConfig.cmake
[8.829s] -- Installing: /home/shodayuto/ros_ws/install/ignition_plugin_lecture/share/ignition_plugin_lecture/cmake/ignition_plugin_lectureConfig-version.cmake
[8.829s] -- Installing: /home/shodayuto/ros_ws/install/ignition_plugin_lecture/share/ignition_plugin_lecture/package.xml
[8.831s] Invoked command in '/home/shodayuto/ros_ws/build/ignition_plugin_lecture' returned '0': CMAKE_PREFIX_PATH=${CMAKE_PREFIX_PATH}:/home/shodayuto/turtlebot3_ws/install/turtlebot3_teleop:/home/shodayuto/turtlebot3_ws/install/turtlebot3_example:/opt/ros/humble /usr/bin/cmake --install /home/shodayuto/ros_ws/build/ignition_plugin_lecture
