[0.234s] DEBUG:colcon:Command line arguments: ['/usr/bin/colcon', 'build']
[0.234s] DEBUG:colcon:Parsed command line arguments: Namespace(log_base=None, log_level=None, verb_name='build', build_base='build', install_base='install', merge_install=False, symlink_install=False, test_result_base=None, continue_on_error=False, executor='parallel', parallel_workers=8, event_handlers=None, ignore_user_meta=False, metas=['./colcon.meta'], base_paths=['.'], packages_ignore=None, packages_ignore_regex=None, paths=None, packages_up_to=None, packages_up_to_regex=None, packages_above=None, packages_above_and_dependencies=None, packages_above_depth=None, packages_select_by_dep=None, packages_skip_by_dep=None, packages_skip_up_to=None, packages_select_build_failed=False, packages_skip_build_finished=False, packages_select_test_failures=False, packages_skip_test_passed=False, packages_select=None, packages_skip=None, packages_select_regex=None, packages_skip_regex=None, packages_start=None, packages_end=None, allow_overriding=[], cmake_args=None, cmake_target=None, cmake_target_skip_unavailable=False, cmake_clean_cache=False, cmake_clean_first=False, cmake_force_configure=False, ament_cmake_args=None, catkin_cmake_args=None, catkin_skip_building_tests=False, mixin_files=None, mixin=None, verb_parser=<colcon_mixin.mixin.mixin_argument.MixinArgumentDecorator object at 0x70fe57884550>, verb_extension=<colcon_core.verb.build.BuildVerb object at 0x70fe578e7010>, main=<bound method BuildVerb.main of <colcon_core.verb.build.BuildVerb object at 0x70fe578e7010>>, mixin_verb=('build',))
[0.492s] Level 1:colcon.colcon_core.package_discovery:discover_packages(colcon_meta) check parameters
[0.492s] Level 1:colcon.colcon_core.package_discovery:discover_packages(recursive) check parameters
[0.492s] Level 1:colcon.colcon_core.package_discovery:discover_packages(ignore) check parameters
[0.492s] Level 1:colcon.colcon_core.package_discovery:discover_packages(path) check parameters
[0.492s] Level 1:colcon.colcon_core.package_discovery:discover_packages(colcon_meta) discover
[0.493s] Level 1:colcon.colcon_core.package_discovery:discover_packages(recursive) discover
[0.493s] INFO:colcon.colcon_core.package_discovery:Crawling recursively for packages in '/home/shodayuto/research/ros_ws'
[0.493s] Level 1:colcon.colcon_core.package_identification:_identify(.) by extensions ['ignore', 'ignore_ament_install']
[0.493s] Level 1:colcon.colcon_core.package_identification:_identify(.) by extension 'ignore'
[0.493s] Level 1:colcon.colcon_core.package_identification:_identify(.) by extension 'ignore_ament_install'
[0.493s] Level 1:colcon.colcon_core.package_identification:_identify(.) by extensions ['colcon_pkg']
[0.493s] Level 1:colcon.colcon_core.package_identification:_identify(.) by extension 'colcon_pkg'
[0.493s] Level 1:colcon.colcon_core.package_identification:_identify(.) by extensions ['colcon_meta']
[0.493s] Level 1:colcon.colcon_core.package_identification:_identify(.) by extension 'colcon_meta'
[0.493s] Level 1:colcon.colcon_core.package_identification:_identify(.) by extensions ['ros']
[0.493s] Level 1:colcon.colcon_core.package_identification:_identify(.) by extension 'ros'
[0.507s] Level 1:colcon.colcon_core.package_identification:_identify(.) by extensions ['cmake', 'python']
[0.507s] Level 1:colcon.colcon_core.package_identification:_identify(.) by extension 'cmake'
[0.507s] Level 1:colcon.colcon_core.package_identification:_identify(.) by extension 'python'
[0.507s] Level 1:colcon.colcon_core.package_identification:_identify(.) by extensions ['python_setup_py']
[0.508s] Level 1:colcon.colcon_core.package_identification:_identify(.) by extension 'python_setup_py'
[0.508s] Level 1:colcon.colcon_core.package_identification:_identify(build) by extensions ['ignore', 'ignore_ament_install']
[0.508s] Level 1:colcon.colcon_core.package_identification:_identify(build) by extension 'ignore'
[0.508s] Level 1:colcon.colcon_core.package_identification:_identify(build) ignored
[0.508s] Level 1:colcon.colcon_core.package_identification:_identify(install) by extensions ['ignore', 'ignore_ament_install']
[0.508s] Level 1:colcon.colcon_core.package_identification:_identify(install) by extension 'ignore'
[0.508s] Level 1:colcon.colcon_core.package_identification:_identify(install) ignored
[0.508s] Level 1:colcon.colcon_core.package_identification:_identify(log) by extensions ['ignore', 'ignore_ament_install']
[0.508s] Level 1:colcon.colcon_core.package_identification:_identify(log) by extension 'ignore'
[0.508s] Level 1:colcon.colcon_core.package_identification:_identify(log) ignored
[0.509s] Level 1:colcon.colcon_core.package_identification:_identify(src) by extensions ['ignore', 'ignore_ament_install']
[0.509s] Level 1:colcon.colcon_core.package_identification:_identify(src) by extension 'ignore'
[0.509s] Level 1:colcon.colcon_core.package_identification:_identify(src) by extension 'ignore_ament_install'
[0.509s] Level 1:colcon.colcon_core.package_identification:_identify(src) by extensions ['colcon_pkg']
[0.509s] Level 1:colcon.colcon_core.package_identification:_identify(src) by extension 'colcon_pkg'
[0.509s] Level 1:colcon.colcon_core.package_identification:_identify(src) by extensions ['colcon_meta']
[0.509s] Level 1:colcon.colcon_core.package_identification:_identify(src) by extension 'colcon_meta'
[0.509s] Level 1:colcon.colcon_core.package_identification:_identify(src) by extensions ['ros']
[0.509s] Level 1:colcon.colcon_core.package_identification:_identify(src) by extension 'ros'
[0.509s] Level 1:colcon.colcon_core.package_identification:_identify(src) by extensions ['cmake', 'python']
[0.509s] Level 1:colcon.colcon_core.package_identification:_identify(src) by extension 'cmake'
[0.509s] Level 1:colcon.colcon_core.package_identification:_identify(src) by extension 'python'
[0.509s] Level 1:colcon.colcon_core.package_identification:_identify(src) by extensions ['python_setup_py']
[0.509s] Level 1:colcon.colcon_core.package_identification:_identify(src) by extension 'python_setup_py'
[0.510s] Level 1:colcon.colcon_core.package_identification:_identify(src/ignition_lecture) by extensions ['ignore', 'ignore_ament_install']
[0.510s] Level 1:colcon.colcon_core.package_identification:_identify(src/ignition_lecture) by extension 'ignore'
[0.510s] Level 1:colcon.colcon_core.package_identification:_identify(src/ignition_lecture) by extension 'ignore_ament_install'
[0.510s] Level 1:colcon.colcon_core.package_identification:_identify(src/ignition_lecture) by extensions ['colcon_pkg']
[0.510s] Level 1:colcon.colcon_core.package_identification:_identify(src/ignition_lecture) by extension 'colcon_pkg'
[0.510s] Level 1:colcon.colcon_core.package_identification:_identify(src/ignition_lecture) by extensions ['colcon_meta']
[0.510s] Level 1:colcon.colcon_core.package_identification:_identify(src/ignition_lecture) by extension 'colcon_meta'
[0.510s] Level 1:colcon.colcon_core.package_identification:_identify(src/ignition_lecture) by extensions ['ros']
[0.510s] Level 1:colcon.colcon_core.package_identification:_identify(src/ignition_lecture) by extension 'ros'
[0.514s] DEBUG:colcon.colcon_core.package_identification:Package 'src/ignition_lecture' with type 'ros.ament_cmake' and name 'ignition_lecture'
[0.514s] Level 1:colcon.colcon_core.package_identification:_identify(src/ignition_plugin_lecture) by extensions ['ignore', 'ignore_ament_install']
[0.514s] Level 1:colcon.colcon_core.package_identification:_identify(src/ignition_plugin_lecture) by extension 'ignore'
[0.514s] Level 1:colcon.colcon_core.package_identification:_identify(src/ignition_plugin_lecture) by extension 'ignore_ament_install'
[0.514s] Level 1:colcon.colcon_core.package_identification:_identify(src/ignition_plugin_lecture) by extensions ['colcon_pkg']
[0.514s] Level 1:colcon.colcon_core.package_identification:_identify(src/ignition_plugin_lecture) by extension 'colcon_pkg'
[0.515s] Level 1:colcon.colcon_core.package_identification:_identify(src/ignition_plugin_lecture) by extensions ['colcon_meta']
[0.515s] Level 1:colcon.colcon_core.package_identification:_identify(src/ignition_plugin_lecture) by extension 'colcon_meta'
[0.515s] Level 1:colcon.colcon_core.package_identification:_identify(src/ignition_plugin_lecture) by extensions ['ros']
[0.515s] Level 1:colcon.colcon_core.package_identification:_identify(src/ignition_plugin_lecture) by extension 'ros'
[0.517s] DEBUG:colcon.colcon_core.package_identification:Package 'src/ignition_plugin_lecture' with type 'ros.ament_cmake' and name 'ignition_plugin_lecture'
[0.517s] Level 1:colcon.colcon_core.package_discovery:discover_packages(recursive) using defaults
[0.517s] Level 1:colcon.colcon_core.package_discovery:discover_packages(ignore) discover
[0.517s] Level 1:colcon.colcon_core.package_discovery:discover_packages(ignore) using defaults
[0.517s] Level 1:colcon.colcon_core.package_discovery:discover_packages(path) discover
[0.517s] Level 1:colcon.colcon_core.package_discovery:discover_packages(path) using defaults
[0.558s] Level 1:colcon.colcon_core.package_discovery:discover_packages(prefix_path) check parameters
[0.558s] Level 1:colcon.colcon_core.package_discovery:discover_packages(prefix_path) discover
[0.562s] WARNING:colcon.colcon_ros.prefix_path.ament:The path '/home/shodayuto/research/ros_ws/install/ignition_plugin_lecture' in the environment variable AMENT_PREFIX_PATH doesn't exist
[0.562s] WARNING:colcon.colcon_ros.prefix_path.ament:The path '/home/shodayuto/research/ros_ws/install/ignition_lecture' in the environment variable AMENT_PREFIX_PATH doesn't exist
[0.562s] WARNING:colcon.colcon_ros.prefix_path.catkin:The path '/home/shodayuto/research/ros_ws/install/ignition_plugin_lecture' in the environment variable CMAKE_PREFIX_PATH doesn't exist
[0.562s] WARNING:colcon.colcon_ros.prefix_path.catkin:The path '/home/shodayuto/research/ros_ws/install/ignition_lecture' in the environment variable CMAKE_PREFIX_PATH doesn't exist
[0.564s] DEBUG:colcon.colcon_installed_package_information.package_discovery:Found 0 installed packages in /home/shodayuto/research/ros_ws/install
[0.567s] DEBUG:colcon.colcon_installed_package_information.package_discovery:Found 462 installed packages in /opt/ros/humble
[0.571s] Level 1:colcon.colcon_core.package_discovery:discover_packages(prefix_path) using defaults
[0.650s] Level 5:colcon.colcon_core.verb:set package 'ignition_lecture' build argument 'cmake_args' from command line to 'None'
[0.650s] Level 5:colcon.colcon_core.verb:set package 'ignition_lecture' build argument 'cmake_target' from command line to 'None'
[0.650s] Level 5:colcon.colcon_core.verb:set package 'ignition_lecture' build argument 'cmake_target_skip_unavailable' from command line to 'False'
[0.650s] Level 5:colcon.colcon_core.verb:set package 'ignition_lecture' build argument 'cmake_clean_cache' from command line to 'False'
[0.650s] Level 5:colcon.colcon_core.verb:set package 'ignition_lecture' build argument 'cmake_clean_first' from command line to 'False'
[0.650s] Level 5:colcon.colcon_core.verb:set package 'ignition_lecture' build argument 'cmake_force_configure' from command line to 'False'
[0.650s] Level 5:colcon.colcon_core.verb:set package 'ignition_lecture' build argument 'ament_cmake_args' from command line to 'None'
[0.650s] Level 5:colcon.colcon_core.verb:set package 'ignition_lecture' build argument 'catkin_cmake_args' from command line to 'None'
[0.650s] Level 5:colcon.colcon_core.verb:set package 'ignition_lecture' build argument 'catkin_skip_building_tests' from command line to 'False'
[0.650s] DEBUG:colcon.colcon_core.verb:Building package 'ignition_lecture' with the following arguments: {'ament_cmake_args': None, 'build_base': '/home/shodayuto/research/ros_ws/build/ignition_lecture', 'catkin_cmake_args': None, 'catkin_skip_building_tests': False, 'cmake_args': None, 'cmake_clean_cache': False, 'cmake_clean_first': False, 'cmake_force_configure': False, 'cmake_target': None, 'cmake_target_skip_unavailable': False, 'install_base': '/home/shodayuto/research/ros_ws/install/ignition_lecture', 'merge_install': False, 'path': '/home/shodayuto/research/ros_ws/src/ignition_lecture', 'symlink_install': False, 'test_result_base': None}
[0.651s] Level 5:colcon.colcon_core.verb:set package 'ignition_plugin_lecture' build argument 'cmake_args' from command line to 'None'
[0.651s] Level 5:colcon.colcon_core.verb:set package 'ignition_plugin_lecture' build argument 'cmake_target' from command line to 'None'
[0.651s] Level 5:colcon.colcon_core.verb:set package 'ignition_plugin_lecture' build argument 'cmake_target_skip_unavailable' from command line to 'False'
[0.651s] Level 5:colcon.colcon_core.verb:set package 'ignition_plugin_lecture' build argument 'cmake_clean_cache' from command line to 'False'
[0.651s] Level 5:colcon.colcon_core.verb:set package 'ignition_plugin_lecture' build argument 'cmake_clean_first' from command line to 'False'
[0.651s] Level 5:colcon.colcon_core.verb:set package 'ignition_plugin_lecture' build argument 'cmake_force_configure' from command line to 'False'
[0.651s] Level 5:colcon.colcon_core.verb:set package 'ignition_plugin_lecture' build argument 'ament_cmake_args' from command line to 'None'
[0.651s] Level 5:colcon.colcon_core.verb:set package 'ignition_plugin_lecture' build argument 'catkin_cmake_args' from command line to 'None'
[0.651s] Level 5:colcon.colcon_core.verb:set package 'ignition_plugin_lecture' build argument 'catkin_skip_building_tests' from command line to 'False'
[0.651s] DEBUG:colcon.colcon_core.verb:Building package 'ignition_plugin_lecture' with the following arguments: {'ament_cmake_args': None, 'build_base': '/home/shodayuto/research/ros_ws/build/ignition_plugin_lecture', 'catkin_cmake_args': None, 'catkin_skip_building_tests': False, 'cmake_args': None, 'cmake_clean_cache': False, 'cmake_clean_first': False, 'cmake_force_configure': False, 'cmake_target': None, 'cmake_target_skip_unavailable': False, 'install_base': '/home/shodayuto/research/ros_ws/install/ignition_plugin_lecture', 'merge_install': False, 'path': '/home/shodayuto/research/ros_ws/src/ignition_plugin_lecture', 'symlink_install': False, 'test_result_base': None}
[0.651s] INFO:colcon.colcon_core.executor:Executing jobs using 'parallel' executor
[0.653s] DEBUG:colcon.colcon_parallel_executor.executor.parallel:run_until_complete
[0.653s] INFO:colcon.colcon_ros.task.ament_cmake.build:Building ROS package in '/home/shodayuto/research/ros_ws/src/ignition_lecture' with build type 'ament_cmake'
[0.653s] INFO:colcon.colcon_cmake.task.cmake.build:Building CMake package in '/home/shodayuto/research/ros_ws/src/ignition_lecture'
[0.659s] INFO:colcon.colcon_core.plugin_system:Skipping extension 'colcon_core.shell.bat': Not used on non-Windows systems
[0.660s] INFO:colcon.colcon_core.shell:Skip shell extension 'powershell' for command environment: Not usable outside of PowerShell
[0.660s] DEBUG:colcon.colcon_core.shell:Skip shell extension 'dsv' for command environment
[0.664s] INFO:colcon.colcon_ros.task.ament_cmake.build:Building ROS package in '/home/shodayuto/research/ros_ws/src/ignition_plugin_lecture' with build type 'ament_cmake'
[0.665s] INFO:colcon.colcon_cmake.task.cmake.build:Building CMake package in '/home/shodayuto/research/ros_ws/src/ignition_plugin_lecture'
[0.665s] INFO:colcon.colcon_core.shell:Skip shell extension 'powershell' for command environment: Not usable outside of PowerShell
[0.665s] DEBUG:colcon.colcon_core.shell:Skip shell extension 'dsv' for command environment
[0.675s] DEBUG:colcon.colcon_core.event_handler.log_command:Invoking command in '/home/shodayuto/research/ros_ws/build/ignition_lecture': CMAKE_PREFIX_PATH=${CMAKE_PREFIX_PATH}:/opt/ros/humble /usr/bin/cmake /home/shodayuto/research/ros_ws/src/ignition_lecture -DCMAKE_INSTALL_PREFIX=/home/shodayuto/research/ros_ws/install/ignition_lecture
[0.679s] DEBUG:colcon.colcon_core.event_handler.log_command:Invoking command in '/home/shodayuto/research/ros_ws/build/ignition_plugin_lecture': CMAKE_PREFIX_PATH=${CMAKE_PREFIX_PATH}:/opt/ros/humble /usr/bin/cmake /home/shodayuto/research/ros_ws/src/ignition_plugin_lecture -DCMAKE_INSTALL_PREFIX=/home/shodayuto/research/ros_ws/install/ignition_plugin_lecture
[1.538s] DEBUG:colcon.colcon_core.event_handler.log_command:Invoked command in '/home/shodayuto/research/ros_ws/build/ignition_lecture' returned '0': CMAKE_PREFIX_PATH=${CMAKE_PREFIX_PATH}:/opt/ros/humble /usr/bin/cmake /home/shodayuto/research/ros_ws/src/ignition_lecture -DCMAKE_INSTALL_PREFIX=/home/shodayuto/research/ros_ws/install/ignition_lecture
[1.540s] DEBUG:colcon.colcon_core.event_handler.log_command:Invoking command in '/home/shodayuto/research/ros_ws/build/ignition_lecture': CMAKE_PREFIX_PATH=${CMAKE_PREFIX_PATH}:/opt/ros/humble /usr/bin/cmake --build /home/shodayuto/research/ros_ws/build/ignition_lecture -- -j8 -l8
[1.582s] DEBUG:colcon.colcon_core.event_handler.log_command:Invoked command in '/home/shodayuto/research/ros_ws/build/ignition_lecture' returned '0': CMAKE_PREFIX_PATH=${CMAKE_PREFIX_PATH}:/opt/ros/humble /usr/bin/cmake --build /home/shodayuto/research/ros_ws/build/ignition_lecture -- -j8 -l8
[1.594s] DEBUG:colcon.colcon_core.event_handler.log_command:Invoking command in '/home/shodayuto/research/ros_ws/build/ignition_lecture': CMAKE_PREFIX_PATH=${CMAKE_PREFIX_PATH}:/opt/ros/humble /usr/bin/cmake --install /home/shodayuto/research/ros_ws/build/ignition_lecture
[1.652s] Level 1:colcon.colcon_core.environment:create_environment_scripts_only(ignition_lecture)
[1.653s] DEBUG:colcon.colcon_core.event_handler.log_command:Invoked command in '/home/shodayuto/research/ros_ws/build/ignition_lecture' returned '0': CMAKE_PREFIX_PATH=${CMAKE_PREFIX_PATH}:/opt/ros/humble /usr/bin/cmake --install /home/shodayuto/research/ros_ws/build/ignition_lecture
[1.659s] Level 1:colcon.colcon_core.environment:checking '/home/shodayuto/research/ros_ws/install/ignition_lecture' for CMake module files
[1.660s] Level 1:colcon.colcon_core.environment:checking '/home/shodayuto/research/ros_ws/install/ignition_lecture' for CMake config files
[1.660s] Level 1:colcon.colcon_core.shell:create_environment_hook('ignition_lecture', 'cmake_prefix_path')
[1.661s] INFO:colcon.colcon_core.shell:Creating environment hook '/home/shodayuto/research/ros_ws/install/ignition_lecture/share/ignition_lecture/hook/cmake_prefix_path.ps1'
[1.661s] INFO:colcon.colcon_core.shell:Creating environment descriptor '/home/shodayuto/research/ros_ws/install/ignition_lecture/share/ignition_lecture/hook/cmake_prefix_path.dsv'
[1.662s] INFO:colcon.colcon_core.shell:Creating environment hook '/home/shodayuto/research/ros_ws/install/ignition_lecture/share/ignition_lecture/hook/cmake_prefix_path.sh'
[1.663s] Level 1:colcon.colcon_core.environment:checking '/home/shodayuto/research/ros_ws/install/ignition_lecture/bin'
[1.663s] Level 1:colcon.colcon_core.environment:checking '/home/shodayuto/research/ros_ws/install/ignition_lecture/lib/pkgconfig/ignition_lecture.pc'
[1.663s] Level 1:colcon.colcon_core.environment:checking '/home/shodayuto/research/ros_ws/install/ignition_lecture/lib/python3.10/site-packages'
[1.664s] Level 1:colcon.colcon_core.environment:checking '/home/shodayuto/research/ros_ws/install/ignition_lecture/bin'
[1.664s] INFO:colcon.colcon_core.shell:Creating package script '/home/shodayuto/research/ros_ws/install/ignition_lecture/share/ignition_lecture/package.ps1'
[1.666s] INFO:colcon.colcon_core.shell:Creating package descriptor '/home/shodayuto/research/ros_ws/install/ignition_lecture/share/ignition_lecture/package.dsv'
[1.667s] INFO:colcon.colcon_core.shell:Creating package script '/home/shodayuto/research/ros_ws/install/ignition_lecture/share/ignition_lecture/package.sh'
[1.668s] INFO:colcon.colcon_core.shell:Creating package script '/home/shodayuto/research/ros_ws/install/ignition_lecture/share/ignition_lecture/package.bash'
[1.670s] INFO:colcon.colcon_core.shell:Creating package script '/home/shodayuto/research/ros_ws/install/ignition_lecture/share/ignition_lecture/package.zsh'
[1.672s] Level 1:colcon.colcon_core.environment:create_file_with_runtime_dependencies(/home/shodayuto/research/ros_ws/install/ignition_lecture/share/colcon-core/packages/ignition_lecture)
[1.673s] Level 1:colcon.colcon_core.environment:create_environment_scripts_only(ignition_lecture)
[1.673s] Level 1:colcon.colcon_core.environment:checking '/home/shodayuto/research/ros_ws/install/ignition_lecture' for CMake module files
[1.674s] Level 1:colcon.colcon_core.environment:checking '/home/shodayuto/research/ros_ws/install/ignition_lecture' for CMake config files
[1.675s] Level 1:colcon.colcon_core.shell:create_environment_hook('ignition_lecture', 'cmake_prefix_path')
[1.675s] INFO:colcon.colcon_core.shell:Creating environment hook '/home/shodayuto/research/ros_ws/install/ignition_lecture/share/ignition_lecture/hook/cmake_prefix_path.ps1'
[1.676s] INFO:colcon.colcon_core.shell:Creating environment descriptor '/home/shodayuto/research/ros_ws/install/ignition_lecture/share/ignition_lecture/hook/cmake_prefix_path.dsv'
[1.676s] INFO:colcon.colcon_core.shell:Creating environment hook '/home/shodayuto/research/ros_ws/install/ignition_lecture/share/ignition_lecture/hook/cmake_prefix_path.sh'
[1.677s] Level 1:colcon.colcon_core.environment:checking '/home/shodayuto/research/ros_ws/install/ignition_lecture/bin'
[1.677s] Level 1:colcon.colcon_core.environment:checking '/home/shodayuto/research/ros_ws/install/ignition_lecture/lib/pkgconfig/ignition_lecture.pc'
[1.678s] Level 1:colcon.colcon_core.environment:checking '/home/shodayuto/research/ros_ws/install/ignition_lecture/lib/python3.10/site-packages'
[1.678s] Level 1:colcon.colcon_core.environment:checking '/home/shodayuto/research/ros_ws/install/ignition_lecture/bin'
[1.678s] INFO:colcon.colcon_core.shell:Creating package script '/home/shodayuto/research/ros_ws/install/ignition_lecture/share/ignition_lecture/package.ps1'
[1.679s] INFO:colcon.colcon_core.shell:Creating package descriptor '/home/shodayuto/research/ros_ws/install/ignition_lecture/share/ignition_lecture/package.dsv'
[1.679s] INFO:colcon.colcon_core.shell:Creating package script '/home/shodayuto/research/ros_ws/install/ignition_lecture/share/ignition_lecture/package.sh'
[1.680s] INFO:colcon.colcon_core.shell:Creating package script '/home/shodayuto/research/ros_ws/install/ignition_lecture/share/ignition_lecture/package.bash'
[1.681s] INFO:colcon.colcon_core.shell:Creating package script '/home/shodayuto/research/ros_ws/install/ignition_lecture/share/ignition_lecture/package.zsh'
[1.681s] Level 1:colcon.colcon_core.environment:create_file_with_runtime_dependencies(/home/shodayuto/research/ros_ws/install/ignition_lecture/share/colcon-core/packages/ignition_lecture)
[3.046s] DEBUG:colcon.colcon_core.event_handler.log_command:Invoked command in '/home/shodayuto/research/ros_ws/build/ignition_plugin_lecture' returned '0': CMAKE_PREFIX_PATH=${CMAKE_PREFIX_PATH}:/opt/ros/humble /usr/bin/cmake /home/shodayuto/research/ros_ws/src/ignition_plugin_lecture -DCMAKE_INSTALL_PREFIX=/home/shodayuto/research/ros_ws/install/ignition_plugin_lecture
[3.048s] DEBUG:colcon.colcon_core.event_handler.log_command:Invoking command in '/home/shodayuto/research/ros_ws/build/ignition_plugin_lecture': CMAKE_PREFIX_PATH=${CMAKE_PREFIX_PATH}:/opt/ros/humble /usr/bin/cmake --build /home/shodayuto/research/ros_ws/build/ignition_plugin_lecture -- -j8 -l8
[14.942s] DEBUG:colcon.colcon_core.event_handler.log_command:Invoked command in '/home/shodayuto/research/ros_ws/build/ignition_plugin_lecture' returned '0': CMAKE_PREFIX_PATH=${CMAKE_PREFIX_PATH}:/opt/ros/humble /usr/bin/cmake --build /home/shodayuto/research/ros_ws/build/ignition_plugin_lecture -- -j8 -l8
[14.944s] DEBUG:colcon.colcon_core.event_handler.log_command:Invoking command in '/home/shodayuto/research/ros_ws/build/ignition_plugin_lecture': CMAKE_PREFIX_PATH=${CMAKE_PREFIX_PATH}:/opt/ros/humble /usr/bin/cmake --install /home/shodayuto/research/ros_ws/build/ignition_plugin_lecture
[14.961s] Level 1:colcon.colcon_core.environment:create_environment_scripts_only(ignition_plugin_lecture)
[14.961s] Level 1:colcon.colcon_core.environment:checking '/home/shodayuto/research/ros_ws/install/ignition_plugin_lecture' for CMake module files
[14.962s] DEBUG:colcon.colcon_core.event_handler.log_command:Invoked command in '/home/shodayuto/research/ros_ws/build/ignition_plugin_lecture' returned '0': CMAKE_PREFIX_PATH=${CMAKE_PREFIX_PATH}:/opt/ros/humble /usr/bin/cmake --install /home/shodayuto/research/ros_ws/build/ignition_plugin_lecture
[14.962s] Level 1:colcon.colcon_core.environment:checking '/home/shodayuto/research/ros_ws/install/ignition_plugin_lecture' for CMake config files
[14.963s] Level 1:colcon.colcon_core.shell:create_environment_hook('ignition_plugin_lecture', 'cmake_prefix_path')
[14.963s] INFO:colcon.colcon_core.shell:Creating environment hook '/home/shodayuto/research/ros_ws/install/ignition_plugin_lecture/share/ignition_plugin_lecture/hook/cmake_prefix_path.ps1'
[14.964s] INFO:colcon.colcon_core.shell:Creating environment descriptor '/home/shodayuto/research/ros_ws/install/ignition_plugin_lecture/share/ignition_plugin_lecture/hook/cmake_prefix_path.dsv'
[14.964s] INFO:colcon.colcon_core.shell:Creating environment hook '/home/shodayuto/research/ros_ws/install/ignition_plugin_lecture/share/ignition_plugin_lecture/hook/cmake_prefix_path.sh'
[14.965s] Level 1:colcon.colcon_core.environment:checking '/home/shodayuto/research/ros_ws/install/ignition_plugin_lecture/lib'
[14.965s] Level 1:colcon.colcon_core.shell:create_environment_hook('ignition_plugin_lecture', 'ld_library_path_lib')
[14.965s] INFO:colcon.colcon_core.shell:Creating environment hook '/home/shodayuto/research/ros_ws/install/ignition_plugin_lecture/share/ignition_plugin_lecture/hook/ld_library_path_lib.ps1'
[14.966s] INFO:colcon.colcon_core.shell:Creating environment descriptor '/home/shodayuto/research/ros_ws/install/ignition_plugin_lecture/share/ignition_plugin_lecture/hook/ld_library_path_lib.dsv'
[14.966s] INFO:colcon.colcon_core.shell:Creating environment hook '/home/shodayuto/research/ros_ws/install/ignition_plugin_lecture/share/ignition_plugin_lecture/hook/ld_library_path_lib.sh'
[14.967s] Level 1:colcon.colcon_core.environment:checking '/home/shodayuto/research/ros_ws/install/ignition_plugin_lecture/bin'
[14.967s] Level 1:colcon.colcon_core.environment:checking '/home/shodayuto/research/ros_ws/install/ignition_plugin_lecture/lib/pkgconfig/ignition_plugin_lecture.pc'
[14.967s] Level 1:colcon.colcon_core.environment:checking '/home/shodayuto/research/ros_ws/install/ignition_plugin_lecture/lib/python3.10/site-packages'
[14.967s] Level 1:colcon.colcon_core.environment:checking '/home/shodayuto/research/ros_ws/install/ignition_plugin_lecture/bin'
[14.968s] INFO:colcon.colcon_core.shell:Creating package script '/home/shodayuto/research/ros_ws/install/ignition_plugin_lecture/share/ignition_plugin_lecture/package.ps1'
[14.969s] INFO:colcon.colcon_core.shell:Creating package descriptor '/home/shodayuto/research/ros_ws/install/ignition_plugin_lecture/share/ignition_plugin_lecture/package.dsv'
[14.969s] INFO:colcon.colcon_core.shell:Creating package script '/home/shodayuto/research/ros_ws/install/ignition_plugin_lecture/share/ignition_plugin_lecture/package.sh'
[14.970s] INFO:colcon.colcon_core.shell:Creating package script '/home/shodayuto/research/ros_ws/install/ignition_plugin_lecture/share/ignition_plugin_lecture/package.bash'
[14.970s] INFO:colcon.colcon_core.shell:Creating package script '/home/shodayuto/research/ros_ws/install/ignition_plugin_lecture/share/ignition_plugin_lecture/package.zsh'
[14.970s] Level 1:colcon.colcon_core.environment:create_file_with_runtime_dependencies(/home/shodayuto/research/ros_ws/install/ignition_plugin_lecture/share/colcon-core/packages/ignition_plugin_lecture)
[14.971s] Level 1:colcon.colcon_core.environment:create_environment_scripts_only(ignition_plugin_lecture)
[14.972s] Level 1:colcon.colcon_core.environment:checking '/home/shodayuto/research/ros_ws/install/ignition_plugin_lecture' for CMake module files
[14.972s] Level 1:colcon.colcon_core.environment:checking '/home/shodayuto/research/ros_ws/install/ignition_plugin_lecture' for CMake config files
[14.972s] Level 1:colcon.colcon_core.shell:create_environment_hook('ignition_plugin_lecture', 'cmake_prefix_path')
[14.973s] INFO:colcon.colcon_core.shell:Creating environment hook '/home/shodayuto/research/ros_ws/install/ignition_plugin_lecture/share/ignition_plugin_lecture/hook/cmake_prefix_path.ps1'
[14.973s] INFO:colcon.colcon_core.shell:Creating environment descriptor '/home/shodayuto/research/ros_ws/install/ignition_plugin_lecture/share/ignition_plugin_lecture/hook/cmake_prefix_path.dsv'
[14.973s] INFO:colcon.colcon_core.shell:Creating environment hook '/home/shodayuto/research/ros_ws/install/ignition_plugin_lecture/share/ignition_plugin_lecture/hook/cmake_prefix_path.sh'
[14.974s] Level 1:colcon.colcon_core.environment:checking '/home/shodayuto/research/ros_ws/install/ignition_plugin_lecture/lib'
[14.974s] Level 1:colcon.colcon_core.shell:create_environment_hook('ignition_plugin_lecture', 'ld_library_path_lib')
[14.975s] INFO:colcon.colcon_core.shell:Creating environment hook '/home/shodayuto/research/ros_ws/install/ignition_plugin_lecture/share/ignition_plugin_lecture/hook/ld_library_path_lib.ps1'
[14.975s] INFO:colcon.colcon_core.shell:Creating environment descriptor '/home/shodayuto/research/ros_ws/install/ignition_plugin_lecture/share/ignition_plugin_lecture/hook/ld_library_path_lib.dsv'
[14.975s] INFO:colcon.colcon_core.shell:Creating environment hook '/home/shodayuto/research/ros_ws/install/ignition_plugin_lecture/share/ignition_plugin_lecture/hook/ld_library_path_lib.sh'
[14.976s] Level 1:colcon.colcon_core.environment:checking '/home/shodayuto/research/ros_ws/install/ignition_plugin_lecture/bin'
[14.976s] Level 1:colcon.colcon_core.environment:checking '/home/shodayuto/research/ros_ws/install/ignition_plugin_lecture/lib/pkgconfig/ignition_plugin_lecture.pc'
[14.976s] Level 1:colcon.colcon_core.environment:checking '/home/shodayuto/research/ros_ws/install/ignition_plugin_lecture/lib/python3.10/site-packages'
[14.977s] Level 1:colcon.colcon_core.environment:checking '/home/shodayuto/research/ros_ws/install/ignition_plugin_lecture/bin'
[14.977s] INFO:colcon.colcon_core.shell:Creating package script '/home/shodayuto/research/ros_ws/install/ignition_plugin_lecture/share/ignition_plugin_lecture/package.ps1'
[14.978s] INFO:colcon.colcon_core.shell:Creating package descriptor '/home/shodayuto/research/ros_ws/install/ignition_plugin_lecture/share/ignition_plugin_lecture/package.dsv'
[14.978s] INFO:colcon.colcon_core.shell:Creating package script '/home/shodayuto/research/ros_ws/install/ignition_plugin_lecture/share/ignition_plugin_lecture/package.sh'
[14.979s] INFO:colcon.colcon_core.shell:Creating package script '/home/shodayuto/research/ros_ws/install/ignition_plugin_lecture/share/ignition_plugin_lecture/package.bash'
[14.979s] INFO:colcon.colcon_core.shell:Creating package script '/home/shodayuto/research/ros_ws/install/ignition_plugin_lecture/share/ignition_plugin_lecture/package.zsh'
[14.980s] Level 1:colcon.colcon_core.environment:create_file_with_runtime_dependencies(/home/shodayuto/research/ros_ws/install/ignition_plugin_lecture/share/colcon-core/packages/ignition_plugin_lecture)
[14.980s] DEBUG:colcon.colcon_parallel_executor.executor.parallel:closing loop
[14.981s] DEBUG:colcon.colcon_parallel_executor.executor.parallel:loop closed
[14.981s] DEBUG:colcon.colcon_parallel_executor.executor.parallel:run_until_complete finished with '0'
[14.981s] DEBUG:colcon.colcon_core.event_reactor:joining thread
[14.993s] INFO:colcon.colcon_core.plugin_system:Skipping extension 'colcon_notification.desktop_notification.terminal_notifier': Not used on non-Darwin systems
[14.993s] INFO:colcon.colcon_core.plugin_system:Skipping extension 'colcon_notification.desktop_notification.win32': Not used on non-Windows systems
[14.993s] INFO:colcon.colcon_notification.desktop_notification:Sending desktop notification using 'notify2'
[15.007s] DEBUG:colcon.colcon_core.event_reactor:joined thread
[15.008s] INFO:colcon.colcon_core.shell:Creating prefix script '/home/shodayuto/research/ros_ws/install/local_setup.ps1'
[15.009s] INFO:colcon.colcon_core.shell:Creating prefix util module '/home/shodayuto/research/ros_ws/install/_local_setup_util_ps1.py'
[15.011s] INFO:colcon.colcon_core.shell:Creating prefix chain script '/home/shodayuto/research/ros_ws/install/setup.ps1'
[15.012s] INFO:colcon.colcon_core.shell:Creating prefix script '/home/shodayuto/research/ros_ws/install/local_setup.sh'
[15.013s] INFO:colcon.colcon_core.shell:Creating prefix util module '/home/shodayuto/research/ros_ws/install/_local_setup_util_sh.py'
[15.014s] INFO:colcon.colcon_core.shell:Creating prefix chain script '/home/shodayuto/research/ros_ws/install/setup.sh'
[15.015s] INFO:colcon.colcon_core.shell:Creating prefix script '/home/shodayuto/research/ros_ws/install/local_setup.bash'
[15.016s] INFO:colcon.colcon_core.shell:Creating prefix chain script '/home/shodayuto/research/ros_ws/install/setup.bash'
[15.017s] INFO:colcon.colcon_core.shell:Creating prefix script '/home/shodayuto/research/ros_ws/install/local_setup.zsh'
[15.018s] INFO:colcon.colcon_core.shell:Creating prefix chain script '/home/shodayuto/research/ros_ws/install/setup.zsh'
