[0.134s] DEBUG:colcon:Command line arguments: ['/usr/bin/colcon', 'build']
[0.134s] DEBUG:colcon:Parsed command line arguments: Namespace(log_base=None, log_level=None, verb_name='build', build_base='build', install_base='install', merge_install=False, symlink_install=False, test_result_base=None, continue_on_error=False, executor='parallel', parallel_workers=8, event_handlers=None, ignore_user_meta=False, metas=['./colcon.meta'], base_paths=['.'], packages_ignore=None, packages_ignore_regex=None, paths=None, packages_up_to=None, packages_up_to_regex=None, packages_above=None, packages_above_and_dependencies=None, packages_above_depth=None, packages_select_by_dep=None, packages_skip_by_dep=None, packages_skip_up_to=None, packages_select_build_failed=False, packages_skip_build_finished=False, packages_select_test_failures=False, packages_skip_test_passed=False, packages_select=None, packages_skip=None, packages_select_regex=None, packages_skip_regex=None, packages_start=None, packages_end=None, allow_overriding=[], cmake_args=None, cmake_target=None, cmake_target_skip_unavailable=False, cmake_clean_cache=False, cmake_clean_first=False, cmake_force_configure=False, ament_cmake_args=None, catkin_cmake_args=None, catkin_skip_building_tests=False, mixin_files=None, mixin=None, verb_parser=<colcon_mixin.mixin.mixin_argument.MixinArgumentDecorator object at 0x7e4e0096ac50>, verb_extension=<colcon_core.verb.build.BuildVerb object at 0x7e4e009cc6a0>, main=<bound method BuildVerb.main of <colcon_core.verb.build.BuildVerb object at 0x7e4e009cc6a0>>, mixin_verb=('build',))
[0.287s] Level 1:colcon.colcon_core.package_discovery:discover_packages(colcon_meta) check parameters
[0.287s] Level 1:colcon.colcon_core.package_discovery:discover_packages(recursive) check parameters
[0.287s] Level 1:colcon.colcon_core.package_discovery:discover_packages(ignore) check parameters
[0.287s] Level 1:colcon.colcon_core.package_discovery:discover_packages(path) check parameters
[0.287s] Level 1:colcon.colcon_core.package_discovery:discover_packages(colcon_meta) discover
[0.287s] Level 1:colcon.colcon_core.package_discovery:discover_packages(recursive) discover
[0.287s] INFO:colcon.colcon_core.package_discovery:Crawling recursively for packages in '/home/shodayuto/research/ros_ws'
[0.287s] Level 1:colcon.colcon_core.package_identification:_identify(.) by extensions ['ignore', 'ignore_ament_install']
[0.287s] Level 1:colcon.colcon_core.package_identification:_identify(.) by extension 'ignore'
[0.287s] Level 1:colcon.colcon_core.package_identification:_identify(.) by extension 'ignore_ament_install'
[0.287s] Level 1:colcon.colcon_core.package_identification:_identify(.) by extensions ['colcon_pkg']
[0.287s] Level 1:colcon.colcon_core.package_identification:_identify(.) by extension 'colcon_pkg'
[0.287s] Level 1:colcon.colcon_core.package_identification:_identify(.) by extensions ['colcon_meta']
[0.287s] Level 1:colcon.colcon_core.package_identification:_identify(.) by extension 'colcon_meta'
[0.287s] Level 1:colcon.colcon_core.package_identification:_identify(.) by extensions ['ros']
[0.287s] Level 1:colcon.colcon_core.package_identification:_identify(.) by extension 'ros'
[0.296s] Level 1:colcon.colcon_core.package_identification:_identify(.) by extensions ['cmake', 'python']
[0.296s] Level 1:colcon.colcon_core.package_identification:_identify(.) by extension 'cmake'
[0.296s] Level 1:colcon.colcon_core.package_identification:_identify(.) by extension 'python'
[0.296s] Level 1:colcon.colcon_core.package_identification:_identify(.) by extensions ['python_setup_py']
[0.296s] Level 1:colcon.colcon_core.package_identification:_identify(.) by extension 'python_setup_py'
[0.296s] Level 1:colcon.colcon_core.package_identification:_identify(build) by extensions ['ignore', 'ignore_ament_install']
[0.296s] Level 1:colcon.colcon_core.package_identification:_identify(build) by extension 'ignore'
[0.296s] Level 1:colcon.colcon_core.package_identification:_identify(build) ignored
[0.296s] Level 1:colcon.colcon_core.package_identification:_identify(install) by extensions ['ignore', 'ignore_ament_install']
[0.296s] Level 1:colcon.colcon_core.package_identification:_identify(install) by extension 'ignore'
[0.296s] Level 1:colcon.colcon_core.package_identification:_identify(install) ignored
[0.296s] Level 1:colcon.colcon_core.package_identification:_identify(log) by extensions ['ignore', 'ignore_ament_install']
[0.297s] Level 1:colcon.colcon_core.package_identification:_identify(log) by extension 'ignore'
[0.297s] Level 1:colcon.colcon_core.package_identification:_identify(log) ignored
[0.297s] Level 1:colcon.colcon_core.package_identification:_identify(src) by extensions ['ignore', 'ignore_ament_install']
[0.297s] Level 1:colcon.colcon_core.package_identification:_identify(src) by extension 'ignore'
[0.297s] Level 1:colcon.colcon_core.package_identification:_identify(src) by extension 'ignore_ament_install'
[0.297s] Level 1:colcon.colcon_core.package_identification:_identify(src) by extensions ['colcon_pkg']
[0.297s] Level 1:colcon.colcon_core.package_identification:_identify(src) by extension 'colcon_pkg'
[0.297s] Level 1:colcon.colcon_core.package_identification:_identify(src) by extensions ['colcon_meta']
[0.297s] Level 1:colcon.colcon_core.package_identification:_identify(src) by extension 'colcon_meta'
[0.297s] Level 1:colcon.colcon_core.package_identification:_identify(src) by extensions ['ros']
[0.297s] Level 1:colcon.colcon_core.package_identification:_identify(src) by extension 'ros'
[0.297s] Level 1:colcon.colcon_core.package_identification:_identify(src) by extensions ['cmake', 'python']
[0.297s] Level 1:colcon.colcon_core.package_identification:_identify(src) by extension 'cmake'
[0.297s] Level 1:colcon.colcon_core.package_identification:_identify(src) by extension 'python'
[0.297s] Level 1:colcon.colcon_core.package_identification:_identify(src) by extensions ['python_setup_py']
[0.297s] Level 1:colcon.colcon_core.package_identification:_identify(src) by extension 'python_setup_py'
[0.297s] Level 1:colcon.colcon_core.package_identification:_identify(src/ignition_lecture) by extensions ['ignore', 'ignore_ament_install']
[0.297s] Level 1:colcon.colcon_core.package_identification:_identify(src/ignition_lecture) by extension 'ignore'
[0.297s] Level 1:colcon.colcon_core.package_identification:_identify(src/ignition_lecture) by extension 'ignore_ament_install'
[0.297s] Level 1:colcon.colcon_core.package_identification:_identify(src/ignition_lecture) by extensions ['colcon_pkg']
[0.297s] Level 1:colcon.colcon_core.package_identification:_identify(src/ignition_lecture) by extension 'colcon_pkg'
[0.297s] Level 1:colcon.colcon_core.package_identification:_identify(src/ignition_lecture) by extensions ['colcon_meta']
[0.297s] Level 1:colcon.colcon_core.package_identification:_identify(src/ignition_lecture) by extension 'colcon_meta'
[0.297s] Level 1:colcon.colcon_core.package_identification:_identify(src/ignition_lecture) by extensions ['ros']
[0.297s] Level 1:colcon.colcon_core.package_identification:_identify(src/ignition_lecture) by extension 'ros'
[0.300s] DEBUG:colcon.colcon_core.package_identification:Package 'src/ignition_lecture' with type 'ros.ament_cmake' and name 'ignition_lecture'
[0.300s] Level 1:colcon.colcon_core.package_identification:_identify(src/ignition_plugin_lecture) by extensions ['ignore', 'ignore_ament_install']
[0.300s] Level 1:colcon.colcon_core.package_identification:_identify(src/ignition_plugin_lecture) by extension 'ignore'
[0.300s] Level 1:colcon.colcon_core.package_identification:_identify(src/ignition_plugin_lecture) by extension 'ignore_ament_install'
[0.300s] Level 1:colcon.colcon_core.package_identification:_identify(src/ignition_plugin_lecture) by extensions ['colcon_pkg']
[0.300s] Level 1:colcon.colcon_core.package_identification:_identify(src/ignition_plugin_lecture) by extension 'colcon_pkg'
[0.300s] Level 1:colcon.colcon_core.package_identification:_identify(src/ignition_plugin_lecture) by extensions ['colcon_meta']
[0.300s] Level 1:colcon.colcon_core.package_identification:_identify(src/ignition_plugin_lecture) by extension 'colcon_meta'
[0.300s] Level 1:colcon.colcon_core.package_identification:_identify(src/ignition_plugin_lecture) by extensions ['ros']
[0.300s] Level 1:colcon.colcon_core.package_identification:_identify(src/ignition_plugin_lecture) by extension 'ros'
[0.302s] DEBUG:colcon.colcon_core.package_identification:Package 'src/ignition_plugin_lecture' with type 'ros.ament_cmake' and name 'ignition_plugin_lecture'
[0.302s] Level 1:colcon.colcon_core.package_discovery:discover_packages(recursive) using defaults
[0.302s] Level 1:colcon.colcon_core.package_discovery:discover_packages(ignore) discover
[0.302s] Level 1:colcon.colcon_core.package_discovery:discover_packages(ignore) using defaults
[0.302s] Level 1:colcon.colcon_core.package_discovery:discover_packages(path) discover
[0.302s] Level 1:colcon.colcon_core.package_discovery:discover_packages(path) using defaults
[0.327s] Level 1:colcon.colcon_core.package_discovery:discover_packages(prefix_path) check parameters
[0.327s] Level 1:colcon.colcon_core.package_discovery:discover_packages(prefix_path) discover
[0.329s] WARNING:colcon.colcon_ros.prefix_path.ament:The path '/home/shodayuto/research/ros_ws/install/ignition_plugin_lecture' in the environment variable AMENT_PREFIX_PATH doesn't exist
[0.329s] WARNING:colcon.colcon_ros.prefix_path.ament:The path '/home/shodayuto/research/ros_ws/install/ignition_lecture' in the environment variable AMENT_PREFIX_PATH doesn't exist
[0.329s] WARNING:colcon.colcon_ros.prefix_path.catkin:The path '/home/shodayuto/research/ros_ws/install/ignition_plugin_lecture' in the environment variable CMAKE_PREFIX_PATH doesn't exist
[0.329s] WARNING:colcon.colcon_ros.prefix_path.catkin:The path '/home/shodayuto/research/ros_ws/install/ignition_lecture' in the environment variable CMAKE_PREFIX_PATH doesn't exist
[0.330s] DEBUG:colcon.colcon_installed_package_information.package_discovery:Found 0 installed packages in /home/shodayuto/research/ros_ws/install
[0.331s] DEBUG:colcon.colcon_installed_package_information.package_discovery:Found 462 installed packages in /opt/ros/humble
[0.333s] Level 1:colcon.colcon_core.package_discovery:discover_packages(prefix_path) using defaults
[0.380s] Level 5:colcon.colcon_core.verb:set package 'ignition_lecture' build argument 'cmake_args' from command line to 'None'
[0.380s] Level 5:colcon.colcon_core.verb:set package 'ignition_lecture' build argument 'cmake_target' from command line to 'None'
[0.380s] Level 5:colcon.colcon_core.verb:set package 'ignition_lecture' build argument 'cmake_target_skip_unavailable' from command line to 'False'
[0.380s] Level 5:colcon.colcon_core.verb:set package 'ignition_lecture' build argument 'cmake_clean_cache' from command line to 'False'
[0.380s] Level 5:colcon.colcon_core.verb:set package 'ignition_lecture' build argument 'cmake_clean_first' from command line to 'False'
[0.380s] Level 5:colcon.colcon_core.verb:set package 'ignition_lecture' build argument 'cmake_force_configure' from command line to 'False'
[0.380s] Level 5:colcon.colcon_core.verb:set package 'ignition_lecture' build argument 'ament_cmake_args' from command line to 'None'
[0.380s] Level 5:colcon.colcon_core.verb:set package 'ignition_lecture' build argument 'catkin_cmake_args' from command line to 'None'
[0.380s] Level 5:colcon.colcon_core.verb:set package 'ignition_lecture' build argument 'catkin_skip_building_tests' from command line to 'False'
[0.380s] DEBUG:colcon.colcon_core.verb:Building package 'ignition_lecture' with the following arguments: {'ament_cmake_args': None, 'build_base': '/home/shodayuto/research/ros_ws/build/ignition_lecture', 'catkin_cmake_args': None, 'catkin_skip_building_tests': False, 'cmake_args': None, 'cmake_clean_cache': False, 'cmake_clean_first': False, 'cmake_force_configure': False, 'cmake_target': None, 'cmake_target_skip_unavailable': False, 'install_base': '/home/shodayuto/research/ros_ws/install/ignition_lecture', 'merge_install': False, 'path': '/home/shodayuto/research/ros_ws/src/ignition_lecture', 'symlink_install': False, 'test_result_base': None}
[0.381s] Level 5:colcon.colcon_core.verb:set package 'ignition_plugin_lecture' build argument 'cmake_args' from command line to 'None'
[0.381s] Level 5:colcon.colcon_core.verb:set package 'ignition_plugin_lecture' build argument 'cmake_target' from command line to 'None'
[0.381s] Level 5:colcon.colcon_core.verb:set package 'ignition_plugin_lecture' build argument 'cmake_target_skip_unavailable' from command line to 'False'
[0.381s] Level 5:colcon.colcon_core.verb:set package 'ignition_plugin_lecture' build argument 'cmake_clean_cache' from command line to 'False'
[0.381s] Level 5:colcon.colcon_core.verb:set package 'ignition_plugin_lecture' build argument 'cmake_clean_first' from command line to 'False'
[0.381s] Level 5:colcon.colcon_core.verb:set package 'ignition_plugin_lecture' build argument 'cmake_force_configure' from command line to 'False'
[0.381s] Level 5:colcon.colcon_core.verb:set package 'ignition_plugin_lecture' build argument 'ament_cmake_args' from command line to 'None'
[0.381s] Level 5:colcon.colcon_core.verb:set package 'ignition_plugin_lecture' build argument 'catkin_cmake_args' from command line to 'None'
[0.381s] Level 5:colcon.colcon_core.verb:set package 'ignition_plugin_lecture' build argument 'catkin_skip_building_tests' from command line to 'False'
[0.381s] DEBUG:colcon.colcon_core.verb:Building package 'ignition_plugin_lecture' with the following arguments: {'ament_cmake_args': None, 'build_base': '/home/shodayuto/research/ros_ws/build/ignition_plugin_lecture', 'catkin_cmake_args': None, 'catkin_skip_building_tests': False, 'cmake_args': None, 'cmake_clean_cache': False, 'cmake_clean_first': False, 'cmake_force_configure': False, 'cmake_target': None, 'cmake_target_skip_unavailable': False, 'install_base': '/home/shodayuto/research/ros_ws/install/ignition_plugin_lecture', 'merge_install': False, 'path': '/home/shodayuto/research/ros_ws/src/ignition_plugin_lecture', 'symlink_install': False, 'test_result_base': None}
[0.381s] INFO:colcon.colcon_core.executor:Executing jobs using 'parallel' executor
[0.382s] DEBUG:colcon.colcon_parallel_executor.executor.parallel:run_until_complete
[0.382s] INFO:colcon.colcon_ros.task.ament_cmake.build:Building ROS package in '/home/shodayuto/research/ros_ws/src/ignition_lecture' with build type 'ament_cmake'
[0.382s] INFO:colcon.colcon_cmake.task.cmake.build:Building CMake package in '/home/shodayuto/research/ros_ws/src/ignition_lecture'
[0.386s] INFO:colcon.colcon_core.plugin_system:Skipping extension 'colcon_core.shell.bat': Not used on non-Windows systems
[0.386s] INFO:colcon.colcon_core.shell:Skip shell extension 'powershell' for command environment: Not usable outside of PowerShell
[0.386s] DEBUG:colcon.colcon_core.shell:Skip shell extension 'dsv' for command environment
[0.389s] INFO:colcon.colcon_ros.task.ament_cmake.build:Building ROS package in '/home/shodayuto/research/ros_ws/src/ignition_plugin_lecture' with build type 'ament_cmake'
[0.389s] INFO:colcon.colcon_cmake.task.cmake.build:Building CMake package in '/home/shodayuto/research/ros_ws/src/ignition_plugin_lecture'
[0.389s] INFO:colcon.colcon_core.shell:Skip shell extension 'powershell' for command environment: Not usable outside of PowerShell
[0.389s] DEBUG:colcon.colcon_core.shell:Skip shell extension 'dsv' for command environment
[0.394s] DEBUG:colcon.colcon_core.event_handler.log_command:Invoking command in '/home/shodayuto/research/ros_ws/build/ignition_lecture': CMAKE_PREFIX_PATH=${CMAKE_PREFIX_PATH}:/opt/ros/humble /usr/bin/cmake /home/shodayuto/research/ros_ws/src/ignition_lecture -DCMAKE_INSTALL_PREFIX=/home/shodayuto/research/ros_ws/install/ignition_lecture
[0.397s] DEBUG:colcon.colcon_core.event_handler.log_command:Invoking command in '/home/shodayuto/research/ros_ws/build/ignition_plugin_lecture': CMAKE_PREFIX_PATH=${CMAKE_PREFIX_PATH}:/opt/ros/humble /usr/bin/cmake /home/shodayuto/research/ros_ws/src/ignition_plugin_lecture -DCMAKE_INSTALL_PREFIX=/home/shodayuto/research/ros_ws/install/ignition_plugin_lecture
[0.890s] DEBUG:colcon.colcon_core.event_handler.log_command:Invoked command in '/home/shodayuto/research/ros_ws/build/ignition_lecture' returned '0': CMAKE_PREFIX_PATH=${CMAKE_PREFIX_PATH}:/opt/ros/humble /usr/bin/cmake /home/shodayuto/research/ros_ws/src/ignition_lecture -DCMAKE_INSTALL_PREFIX=/home/shodayuto/research/ros_ws/install/ignition_lecture
[0.891s] DEBUG:colcon.colcon_core.event_handler.log_command:Invoking command in '/home/shodayuto/research/ros_ws/build/ignition_lecture': CMAKE_PREFIX_PATH=${CMAKE_PREFIX_PATH}:/opt/ros/humble /usr/bin/cmake --build /home/shodayuto/research/ros_ws/build/ignition_lecture -- -j8 -l8
[0.918s] DEBUG:colcon.colcon_core.event_handler.log_command:Invoked command in '/home/shodayuto/research/ros_ws/build/ignition_lecture' returned '0': CMAKE_PREFIX_PATH=${CMAKE_PREFIX_PATH}:/opt/ros/humble /usr/bin/cmake --build /home/shodayuto/research/ros_ws/build/ignition_lecture -- -j8 -l8
[0.925s] DEBUG:colcon.colcon_core.event_handler.log_command:Invoking command in '/home/shodayuto/research/ros_ws/build/ignition_lecture': CMAKE_PREFIX_PATH=${CMAKE_PREFIX_PATH}:/opt/ros/humble /usr/bin/cmake --install /home/shodayuto/research/ros_ws/build/ignition_lecture
[0.960s] Level 1:colcon.colcon_core.environment:create_environment_scripts_only(ignition_lecture)
[0.960s] DEBUG:colcon.colcon_core.event_handler.log_command:Invoked command in '/home/shodayuto/research/ros_ws/build/ignition_lecture' returned '0': CMAKE_PREFIX_PATH=${CMAKE_PREFIX_PATH}:/opt/ros/humble /usr/bin/cmake --install /home/shodayuto/research/ros_ws/build/ignition_lecture
[0.964s] Level 1:colcon.colcon_core.environment:checking '/home/shodayuto/research/ros_ws/install/ignition_lecture' for CMake module files
[0.964s] Level 1:colcon.colcon_core.environment:checking '/home/shodayuto/research/ros_ws/install/ignition_lecture' for CMake config files
[0.964s] Level 1:colcon.colcon_core.shell:create_environment_hook('ignition_lecture', 'cmake_prefix_path')
[0.965s] INFO:colcon.colcon_core.shell:Creating environment hook '/home/shodayuto/research/ros_ws/install/ignition_lecture/share/ignition_lecture/hook/cmake_prefix_path.ps1'
[0.965s] INFO:colcon.colcon_core.shell:Creating environment descriptor '/home/shodayuto/research/ros_ws/install/ignition_lecture/share/ignition_lecture/hook/cmake_prefix_path.dsv'
[0.965s] INFO:colcon.colcon_core.shell:Creating environment hook '/home/shodayuto/research/ros_ws/install/ignition_lecture/share/ignition_lecture/hook/cmake_prefix_path.sh'
[0.966s] Level 1:colcon.colcon_core.environment:checking '/home/shodayuto/research/ros_ws/install/ignition_lecture/bin'
[0.966s] Level 1:colcon.colcon_core.environment:checking '/home/shodayuto/research/ros_ws/install/ignition_lecture/lib/pkgconfig/ignition_lecture.pc'
[0.966s] Level 1:colcon.colcon_core.environment:checking '/home/shodayuto/research/ros_ws/install/ignition_lecture/lib/python3.10/site-packages'
[0.967s] Level 1:colcon.colcon_core.environment:checking '/home/shodayuto/research/ros_ws/install/ignition_lecture/bin'
[0.967s] INFO:colcon.colcon_core.shell:Creating package script '/home/shodayuto/research/ros_ws/install/ignition_lecture/share/ignition_lecture/package.ps1'
[0.967s] INFO:colcon.colcon_core.shell:Creating package descriptor '/home/shodayuto/research/ros_ws/install/ignition_lecture/share/ignition_lecture/package.dsv'
[0.968s] INFO:colcon.colcon_core.shell:Creating package script '/home/shodayuto/research/ros_ws/install/ignition_lecture/share/ignition_lecture/package.sh'
[0.969s] INFO:colcon.colcon_core.shell:Creating package script '/home/shodayuto/research/ros_ws/install/ignition_lecture/share/ignition_lecture/package.bash'
[0.969s] INFO:colcon.colcon_core.shell:Creating package script '/home/shodayuto/research/ros_ws/install/ignition_lecture/share/ignition_lecture/package.zsh'
[0.970s] Level 1:colcon.colcon_core.environment:create_file_with_runtime_dependencies(/home/shodayuto/research/ros_ws/install/ignition_lecture/share/colcon-core/packages/ignition_lecture)
[0.970s] Level 1:colcon.colcon_core.environment:create_environment_scripts_only(ignition_lecture)
[0.971s] Level 1:colcon.colcon_core.environment:checking '/home/shodayuto/research/ros_ws/install/ignition_lecture' for CMake module files
[0.971s] Level 1:colcon.colcon_core.environment:checking '/home/shodayuto/research/ros_ws/install/ignition_lecture' for CMake config files
[0.971s] Level 1:colcon.colcon_core.shell:create_environment_hook('ignition_lecture', 'cmake_prefix_path')
[0.971s] INFO:colcon.colcon_core.shell:Creating environment hook '/home/shodayuto/research/ros_ws/install/ignition_lecture/share/ignition_lecture/hook/cmake_prefix_path.ps1'
[0.972s] INFO:colcon.colcon_core.shell:Creating environment descriptor '/home/shodayuto/research/ros_ws/install/ignition_lecture/share/ignition_lecture/hook/cmake_prefix_path.dsv'
[0.972s] INFO:colcon.colcon_core.shell:Creating environment hook '/home/shodayuto/research/ros_ws/install/ignition_lecture/share/ignition_lecture/hook/cmake_prefix_path.sh'
[0.973s] Level 1:colcon.colcon_core.environment:checking '/home/shodayuto/research/ros_ws/install/ignition_lecture/bin'
[0.973s] Level 1:colcon.colcon_core.environment:checking '/home/shodayuto/research/ros_ws/install/ignition_lecture/lib/pkgconfig/ignition_lecture.pc'
[0.973s] Level 1:colcon.colcon_core.environment:checking '/home/shodayuto/research/ros_ws/install/ignition_lecture/lib/python3.10/site-packages'
[0.973s] Level 1:colcon.colcon_core.environment:checking '/home/shodayuto/research/ros_ws/install/ignition_lecture/bin'
[0.974s] INFO:colcon.colcon_core.shell:Creating package script '/home/shodayuto/research/ros_ws/install/ignition_lecture/share/ignition_lecture/package.ps1'
[0.974s] INFO:colcon.colcon_core.shell:Creating package descriptor '/home/shodayuto/research/ros_ws/install/ignition_lecture/share/ignition_lecture/package.dsv'
[0.975s] INFO:colcon.colcon_core.shell:Creating package script '/home/shodayuto/research/ros_ws/install/ignition_lecture/share/ignition_lecture/package.sh'
[0.975s] INFO:colcon.colcon_core.shell:Creating package script '/home/shodayuto/research/ros_ws/install/ignition_lecture/share/ignition_lecture/package.bash'
[0.975s] INFO:colcon.colcon_core.shell:Creating package script '/home/shodayuto/research/ros_ws/install/ignition_lecture/share/ignition_lecture/package.zsh'
[0.976s] Level 1:colcon.colcon_core.environment:create_file_with_runtime_dependencies(/home/shodayuto/research/ros_ws/install/ignition_lecture/share/colcon-core/packages/ignition_lecture)
[1.680s] DEBUG:colcon.colcon_core.event_handler.log_command:Invoked command in '/home/shodayuto/research/ros_ws/build/ignition_plugin_lecture' returned '0': CMAKE_PREFIX_PATH=${CMAKE_PREFIX_PATH}:/opt/ros/humble /usr/bin/cmake /home/shodayuto/research/ros_ws/src/ignition_plugin_lecture -DCMAKE_INSTALL_PREFIX=/home/shodayuto/research/ros_ws/install/ignition_plugin_lecture
[1.682s] DEBUG:colcon.colcon_core.event_handler.log_command:Invoking command in '/home/shodayuto/research/ros_ws/build/ignition_plugin_lecture': CMAKE_PREFIX_PATH=${CMAKE_PREFIX_PATH}:/opt/ros/humble /usr/bin/cmake --build /home/shodayuto/research/ros_ws/build/ignition_plugin_lecture -- -j8 -l8
[9.743s] DEBUG:colcon.colcon_core.event_handler.log_command:Invoked command in '/home/shodayuto/research/ros_ws/build/ignition_plugin_lecture' returned '0': CMAKE_PREFIX_PATH=${CMAKE_PREFIX_PATH}:/opt/ros/humble /usr/bin/cmake --build /home/shodayuto/research/ros_ws/build/ignition_plugin_lecture -- -j8 -l8
[9.744s] DEBUG:colcon.colcon_core.event_handler.log_command:Invoking command in '/home/shodayuto/research/ros_ws/build/ignition_plugin_lecture': CMAKE_PREFIX_PATH=${CMAKE_PREFIX_PATH}:/opt/ros/humble /usr/bin/cmake --install /home/shodayuto/research/ros_ws/build/ignition_plugin_lecture
[9.754s] Level 1:colcon.colcon_core.environment:create_environment_scripts_only(ignition_plugin_lecture)
[9.754s] Level 1:colcon.colcon_core.environment:checking '/home/shodayuto/research/ros_ws/install/ignition_plugin_lecture' for CMake module files
[9.754s] DEBUG:colcon.colcon_core.event_handler.log_command:Invoked command in '/home/shodayuto/research/ros_ws/build/ignition_plugin_lecture' returned '0': CMAKE_PREFIX_PATH=${CMAKE_PREFIX_PATH}:/opt/ros/humble /usr/bin/cmake --install /home/shodayuto/research/ros_ws/build/ignition_plugin_lecture
[9.755s] Level 1:colcon.colcon_core.environment:checking '/home/shodayuto/research/ros_ws/install/ignition_plugin_lecture' for CMake config files
[9.755s] Level 1:colcon.colcon_core.shell:create_environment_hook('ignition_plugin_lecture', 'cmake_prefix_path')
[9.755s] INFO:colcon.colcon_core.shell:Creating environment hook '/home/shodayuto/research/ros_ws/install/ignition_plugin_lecture/share/ignition_plugin_lecture/hook/cmake_prefix_path.ps1'
[9.755s] INFO:colcon.colcon_core.shell:Creating environment descriptor '/home/shodayuto/research/ros_ws/install/ignition_plugin_lecture/share/ignition_plugin_lecture/hook/cmake_prefix_path.dsv'
[9.755s] INFO:colcon.colcon_core.shell:Creating environment hook '/home/shodayuto/research/ros_ws/install/ignition_plugin_lecture/share/ignition_plugin_lecture/hook/cmake_prefix_path.sh'
[9.756s] Level 1:colcon.colcon_core.environment:checking '/home/shodayuto/research/ros_ws/install/ignition_plugin_lecture/lib'
[9.756s] Level 1:colcon.colcon_core.shell:create_environment_hook('ignition_plugin_lecture', 'ld_library_path_lib')
[9.756s] INFO:colcon.colcon_core.shell:Creating environment hook '/home/shodayuto/research/ros_ws/install/ignition_plugin_lecture/share/ignition_plugin_lecture/hook/ld_library_path_lib.ps1'
[9.756s] INFO:colcon.colcon_core.shell:Creating environment descriptor '/home/shodayuto/research/ros_ws/install/ignition_plugin_lecture/share/ignition_plugin_lecture/hook/ld_library_path_lib.dsv'
[9.757s] INFO:colcon.colcon_core.shell:Creating environment hook '/home/shodayuto/research/ros_ws/install/ignition_plugin_lecture/share/ignition_plugin_lecture/hook/ld_library_path_lib.sh'
[9.757s] Level 1:colcon.colcon_core.environment:checking '/home/shodayuto/research/ros_ws/install/ignition_plugin_lecture/bin'
[9.757s] Level 1:colcon.colcon_core.environment:checking '/home/shodayuto/research/ros_ws/install/ignition_plugin_lecture/lib/pkgconfig/ignition_plugin_lecture.pc'
[9.757s] Level 1:colcon.colcon_core.environment:checking '/home/shodayuto/research/ros_ws/install/ignition_plugin_lecture/lib/python3.10/site-packages'
[9.757s] Level 1:colcon.colcon_core.environment:checking '/home/shodayuto/research/ros_ws/install/ignition_plugin_lecture/bin'
[9.757s] INFO:colcon.colcon_core.shell:Creating package script '/home/shodayuto/research/ros_ws/install/ignition_plugin_lecture/share/ignition_plugin_lecture/package.ps1'
[9.758s] INFO:colcon.colcon_core.shell:Creating package descriptor '/home/shodayuto/research/ros_ws/install/ignition_plugin_lecture/share/ignition_plugin_lecture/package.dsv'
[9.758s] INFO:colcon.colcon_core.shell:Creating package script '/home/shodayuto/research/ros_ws/install/ignition_plugin_lecture/share/ignition_plugin_lecture/package.sh'
[9.758s] INFO:colcon.colcon_core.shell:Creating package script '/home/shodayuto/research/ros_ws/install/ignition_plugin_lecture/share/ignition_plugin_lecture/package.bash'
[9.759s] INFO:colcon.colcon_core.shell:Creating package script '/home/shodayuto/research/ros_ws/install/ignition_plugin_lecture/share/ignition_plugin_lecture/package.zsh'
[9.759s] Level 1:colcon.colcon_core.environment:create_file_with_runtime_dependencies(/home/shodayuto/research/ros_ws/install/ignition_plugin_lecture/share/colcon-core/packages/ignition_plugin_lecture)
[9.759s] Level 1:colcon.colcon_core.environment:create_environment_scripts_only(ignition_plugin_lecture)
[9.760s] Level 1:colcon.colcon_core.environment:checking '/home/shodayuto/research/ros_ws/install/ignition_plugin_lecture' for CMake module files
[9.760s] Level 1:colcon.colcon_core.environment:checking '/home/shodayuto/research/ros_ws/install/ignition_plugin_lecture' for CMake config files
[9.760s] Level 1:colcon.colcon_core.shell:create_environment_hook('ignition_plugin_lecture', 'cmake_prefix_path')
[9.760s] INFO:colcon.colcon_core.shell:Creating environment hook '/home/shodayuto/research/ros_ws/install/ignition_plugin_lecture/share/ignition_plugin_lecture/hook/cmake_prefix_path.ps1'
[9.761s] INFO:colcon.colcon_core.shell:Creating environment descriptor '/home/shodayuto/research/ros_ws/install/ignition_plugin_lecture/share/ignition_plugin_lecture/hook/cmake_prefix_path.dsv'
[9.761s] INFO:colcon.colcon_core.shell:Creating environment hook '/home/shodayuto/research/ros_ws/install/ignition_plugin_lecture/share/ignition_plugin_lecture/hook/cmake_prefix_path.sh'
[9.761s] Level 1:colcon.colcon_core.environment:checking '/home/shodayuto/research/ros_ws/install/ignition_plugin_lecture/lib'
[9.761s] Level 1:colcon.colcon_core.shell:create_environment_hook('ignition_plugin_lecture', 'ld_library_path_lib')
[9.761s] INFO:colcon.colcon_core.shell:Creating environment hook '/home/shodayuto/research/ros_ws/install/ignition_plugin_lecture/share/ignition_plugin_lecture/hook/ld_library_path_lib.ps1'
[9.762s] INFO:colcon.colcon_core.shell:Creating environment descriptor '/home/shodayuto/research/ros_ws/install/ignition_plugin_lecture/share/ignition_plugin_lecture/hook/ld_library_path_lib.dsv'
[9.762s] INFO:colcon.colcon_core.shell:Creating environment hook '/home/shodayuto/research/ros_ws/install/ignition_plugin_lecture/share/ignition_plugin_lecture/hook/ld_library_path_lib.sh'
[9.762s] Level 1:colcon.colcon_core.environment:checking '/home/shodayuto/research/ros_ws/install/ignition_plugin_lecture/bin'
[9.762s] Level 1:colcon.colcon_core.environment:checking '/home/shodayuto/research/ros_ws/install/ignition_plugin_lecture/lib/pkgconfig/ignition_plugin_lecture.pc'
[9.762s] Level 1:colcon.colcon_core.environment:checking '/home/shodayuto/research/ros_ws/install/ignition_plugin_lecture/lib/python3.10/site-packages'
[9.763s] Level 1:colcon.colcon_core.environment:checking '/home/shodayuto/research/ros_ws/install/ignition_plugin_lecture/bin'
[9.763s] INFO:colcon.colcon_core.shell:Creating package script '/home/shodayuto/research/ros_ws/install/ignition_plugin_lecture/share/ignition_plugin_lecture/package.ps1'
[9.763s] INFO:colcon.colcon_core.shell:Creating package descriptor '/home/shodayuto/research/ros_ws/install/ignition_plugin_lecture/share/ignition_plugin_lecture/package.dsv'
[9.764s] INFO:colcon.colcon_core.shell:Creating package script '/home/shodayuto/research/ros_ws/install/ignition_plugin_lecture/share/ignition_plugin_lecture/package.sh'
[9.764s] INFO:colcon.colcon_core.shell:Creating package script '/home/shodayuto/research/ros_ws/install/ignition_plugin_lecture/share/ignition_plugin_lecture/package.bash'
[9.764s] INFO:colcon.colcon_core.shell:Creating package script '/home/shodayuto/research/ros_ws/install/ignition_plugin_lecture/share/ignition_plugin_lecture/package.zsh'
[9.765s] Level 1:colcon.colcon_core.environment:create_file_with_runtime_dependencies(/home/shodayuto/research/ros_ws/install/ignition_plugin_lecture/share/colcon-core/packages/ignition_plugin_lecture)
[9.765s] DEBUG:colcon.colcon_parallel_executor.executor.parallel:closing loop
[9.765s] DEBUG:colcon.colcon_parallel_executor.executor.parallel:loop closed
[9.765s] DEBUG:colcon.colcon_parallel_executor.executor.parallel:run_until_complete finished with '0'
[9.765s] DEBUG:colcon.colcon_core.event_reactor:joining thread
[9.772s] INFO:colcon.colcon_core.plugin_system:Skipping extension 'colcon_notification.desktop_notification.terminal_notifier': Not used on non-Darwin systems
[9.772s] INFO:colcon.colcon_core.plugin_system:Skipping extension 'colcon_notification.desktop_notification.win32': Not used on non-Windows systems
[9.772s] INFO:colcon.colcon_notification.desktop_notification:Sending desktop notification using 'notify2'
[9.779s] DEBUG:colcon.colcon_core.event_reactor:joined thread
[9.780s] INFO:colcon.colcon_core.shell:Creating prefix script '/home/shodayuto/research/ros_ws/install/local_setup.ps1'
[9.780s] INFO:colcon.colcon_core.shell:Creating prefix util module '/home/shodayuto/research/ros_ws/install/_local_setup_util_ps1.py'
[9.782s] INFO:colcon.colcon_core.shell:Creating prefix chain script '/home/shodayuto/research/ros_ws/install/setup.ps1'
[9.783s] INFO:colcon.colcon_core.shell:Creating prefix script '/home/shodayuto/research/ros_ws/install/local_setup.sh'
[9.784s] INFO:colcon.colcon_core.shell:Creating prefix util module '/home/shodayuto/research/ros_ws/install/_local_setup_util_sh.py'
[9.784s] INFO:colcon.colcon_core.shell:Creating prefix chain script '/home/shodayuto/research/ros_ws/install/setup.sh'
[9.785s] INFO:colcon.colcon_core.shell:Creating prefix script '/home/shodayuto/research/ros_ws/install/local_setup.bash'
[9.785s] INFO:colcon.colcon_core.shell:Creating prefix chain script '/home/shodayuto/research/ros_ws/install/setup.bash'
[9.786s] INFO:colcon.colcon_core.shell:Creating prefix script '/home/shodayuto/research/ros_ws/install/local_setup.zsh'
[9.786s] INFO:colcon.colcon_core.shell:Creating prefix chain script '/home/shodayuto/research/ros_ws/install/setup.zsh'
