[0.153s] DEBUG:colcon:Command line arguments: ['/usr/bin/colcon', 'build']
[0.153s] DEBUG:colcon:Parsed command line arguments: Namespace(log_base=None, log_level=None, verb_name='build', build_base='build', install_base='install', merge_install=False, symlink_install=False, test_result_base=None, continue_on_error=False, executor='parallel', parallel_workers=8, event_handlers=None, ignore_user_meta=False, metas=['./colcon.meta'], base_paths=['.'], packages_ignore=None, packages_ignore_regex=None, paths=None, packages_up_to=None, packages_up_to_regex=None, packages_above=None, packages_above_and_dependencies=None, packages_above_depth=None, packages_select_by_dep=None, packages_skip_by_dep=None, packages_skip_up_to=None, packages_select_build_failed=False, packages_skip_build_finished=False, packages_select_test_failures=False, packages_skip_test_passed=False, packages_select=None, packages_skip=None, packages_select_regex=None, packages_skip_regex=None, packages_start=None, packages_end=None, allow_overriding=[], cmake_args=None, cmake_target=None, cmake_target_skip_unavailable=False, cmake_clean_cache=False, cmake_clean_first=False, cmake_force_configure=False, ament_cmake_args=None, catkin_cmake_args=None, catkin_skip_building_tests=False, mixin_files=None, mixin=None, verb_parser=<colcon_mixin.mixin.mixin_argument.MixinArgumentDecorator object at 0x733d27775600>, verb_extension=<colcon_core.verb.build.BuildVerb object at 0x733d276dca30>, main=<bound method BuildVerb.main of <colcon_core.verb.build.BuildVerb object at 0x733d276dca30>>, mixin_verb=('build',))
[0.317s] Level 1:colcon.colcon_core.package_discovery:discover_packages(colcon_meta) check parameters
[0.318s] Level 1:colcon.colcon_core.package_discovery:discover_packages(recursive) check parameters
[0.318s] Level 1:colcon.colcon_core.package_discovery:discover_packages(ignore) check parameters
[0.318s] Level 1:colcon.colcon_core.package_discovery:discover_packages(path) check parameters
[0.318s] Level 1:colcon.colcon_core.package_discovery:discover_packages(colcon_meta) discover
[0.318s] Level 1:colcon.colcon_core.package_discovery:discover_packages(recursive) discover
[0.318s] INFO:colcon.colcon_core.package_discovery:Crawling recursively for packages in '/home/shodayuto/ros_ws'
[0.318s] Level 1:colcon.colcon_core.package_identification:_identify(.) by extensions ['ignore', 'ignore_ament_install']
[0.318s] Level 1:colcon.colcon_core.package_identification:_identify(.) by extension 'ignore'
[0.318s] Level 1:colcon.colcon_core.package_identification:_identify(.) by extension 'ignore_ament_install'
[0.318s] Level 1:colcon.colcon_core.package_identification:_identify(.) by extensions ['colcon_pkg']
[0.318s] Level 1:colcon.colcon_core.package_identification:_identify(.) by extension 'colcon_pkg'
[0.318s] Level 1:colcon.colcon_core.package_identification:_identify(.) by extensions ['colcon_meta']
[0.318s] Level 1:colcon.colcon_core.package_identification:_identify(.) by extension 'colcon_meta'
[0.318s] Level 1:colcon.colcon_core.package_identification:_identify(.) by extensions ['ros']
[0.318s] Level 1:colcon.colcon_core.package_identification:_identify(.) by extension 'ros'
[0.328s] Level 1:colcon.colcon_core.package_identification:_identify(.) by extensions ['cmake', 'python']
[0.328s] Level 1:colcon.colcon_core.package_identification:_identify(.) by extension 'cmake'
[0.328s] Level 1:colcon.colcon_core.package_identification:_identify(.) by extension 'python'
[0.328s] Level 1:colcon.colcon_core.package_identification:_identify(.) by extensions ['python_setup_py']
[0.328s] Level 1:colcon.colcon_core.package_identification:_identify(.) by extension 'python_setup_py'
[0.328s] Level 1:colcon.colcon_core.package_identification:_identify(build) by extensions ['ignore', 'ignore_ament_install']
[0.328s] Level 1:colcon.colcon_core.package_identification:_identify(build) by extension 'ignore'
[0.328s] Level 1:colcon.colcon_core.package_identification:_identify(build) ignored
[0.328s] Level 1:colcon.colcon_core.package_identification:_identify(install) by extensions ['ignore', 'ignore_ament_install']
[0.328s] Level 1:colcon.colcon_core.package_identification:_identify(install) by extension 'ignore'
[0.328s] Level 1:colcon.colcon_core.package_identification:_identify(install) ignored
[0.329s] Level 1:colcon.colcon_core.package_identification:_identify(log) by extensions ['ignore', 'ignore_ament_install']
[0.329s] Level 1:colcon.colcon_core.package_identification:_identify(log) by extension 'ignore'
[0.329s] Level 1:colcon.colcon_core.package_identification:_identify(log) ignored
[0.329s] Level 1:colcon.colcon_core.package_identification:_identify(src) by extensions ['ignore', 'ignore_ament_install']
[0.329s] Level 1:colcon.colcon_core.package_identification:_identify(src) by extension 'ignore'
[0.329s] Level 1:colcon.colcon_core.package_identification:_identify(src) by extension 'ignore_ament_install'
[0.329s] Level 1:colcon.colcon_core.package_identification:_identify(src) by extensions ['colcon_pkg']
[0.329s] Level 1:colcon.colcon_core.package_identification:_identify(src) by extension 'colcon_pkg'
[0.329s] Level 1:colcon.colcon_core.package_identification:_identify(src) by extensions ['colcon_meta']
[0.329s] Level 1:colcon.colcon_core.package_identification:_identify(src) by extension 'colcon_meta'
[0.329s] Level 1:colcon.colcon_core.package_identification:_identify(src) by extensions ['ros']
[0.329s] Level 1:colcon.colcon_core.package_identification:_identify(src) by extension 'ros'
[0.329s] Level 1:colcon.colcon_core.package_identification:_identify(src) by extensions ['cmake', 'python']
[0.329s] Level 1:colcon.colcon_core.package_identification:_identify(src) by extension 'cmake'
[0.329s] Level 1:colcon.colcon_core.package_identification:_identify(src) by extension 'python'
[0.330s] Level 1:colcon.colcon_core.package_identification:_identify(src) by extensions ['python_setup_py']
[0.330s] Level 1:colcon.colcon_core.package_identification:_identify(src) by extension 'python_setup_py'
[0.330s] Level 1:colcon.colcon_core.package_identification:_identify(src/ignition_lecture) by extensions ['ignore', 'ignore_ament_install']
[0.330s] Level 1:colcon.colcon_core.package_identification:_identify(src/ignition_lecture) by extension 'ignore'
[0.330s] Level 1:colcon.colcon_core.package_identification:_identify(src/ignition_lecture) by extension 'ignore_ament_install'
[0.330s] Level 1:colcon.colcon_core.package_identification:_identify(src/ignition_lecture) by extensions ['colcon_pkg']
[0.330s] Level 1:colcon.colcon_core.package_identification:_identify(src/ignition_lecture) by extension 'colcon_pkg'
[0.330s] Level 1:colcon.colcon_core.package_identification:_identify(src/ignition_lecture) by extensions ['colcon_meta']
[0.330s] Level 1:colcon.colcon_core.package_identification:_identify(src/ignition_lecture) by extension 'colcon_meta'
[0.330s] Level 1:colcon.colcon_core.package_identification:_identify(src/ignition_lecture) by extensions ['ros']
[0.330s] Level 1:colcon.colcon_core.package_identification:_identify(src/ignition_lecture) by extension 'ros'
[0.334s] DEBUG:colcon.colcon_core.package_identification:Package 'src/ignition_lecture' with type 'ros.ament_cmake' and name 'ignition_lecture'
[0.334s] Level 1:colcon.colcon_core.package_identification:_identify(src/ignition_plugin_lecture) by extensions ['ignore', 'ignore_ament_install']
[0.334s] Level 1:colcon.colcon_core.package_identification:_identify(src/ignition_plugin_lecture) by extension 'ignore'
[0.334s] Level 1:colcon.colcon_core.package_identification:_identify(src/ignition_plugin_lecture) by extension 'ignore_ament_install'
[0.334s] Level 1:colcon.colcon_core.package_identification:_identify(src/ignition_plugin_lecture) by extensions ['colcon_pkg']
[0.334s] Level 1:colcon.colcon_core.package_identification:_identify(src/ignition_plugin_lecture) by extension 'colcon_pkg'
[0.334s] Level 1:colcon.colcon_core.package_identification:_identify(src/ignition_plugin_lecture) by extensions ['colcon_meta']
[0.334s] Level 1:colcon.colcon_core.package_identification:_identify(src/ignition_plugin_lecture) by extension 'colcon_meta'
[0.334s] Level 1:colcon.colcon_core.package_identification:_identify(src/ignition_plugin_lecture) by extensions ['ros']
[0.334s] Level 1:colcon.colcon_core.package_identification:_identify(src/ignition_plugin_lecture) by extension 'ros'
[0.335s] DEBUG:colcon.colcon_core.package_identification:Package 'src/ignition_plugin_lecture' with type 'ros.ament_cmake' and name 'ignition_plugin_lecture'
[0.335s] Level 1:colcon.colcon_core.package_identification:_identify(src/sam_bot_description_ws) by extensions ['ignore', 'ignore_ament_install']
[0.335s] Level 1:colcon.colcon_core.package_identification:_identify(src/sam_bot_description_ws) by extension 'ignore'
[0.335s] Level 1:colcon.colcon_core.package_identification:_identify(src/sam_bot_description_ws) by extension 'ignore_ament_install'
[0.335s] Level 1:colcon.colcon_core.package_identification:_identify(src/sam_bot_description_ws) by extensions ['colcon_pkg']
[0.335s] Level 1:colcon.colcon_core.package_identification:_identify(src/sam_bot_description_ws) by extension 'colcon_pkg'
[0.335s] Level 1:colcon.colcon_core.package_identification:_identify(src/sam_bot_description_ws) by extensions ['colcon_meta']
[0.335s] Level 1:colcon.colcon_core.package_identification:_identify(src/sam_bot_description_ws) by extension 'colcon_meta'
[0.335s] Level 1:colcon.colcon_core.package_identification:_identify(src/sam_bot_description_ws) by extensions ['ros']
[0.335s] Level 1:colcon.colcon_core.package_identification:_identify(src/sam_bot_description_ws) by extension 'ros'
[0.336s] Level 1:colcon.colcon_core.package_identification:_identify(src/sam_bot_description_ws) by extensions ['cmake', 'python']
[0.336s] Level 1:colcon.colcon_core.package_identification:_identify(src/sam_bot_description_ws) by extension 'cmake'
[0.336s] Level 1:colcon.colcon_core.package_identification:_identify(src/sam_bot_description_ws) by extension 'python'
[0.336s] Level 1:colcon.colcon_core.package_identification:_identify(src/sam_bot_description_ws) by extensions ['python_setup_py']
[0.336s] Level 1:colcon.colcon_core.package_identification:_identify(src/sam_bot_description_ws) by extension 'python_setup_py'
[0.336s] Level 1:colcon.colcon_core.package_identification:_identify(src/sam_bot_description_ws/build) by extensions ['ignore', 'ignore_ament_install']
[0.336s] Level 1:colcon.colcon_core.package_identification:_identify(src/sam_bot_description_ws/build) by extension 'ignore'
[0.336s] Level 1:colcon.colcon_core.package_identification:_identify(src/sam_bot_description_ws/build) ignored
[0.336s] Level 1:colcon.colcon_core.package_identification:_identify(src/sam_bot_description_ws/install) by extensions ['ignore', 'ignore_ament_install']
[0.336s] Level 1:colcon.colcon_core.package_identification:_identify(src/sam_bot_description_ws/install) by extension 'ignore'
[0.336s] Level 1:colcon.colcon_core.package_identification:_identify(src/sam_bot_description_ws/install) ignored
[0.336s] Level 1:colcon.colcon_core.package_identification:_identify(src/sam_bot_description_ws/log) by extensions ['ignore', 'ignore_ament_install']
[0.336s] Level 1:colcon.colcon_core.package_identification:_identify(src/sam_bot_description_ws/log) by extension 'ignore'
[0.336s] Level 1:colcon.colcon_core.package_identification:_identify(src/sam_bot_description_ws/log) ignored
[0.336s] Level 1:colcon.colcon_core.package_identification:_identify(src/sam_bot_description_ws/src) by extensions ['ignore', 'ignore_ament_install']
[0.337s] Level 1:colcon.colcon_core.package_identification:_identify(src/sam_bot_description_ws/src) by extension 'ignore'
[0.337s] Level 1:colcon.colcon_core.package_identification:_identify(src/sam_bot_description_ws/src) by extension 'ignore_ament_install'
[0.337s] Level 1:colcon.colcon_core.package_identification:_identify(src/sam_bot_description_ws/src) by extensions ['colcon_pkg']
[0.337s] Level 1:colcon.colcon_core.package_identification:_identify(src/sam_bot_description_ws/src) by extension 'colcon_pkg'
[0.337s] Level 1:colcon.colcon_core.package_identification:_identify(src/sam_bot_description_ws/src) by extensions ['colcon_meta']
[0.337s] Level 1:colcon.colcon_core.package_identification:_identify(src/sam_bot_description_ws/src) by extension 'colcon_meta'
[0.337s] Level 1:colcon.colcon_core.package_identification:_identify(src/sam_bot_description_ws/src) by extensions ['ros']
[0.337s] Level 1:colcon.colcon_core.package_identification:_identify(src/sam_bot_description_ws/src) by extension 'ros'
[0.337s] Level 1:colcon.colcon_core.package_identification:_identify(src/sam_bot_description_ws/src) by extensions ['cmake', 'python']
[0.337s] Level 1:colcon.colcon_core.package_identification:_identify(src/sam_bot_description_ws/src) by extension 'cmake'
[0.337s] Level 1:colcon.colcon_core.package_identification:_identify(src/sam_bot_description_ws/src) by extension 'python'
[0.337s] Level 1:colcon.colcon_core.package_identification:_identify(src/sam_bot_description_ws/src) by extensions ['python_setup_py']
[0.337s] Level 1:colcon.colcon_core.package_identification:_identify(src/sam_bot_description_ws/src) by extension 'python_setup_py'
[0.337s] Level 1:colcon.colcon_core.package_identification:_identify(src/sam_bot_description_ws/src/build) by extensions ['ignore', 'ignore_ament_install']
[0.337s] Level 1:colcon.colcon_core.package_identification:_identify(src/sam_bot_description_ws/src/build) by extension 'ignore'
[0.337s] Level 1:colcon.colcon_core.package_identification:_identify(src/sam_bot_description_ws/src/build) ignored
[0.337s] Level 1:colcon.colcon_core.package_identification:_identify(src/sam_bot_description_ws/src/install) by extensions ['ignore', 'ignore_ament_install']
[0.337s] Level 1:colcon.colcon_core.package_identification:_identify(src/sam_bot_description_ws/src/install) by extension 'ignore'
[0.338s] Level 1:colcon.colcon_core.package_identification:_identify(src/sam_bot_description_ws/src/install) ignored
[0.338s] Level 1:colcon.colcon_core.package_identification:_identify(src/sam_bot_description_ws/src/log) by extensions ['ignore', 'ignore_ament_install']
[0.338s] Level 1:colcon.colcon_core.package_identification:_identify(src/sam_bot_description_ws/src/log) by extension 'ignore'
[0.338s] Level 1:colcon.colcon_core.package_identification:_identify(src/sam_bot_description_ws/src/log) ignored
[0.338s] Level 1:colcon.colcon_core.package_identification:_identify(src/sam_bot_description_ws/src/sam_bot_description) by extensions ['ignore', 'ignore_ament_install']
[0.338s] Level 1:colcon.colcon_core.package_identification:_identify(src/sam_bot_description_ws/src/sam_bot_description) by extension 'ignore'
[0.338s] Level 1:colcon.colcon_core.package_identification:_identify(src/sam_bot_description_ws/src/sam_bot_description) by extension 'ignore_ament_install'
[0.338s] Level 1:colcon.colcon_core.package_identification:_identify(src/sam_bot_description_ws/src/sam_bot_description) by extensions ['colcon_pkg']
[0.338s] Level 1:colcon.colcon_core.package_identification:_identify(src/sam_bot_description_ws/src/sam_bot_description) by extension 'colcon_pkg'
[0.338s] Level 1:colcon.colcon_core.package_identification:_identify(src/sam_bot_description_ws/src/sam_bot_description) by extensions ['colcon_meta']
[0.338s] Level 1:colcon.colcon_core.package_identification:_identify(src/sam_bot_description_ws/src/sam_bot_description) by extension 'colcon_meta'
[0.338s] Level 1:colcon.colcon_core.package_identification:_identify(src/sam_bot_description_ws/src/sam_bot_description) by extensions ['ros']
[0.338s] Level 1:colcon.colcon_core.package_identification:_identify(src/sam_bot_description_ws/src/sam_bot_description) by extension 'ros'
[0.349s] DEBUG:colcon.colcon_core.package_identification:Package 'src/sam_bot_description_ws/src/sam_bot_description' with type 'ros.ament_cmake' and name 'sam_bot_description'
[0.349s] Level 1:colcon.colcon_core.package_discovery:discover_packages(recursive) using defaults
[0.349s] Level 1:colcon.colcon_core.package_discovery:discover_packages(ignore) discover
[0.349s] Level 1:colcon.colcon_core.package_discovery:discover_packages(ignore) using defaults
[0.349s] Level 1:colcon.colcon_core.package_discovery:discover_packages(path) discover
[0.349s] Level 1:colcon.colcon_core.package_discovery:discover_packages(path) using defaults
[0.382s] Level 1:colcon.colcon_core.package_discovery:discover_packages(prefix_path) check parameters
[0.382s] Level 1:colcon.colcon_core.package_discovery:discover_packages(prefix_path) discover
[0.385s] DEBUG:colcon.colcon_installed_package_information.package_discovery:Found 2 installed packages in /home/shodayuto/ros_ws/install
[0.386s] DEBUG:colcon.colcon_installed_package_information.package_discovery:Found 16 installed packages in /home/shodayuto/turtlebot3_ws/install
[0.387s] DEBUG:colcon.colcon_installed_package_information.package_discovery:Found 351 installed packages in /opt/ros/humble
[0.389s] Level 1:colcon.colcon_core.package_discovery:discover_packages(prefix_path) using defaults
[0.430s] Level 5:colcon.colcon_core.verb:set package 'ignition_lecture' build argument 'cmake_args' from command line to 'None'
[0.430s] Level 5:colcon.colcon_core.verb:set package 'ignition_lecture' build argument 'cmake_target' from command line to 'None'
[0.430s] Level 5:colcon.colcon_core.verb:set package 'ignition_lecture' build argument 'cmake_target_skip_unavailable' from command line to 'False'
[0.430s] Level 5:colcon.colcon_core.verb:set package 'ignition_lecture' build argument 'cmake_clean_cache' from command line to 'False'
[0.430s] Level 5:colcon.colcon_core.verb:set package 'ignition_lecture' build argument 'cmake_clean_first' from command line to 'False'
[0.430s] Level 5:colcon.colcon_core.verb:set package 'ignition_lecture' build argument 'cmake_force_configure' from command line to 'False'
[0.430s] Level 5:colcon.colcon_core.verb:set package 'ignition_lecture' build argument 'ament_cmake_args' from command line to 'None'
[0.430s] Level 5:colcon.colcon_core.verb:set package 'ignition_lecture' build argument 'catkin_cmake_args' from command line to 'None'
[0.430s] Level 5:colcon.colcon_core.verb:set package 'ignition_lecture' build argument 'catkin_skip_building_tests' from command line to 'False'
[0.430s] DEBUG:colcon.colcon_core.verb:Building package 'ignition_lecture' with the following arguments: {'ament_cmake_args': None, 'build_base': '/home/shodayuto/ros_ws/build/ignition_lecture', 'catkin_cmake_args': None, 'catkin_skip_building_tests': False, 'cmake_args': None, 'cmake_clean_cache': False, 'cmake_clean_first': False, 'cmake_force_configure': False, 'cmake_target': None, 'cmake_target_skip_unavailable': False, 'install_base': '/home/shodayuto/ros_ws/install/ignition_lecture', 'merge_install': False, 'path': '/home/shodayuto/ros_ws/src/ignition_lecture', 'symlink_install': False, 'test_result_base': None}
[0.431s] Level 5:colcon.colcon_core.verb:set package 'ignition_plugin_lecture' build argument 'cmake_args' from command line to 'None'
[0.431s] Level 5:colcon.colcon_core.verb:set package 'ignition_plugin_lecture' build argument 'cmake_target' from command line to 'None'
[0.431s] Level 5:colcon.colcon_core.verb:set package 'ignition_plugin_lecture' build argument 'cmake_target_skip_unavailable' from command line to 'False'
[0.431s] Level 5:colcon.colcon_core.verb:set package 'ignition_plugin_lecture' build argument 'cmake_clean_cache' from command line to 'False'
[0.431s] Level 5:colcon.colcon_core.verb:set package 'ignition_plugin_lecture' build argument 'cmake_clean_first' from command line to 'False'
[0.431s] Level 5:colcon.colcon_core.verb:set package 'ignition_plugin_lecture' build argument 'cmake_force_configure' from command line to 'False'
[0.431s] Level 5:colcon.colcon_core.verb:set package 'ignition_plugin_lecture' build argument 'ament_cmake_args' from command line to 'None'
[0.431s] Level 5:colcon.colcon_core.verb:set package 'ignition_plugin_lecture' build argument 'catkin_cmake_args' from command line to 'None'
[0.431s] Level 5:colcon.colcon_core.verb:set package 'ignition_plugin_lecture' build argument 'catkin_skip_building_tests' from command line to 'False'
[0.431s] DEBUG:colcon.colcon_core.verb:Building package 'ignition_plugin_lecture' with the following arguments: {'ament_cmake_args': None, 'build_base': '/home/shodayuto/ros_ws/build/ignition_plugin_lecture', 'catkin_cmake_args': None, 'catkin_skip_building_tests': False, 'cmake_args': None, 'cmake_clean_cache': False, 'cmake_clean_first': False, 'cmake_force_configure': False, 'cmake_target': None, 'cmake_target_skip_unavailable': False, 'install_base': '/home/shodayuto/ros_ws/install/ignition_plugin_lecture', 'merge_install': False, 'path': '/home/shodayuto/ros_ws/src/ignition_plugin_lecture', 'symlink_install': False, 'test_result_base': None}
[0.431s] Level 5:colcon.colcon_core.verb:set package 'sam_bot_description' build argument 'cmake_args' from command line to 'None'
[0.431s] Level 5:colcon.colcon_core.verb:set package 'sam_bot_description' build argument 'cmake_target' from command line to 'None'
[0.431s] Level 5:colcon.colcon_core.verb:set package 'sam_bot_description' build argument 'cmake_target_skip_unavailable' from command line to 'False'
[0.431s] Level 5:colcon.colcon_core.verb:set package 'sam_bot_description' build argument 'cmake_clean_cache' from command line to 'False'
[0.431s] Level 5:colcon.colcon_core.verb:set package 'sam_bot_description' build argument 'cmake_clean_first' from command line to 'False'
[0.431s] Level 5:colcon.colcon_core.verb:set package 'sam_bot_description' build argument 'cmake_force_configure' from command line to 'False'
[0.431s] Level 5:colcon.colcon_core.verb:set package 'sam_bot_description' build argument 'ament_cmake_args' from command line to 'None'
[0.431s] Level 5:colcon.colcon_core.verb:set package 'sam_bot_description' build argument 'catkin_cmake_args' from command line to 'None'
[0.431s] Level 5:colcon.colcon_core.verb:set package 'sam_bot_description' build argument 'catkin_skip_building_tests' from command line to 'False'
[0.432s] DEBUG:colcon.colcon_core.verb:Building package 'sam_bot_description' with the following arguments: {'ament_cmake_args': None, 'build_base': '/home/shodayuto/ros_ws/build/sam_bot_description', 'catkin_cmake_args': None, 'catkin_skip_building_tests': False, 'cmake_args': None, 'cmake_clean_cache': False, 'cmake_clean_first': False, 'cmake_force_configure': False, 'cmake_target': None, 'cmake_target_skip_unavailable': False, 'install_base': '/home/shodayuto/ros_ws/install/sam_bot_description', 'merge_install': False, 'path': '/home/shodayuto/ros_ws/src/sam_bot_description_ws/src/sam_bot_description', 'symlink_install': False, 'test_result_base': None}
[0.432s] INFO:colcon.colcon_core.executor:Executing jobs using 'parallel' executor
[0.433s] DEBUG:colcon.colcon_parallel_executor.executor.parallel:run_until_complete
[0.433s] INFO:colcon.colcon_ros.task.ament_cmake.build:Building ROS package in '/home/shodayuto/ros_ws/src/ignition_lecture' with build type 'ament_cmake'
[0.433s] INFO:colcon.colcon_cmake.task.cmake.build:Building CMake package in '/home/shodayuto/ros_ws/src/ignition_lecture'
[0.438s] INFO:colcon.colcon_core.plugin_system:Skipping extension 'colcon_core.shell.bat': Not used on non-Windows systems
[0.438s] INFO:colcon.colcon_core.shell:Skip shell extension 'powershell' for command environment: Not usable outside of PowerShell
[0.438s] DEBUG:colcon.colcon_core.shell:Skip shell extension 'dsv' for command environment
[0.442s] INFO:colcon.colcon_ros.task.ament_cmake.build:Building ROS package in '/home/shodayuto/ros_ws/src/ignition_plugin_lecture' with build type 'ament_cmake'
[0.442s] INFO:colcon.colcon_cmake.task.cmake.build:Building CMake package in '/home/shodayuto/ros_ws/src/ignition_plugin_lecture'
[0.442s] INFO:colcon.colcon_core.shell:Skip shell extension 'powershell' for command environment: Not usable outside of PowerShell
[0.443s] DEBUG:colcon.colcon_core.shell:Skip shell extension 'dsv' for command environment
[0.446s] INFO:colcon.colcon_ros.task.ament_cmake.build:Building ROS package in '/home/shodayuto/ros_ws/src/sam_bot_description_ws/src/sam_bot_description' with build type 'ament_cmake'
[0.446s] INFO:colcon.colcon_cmake.task.cmake.build:Building CMake package in '/home/shodayuto/ros_ws/src/sam_bot_description_ws/src/sam_bot_description'
[0.447s] INFO:colcon.colcon_core.shell:Skip shell extension 'powershell' for command environment: Not usable outside of PowerShell
[0.447s] DEBUG:colcon.colcon_core.shell:Skip shell extension 'dsv' for command environment
[0.456s] DEBUG:colcon.colcon_core.event_handler.log_command:Invoking command in '/home/shodayuto/ros_ws/build/ignition_lecture': CMAKE_PREFIX_PATH=${CMAKE_PREFIX_PATH}:/home/shodayuto/turtlebot3_ws/install/turtlebot3_teleop:/home/shodayuto/turtlebot3_ws/install/turtlebot3_example:/opt/ros/humble /usr/bin/cmake --build /home/shodayuto/ros_ws/build/ignition_lecture -- -j8 -l8
[0.459s] DEBUG:colcon.colcon_core.event_handler.log_command:Invoking command in '/home/shodayuto/ros_ws/build/ignition_plugin_lecture': CMAKE_PREFIX_PATH=${CMAKE_PREFIX_PATH}:/home/shodayuto/turtlebot3_ws/install/turtlebot3_teleop:/home/shodayuto/turtlebot3_ws/install/turtlebot3_example:/opt/ros/humble /usr/bin/cmake --build /home/shodayuto/ros_ws/build/ignition_plugin_lecture -- -j8 -l8
[0.462s] DEBUG:colcon.colcon_core.event_handler.log_command:Invoking command in '/home/shodayuto/ros_ws/build/sam_bot_description': CMAKE_PREFIX_PATH=${CMAKE_PREFIX_PATH}:/home/shodayuto/turtlebot3_ws/install/turtlebot3_teleop:/home/shodayuto/turtlebot3_ws/install/turtlebot3_example:/opt/ros/humble /usr/bin/cmake /home/shodayuto/ros_ws/src/sam_bot_description_ws/src/sam_bot_description -DCMAKE_INSTALL_PREFIX=/home/shodayuto/ros_ws/install/sam_bot_description
[0.486s] DEBUG:colcon.colcon_core.event_handler.log_command:Invoked command in '/home/shodayuto/ros_ws/build/ignition_lecture' returned '0': CMAKE_PREFIX_PATH=${CMAKE_PREFIX_PATH}:/home/shodayuto/turtlebot3_ws/install/turtlebot3_teleop:/home/shodayuto/turtlebot3_ws/install/turtlebot3_example:/opt/ros/humble /usr/bin/cmake --build /home/shodayuto/ros_ws/build/ignition_lecture -- -j8 -l8
[0.495s] DEBUG:colcon.colcon_core.event_handler.log_command:Invoking command in '/home/shodayuto/ros_ws/build/ignition_lecture': CMAKE_PREFIX_PATH=${CMAKE_PREFIX_PATH}:/home/shodayuto/turtlebot3_ws/install/turtlebot3_teleop:/home/shodayuto/turtlebot3_ws/install/turtlebot3_example:/opt/ros/humble /usr/bin/cmake --install /home/shodayuto/ros_ws/build/ignition_lecture
[0.506s] Level 1:colcon.colcon_core.environment:create_environment_scripts_only(ignition_lecture)
[0.507s] DEBUG:colcon.colcon_core.event_handler.log_command:Invoked command in '/home/shodayuto/ros_ws/build/ignition_lecture' returned '0': CMAKE_PREFIX_PATH=${CMAKE_PREFIX_PATH}:/home/shodayuto/turtlebot3_ws/install/turtlebot3_teleop:/home/shodayuto/turtlebot3_ws/install/turtlebot3_example:/opt/ros/humble /usr/bin/cmake --install /home/shodayuto/ros_ws/build/ignition_lecture
[0.511s] Level 1:colcon.colcon_core.environment:checking '/home/shodayuto/ros_ws/install/ignition_lecture' for CMake module files
[0.512s] Level 1:colcon.colcon_core.environment:checking '/home/shodayuto/ros_ws/install/ignition_lecture' for CMake config files
[0.512s] Level 1:colcon.colcon_core.shell:create_environment_hook('ignition_lecture', 'cmake_prefix_path')
[0.512s] INFO:colcon.colcon_core.shell:Creating environment hook '/home/shodayuto/ros_ws/install/ignition_lecture/share/ignition_lecture/hook/cmake_prefix_path.ps1'
[0.513s] INFO:colcon.colcon_core.shell:Creating environment descriptor '/home/shodayuto/ros_ws/install/ignition_lecture/share/ignition_lecture/hook/cmake_prefix_path.dsv'
[0.514s] INFO:colcon.colcon_core.shell:Creating environment hook '/home/shodayuto/ros_ws/install/ignition_lecture/share/ignition_lecture/hook/cmake_prefix_path.sh'
[0.515s] Level 1:colcon.colcon_core.environment:checking '/home/shodayuto/ros_ws/install/ignition_lecture/bin'
[0.515s] Level 1:colcon.colcon_core.environment:checking '/home/shodayuto/ros_ws/install/ignition_lecture/lib/pkgconfig/ignition_lecture.pc'
[0.516s] Level 1:colcon.colcon_core.environment:checking '/home/shodayuto/ros_ws/install/ignition_lecture/lib/python3.10/site-packages'
[0.516s] Level 1:colcon.colcon_core.environment:checking '/home/shodayuto/ros_ws/install/ignition_lecture/bin'
[0.516s] INFO:colcon.colcon_core.shell:Creating package script '/home/shodayuto/ros_ws/install/ignition_lecture/share/ignition_lecture/package.ps1'
[0.517s] INFO:colcon.colcon_core.shell:Creating package descriptor '/home/shodayuto/ros_ws/install/ignition_lecture/share/ignition_lecture/package.dsv'
[0.518s] INFO:colcon.colcon_core.shell:Creating package script '/home/shodayuto/ros_ws/install/ignition_lecture/share/ignition_lecture/package.sh'
[0.519s] INFO:colcon.colcon_core.shell:Creating package script '/home/shodayuto/ros_ws/install/ignition_lecture/share/ignition_lecture/package.bash'
[0.519s] INFO:colcon.colcon_core.shell:Creating package script '/home/shodayuto/ros_ws/install/ignition_lecture/share/ignition_lecture/package.zsh'
[0.520s] Level 1:colcon.colcon_core.environment:create_file_with_runtime_dependencies(/home/shodayuto/ros_ws/install/ignition_lecture/share/colcon-core/packages/ignition_lecture)
[0.521s] Level 1:colcon.colcon_core.environment:create_environment_scripts_only(ignition_lecture)
[0.521s] Level 1:colcon.colcon_core.environment:checking '/home/shodayuto/ros_ws/install/ignition_lecture' for CMake module files
[0.522s] Level 1:colcon.colcon_core.environment:checking '/home/shodayuto/ros_ws/install/ignition_lecture' for CMake config files
[0.522s] Level 1:colcon.colcon_core.shell:create_environment_hook('ignition_lecture', 'cmake_prefix_path')
[0.522s] INFO:colcon.colcon_core.shell:Creating environment hook '/home/shodayuto/ros_ws/install/ignition_lecture/share/ignition_lecture/hook/cmake_prefix_path.ps1'
[0.523s] INFO:colcon.colcon_core.shell:Creating environment descriptor '/home/shodayuto/ros_ws/install/ignition_lecture/share/ignition_lecture/hook/cmake_prefix_path.dsv'
[0.523s] INFO:colcon.colcon_core.shell:Creating environment hook '/home/shodayuto/ros_ws/install/ignition_lecture/share/ignition_lecture/hook/cmake_prefix_path.sh'
[0.524s] Level 1:colcon.colcon_core.environment:checking '/home/shodayuto/ros_ws/install/ignition_lecture/bin'
[0.524s] Level 1:colcon.colcon_core.environment:checking '/home/shodayuto/ros_ws/install/ignition_lecture/lib/pkgconfig/ignition_lecture.pc'
[0.524s] Level 1:colcon.colcon_core.environment:checking '/home/shodayuto/ros_ws/install/ignition_lecture/lib/python3.10/site-packages'
[0.524s] Level 1:colcon.colcon_core.environment:checking '/home/shodayuto/ros_ws/install/ignition_lecture/bin'
[0.525s] INFO:colcon.colcon_core.shell:Creating package script '/home/shodayuto/ros_ws/install/ignition_lecture/share/ignition_lecture/package.ps1'
[0.526s] INFO:colcon.colcon_core.shell:Creating package descriptor '/home/shodayuto/ros_ws/install/ignition_lecture/share/ignition_lecture/package.dsv'
[0.526s] INFO:colcon.colcon_core.shell:Creating package script '/home/shodayuto/ros_ws/install/ignition_lecture/share/ignition_lecture/package.sh'
[0.527s] INFO:colcon.colcon_core.shell:Creating package script '/home/shodayuto/ros_ws/install/ignition_lecture/share/ignition_lecture/package.bash'
[0.527s] INFO:colcon.colcon_core.shell:Creating package script '/home/shodayuto/ros_ws/install/ignition_lecture/share/ignition_lecture/package.zsh'
[0.528s] Level 1:colcon.colcon_core.environment:create_file_with_runtime_dependencies(/home/shodayuto/ros_ws/install/ignition_lecture/share/colcon-core/packages/ignition_lecture)
[0.554s] DEBUG:colcon.colcon_core.event_handler.log_command:Invoked command in '/home/shodayuto/ros_ws/build/ignition_plugin_lecture' returned '0': CMAKE_PREFIX_PATH=${CMAKE_PREFIX_PATH}:/home/shodayuto/turtlebot3_ws/install/turtlebot3_teleop:/home/shodayuto/turtlebot3_ws/install/turtlebot3_example:/opt/ros/humble /usr/bin/cmake --build /home/shodayuto/ros_ws/build/ignition_plugin_lecture -- -j8 -l8
[0.556s] DEBUG:colcon.colcon_core.event_handler.log_command:Invoking command in '/home/shodayuto/ros_ws/build/ignition_plugin_lecture': CMAKE_PREFIX_PATH=${CMAKE_PREFIX_PATH}:/home/shodayuto/turtlebot3_ws/install/turtlebot3_teleop:/home/shodayuto/turtlebot3_ws/install/turtlebot3_example:/opt/ros/humble /usr/bin/cmake --install /home/shodayuto/ros_ws/build/ignition_plugin_lecture
[0.564s] Level 1:colcon.colcon_core.environment:create_environment_scripts_only(ignition_plugin_lecture)
[0.564s] Level 1:colcon.colcon_core.environment:checking '/home/shodayuto/ros_ws/install/ignition_plugin_lecture' for CMake module files
[0.565s] DEBUG:colcon.colcon_core.event_handler.log_command:Invoked command in '/home/shodayuto/ros_ws/build/ignition_plugin_lecture' returned '0': CMAKE_PREFIX_PATH=${CMAKE_PREFIX_PATH}:/home/shodayuto/turtlebot3_ws/install/turtlebot3_teleop:/home/shodayuto/turtlebot3_ws/install/turtlebot3_example:/opt/ros/humble /usr/bin/cmake --install /home/shodayuto/ros_ws/build/ignition_plugin_lecture
[0.565s] Level 1:colcon.colcon_core.environment:checking '/home/shodayuto/ros_ws/install/ignition_plugin_lecture' for CMake config files
[0.565s] Level 1:colcon.colcon_core.shell:create_environment_hook('ignition_plugin_lecture', 'cmake_prefix_path')
[0.566s] INFO:colcon.colcon_core.shell:Creating environment hook '/home/shodayuto/ros_ws/install/ignition_plugin_lecture/share/ignition_plugin_lecture/hook/cmake_prefix_path.ps1'
[0.566s] INFO:colcon.colcon_core.shell:Creating environment descriptor '/home/shodayuto/ros_ws/install/ignition_plugin_lecture/share/ignition_plugin_lecture/hook/cmake_prefix_path.dsv'
[0.566s] INFO:colcon.colcon_core.shell:Creating environment hook '/home/shodayuto/ros_ws/install/ignition_plugin_lecture/share/ignition_plugin_lecture/hook/cmake_prefix_path.sh'
[0.567s] Level 1:colcon.colcon_core.environment:checking '/home/shodayuto/ros_ws/install/ignition_plugin_lecture/lib'
[0.567s] Level 1:colcon.colcon_core.shell:create_environment_hook('ignition_plugin_lecture', 'ld_library_path_lib')
[0.567s] INFO:colcon.colcon_core.shell:Creating environment hook '/home/shodayuto/ros_ws/install/ignition_plugin_lecture/share/ignition_plugin_lecture/hook/ld_library_path_lib.ps1'
[0.568s] INFO:colcon.colcon_core.shell:Creating environment descriptor '/home/shodayuto/ros_ws/install/ignition_plugin_lecture/share/ignition_plugin_lecture/hook/ld_library_path_lib.dsv'
[0.568s] INFO:colcon.colcon_core.shell:Creating environment hook '/home/shodayuto/ros_ws/install/ignition_plugin_lecture/share/ignition_plugin_lecture/hook/ld_library_path_lib.sh'
[0.569s] Level 1:colcon.colcon_core.environment:checking '/home/shodayuto/ros_ws/install/ignition_plugin_lecture/bin'
[0.569s] Level 1:colcon.colcon_core.environment:checking '/home/shodayuto/ros_ws/install/ignition_plugin_lecture/lib/pkgconfig/ignition_plugin_lecture.pc'
[0.569s] Level 1:colcon.colcon_core.environment:checking '/home/shodayuto/ros_ws/install/ignition_plugin_lecture/lib/python3.10/site-packages'
[0.569s] Level 1:colcon.colcon_core.environment:checking '/home/shodayuto/ros_ws/install/ignition_plugin_lecture/bin'
[0.570s] INFO:colcon.colcon_core.shell:Creating package script '/home/shodayuto/ros_ws/install/ignition_plugin_lecture/share/ignition_plugin_lecture/package.ps1'
[0.570s] INFO:colcon.colcon_core.shell:Creating package descriptor '/home/shodayuto/ros_ws/install/ignition_plugin_lecture/share/ignition_plugin_lecture/package.dsv'
[0.571s] INFO:colcon.colcon_core.shell:Creating package script '/home/shodayuto/ros_ws/install/ignition_plugin_lecture/share/ignition_plugin_lecture/package.sh'
[0.571s] INFO:colcon.colcon_core.shell:Creating package script '/home/shodayuto/ros_ws/install/ignition_plugin_lecture/share/ignition_plugin_lecture/package.bash'
[0.572s] INFO:colcon.colcon_core.shell:Creating package script '/home/shodayuto/ros_ws/install/ignition_plugin_lecture/share/ignition_plugin_lecture/package.zsh'
[0.572s] Level 1:colcon.colcon_core.environment:create_file_with_runtime_dependencies(/home/shodayuto/ros_ws/install/ignition_plugin_lecture/share/colcon-core/packages/ignition_plugin_lecture)
[0.573s] Level 1:colcon.colcon_core.environment:create_environment_scripts_only(ignition_plugin_lecture)
[0.573s] Level 1:colcon.colcon_core.environment:checking '/home/shodayuto/ros_ws/install/ignition_plugin_lecture' for CMake module files
[0.574s] Level 1:colcon.colcon_core.environment:checking '/home/shodayuto/ros_ws/install/ignition_plugin_lecture' for CMake config files
[0.574s] Level 1:colcon.colcon_core.shell:create_environment_hook('ignition_plugin_lecture', 'cmake_prefix_path')
[0.574s] INFO:colcon.colcon_core.shell:Creating environment hook '/home/shodayuto/ros_ws/install/ignition_plugin_lecture/share/ignition_plugin_lecture/hook/cmake_prefix_path.ps1'
[0.575s] INFO:colcon.colcon_core.shell:Creating environment descriptor '/home/shodayuto/ros_ws/install/ignition_plugin_lecture/share/ignition_plugin_lecture/hook/cmake_prefix_path.dsv'
[0.575s] INFO:colcon.colcon_core.shell:Creating environment hook '/home/shodayuto/ros_ws/install/ignition_plugin_lecture/share/ignition_plugin_lecture/hook/cmake_prefix_path.sh'
[0.576s] Level 1:colcon.colcon_core.environment:checking '/home/shodayuto/ros_ws/install/ignition_plugin_lecture/lib'
[0.576s] Level 1:colcon.colcon_core.shell:create_environment_hook('ignition_plugin_lecture', 'ld_library_path_lib')
[0.576s] INFO:colcon.colcon_core.shell:Creating environment hook '/home/shodayuto/ros_ws/install/ignition_plugin_lecture/share/ignition_plugin_lecture/hook/ld_library_path_lib.ps1'
[0.576s] INFO:colcon.colcon_core.shell:Creating environment descriptor '/home/shodayuto/ros_ws/install/ignition_plugin_lecture/share/ignition_plugin_lecture/hook/ld_library_path_lib.dsv'
[0.577s] INFO:colcon.colcon_core.shell:Creating environment hook '/home/shodayuto/ros_ws/install/ignition_plugin_lecture/share/ignition_plugin_lecture/hook/ld_library_path_lib.sh'
[0.577s] Level 1:colcon.colcon_core.environment:checking '/home/shodayuto/ros_ws/install/ignition_plugin_lecture/bin'
[0.577s] Level 1:colcon.colcon_core.environment:checking '/home/shodayuto/ros_ws/install/ignition_plugin_lecture/lib/pkgconfig/ignition_plugin_lecture.pc'
[0.578s] Level 1:colcon.colcon_core.environment:checking '/home/shodayuto/ros_ws/install/ignition_plugin_lecture/lib/python3.10/site-packages'
[0.578s] Level 1:colcon.colcon_core.environment:checking '/home/shodayuto/ros_ws/install/ignition_plugin_lecture/bin'
[0.578s] INFO:colcon.colcon_core.shell:Creating package script '/home/shodayuto/ros_ws/install/ignition_plugin_lecture/share/ignition_plugin_lecture/package.ps1'
[0.579s] INFO:colcon.colcon_core.shell:Creating package descriptor '/home/shodayuto/ros_ws/install/ignition_plugin_lecture/share/ignition_plugin_lecture/package.dsv'
[0.579s] INFO:colcon.colcon_core.shell:Creating package script '/home/shodayuto/ros_ws/install/ignition_plugin_lecture/share/ignition_plugin_lecture/package.sh'
[0.580s] INFO:colcon.colcon_core.shell:Creating package script '/home/shodayuto/ros_ws/install/ignition_plugin_lecture/share/ignition_plugin_lecture/package.bash'
[0.580s] INFO:colcon.colcon_core.shell:Creating package script '/home/shodayuto/ros_ws/install/ignition_plugin_lecture/share/ignition_plugin_lecture/package.zsh'
[0.581s] Level 1:colcon.colcon_core.environment:create_file_with_runtime_dependencies(/home/shodayuto/ros_ws/install/ignition_plugin_lecture/share/colcon-core/packages/ignition_plugin_lecture)
[1.042s] DEBUG:colcon.colcon_core.event_handler.log_command:Invoked command in '/home/shodayuto/ros_ws/build/sam_bot_description' returned '0': CMAKE_PREFIX_PATH=${CMAKE_PREFIX_PATH}:/home/shodayuto/turtlebot3_ws/install/turtlebot3_teleop:/home/shodayuto/turtlebot3_ws/install/turtlebot3_example:/opt/ros/humble /usr/bin/cmake /home/shodayuto/ros_ws/src/sam_bot_description_ws/src/sam_bot_description -DCMAKE_INSTALL_PREFIX=/home/shodayuto/ros_ws/install/sam_bot_description
[1.043s] DEBUG:colcon.colcon_core.event_handler.log_command:Invoking command in '/home/shodayuto/ros_ws/build/sam_bot_description': CMAKE_PREFIX_PATH=${CMAKE_PREFIX_PATH}:/home/shodayuto/turtlebot3_ws/install/turtlebot3_teleop:/home/shodayuto/turtlebot3_ws/install/turtlebot3_example:/opt/ros/humble /usr/bin/cmake --build /home/shodayuto/ros_ws/build/sam_bot_description -- -j8 -l8
[1.073s] DEBUG:colcon.colcon_core.event_handler.log_command:Invoked command in '/home/shodayuto/ros_ws/build/sam_bot_description' returned '0': CMAKE_PREFIX_PATH=${CMAKE_PREFIX_PATH}:/home/shodayuto/turtlebot3_ws/install/turtlebot3_teleop:/home/shodayuto/turtlebot3_ws/install/turtlebot3_example:/opt/ros/humble /usr/bin/cmake --build /home/shodayuto/ros_ws/build/sam_bot_description -- -j8 -l8
[1.075s] DEBUG:colcon.colcon_core.event_handler.log_command:Invoking command in '/home/shodayuto/ros_ws/build/sam_bot_description': CMAKE_PREFIX_PATH=${CMAKE_PREFIX_PATH}:/home/shodayuto/turtlebot3_ws/install/turtlebot3_teleop:/home/shodayuto/turtlebot3_ws/install/turtlebot3_example:/opt/ros/humble /usr/bin/cmake --install /home/shodayuto/ros_ws/build/sam_bot_description
[1.087s] Level 1:colcon.colcon_core.environment:create_environment_scripts_only(sam_bot_description)
[1.087s] Level 1:colcon.colcon_core.environment:checking '/home/shodayuto/ros_ws/install/sam_bot_description' for CMake module files
[1.087s] DEBUG:colcon.colcon_core.event_handler.log_command:Invoked command in '/home/shodayuto/ros_ws/build/sam_bot_description' returned '0': CMAKE_PREFIX_PATH=${CMAKE_PREFIX_PATH}:/home/shodayuto/turtlebot3_ws/install/turtlebot3_teleop:/home/shodayuto/turtlebot3_ws/install/turtlebot3_example:/opt/ros/humble /usr/bin/cmake --install /home/shodayuto/ros_ws/build/sam_bot_description
[1.087s] Level 1:colcon.colcon_core.environment:checking '/home/shodayuto/ros_ws/install/sam_bot_description' for CMake config files
[1.088s] Level 1:colcon.colcon_core.shell:create_environment_hook('sam_bot_description', 'cmake_prefix_path')
[1.088s] INFO:colcon.colcon_core.shell:Creating environment hook '/home/shodayuto/ros_ws/install/sam_bot_description/share/sam_bot_description/hook/cmake_prefix_path.ps1'
[1.088s] INFO:colcon.colcon_core.shell:Creating environment descriptor '/home/shodayuto/ros_ws/install/sam_bot_description/share/sam_bot_description/hook/cmake_prefix_path.dsv'
[1.089s] INFO:colcon.colcon_core.shell:Creating environment hook '/home/shodayuto/ros_ws/install/sam_bot_description/share/sam_bot_description/hook/cmake_prefix_path.sh'
[1.089s] Level 1:colcon.colcon_core.environment:checking '/home/shodayuto/ros_ws/install/sam_bot_description/bin'
[1.089s] Level 1:colcon.colcon_core.environment:checking '/home/shodayuto/ros_ws/install/sam_bot_description/lib/pkgconfig/sam_bot_description.pc'
[1.089s] Level 1:colcon.colcon_core.environment:checking '/home/shodayuto/ros_ws/install/sam_bot_description/lib/python3.10/site-packages'
[1.090s] Level 1:colcon.colcon_core.environment:checking '/home/shodayuto/ros_ws/install/sam_bot_description/bin'
[1.090s] INFO:colcon.colcon_core.shell:Creating package script '/home/shodayuto/ros_ws/install/sam_bot_description/share/sam_bot_description/package.ps1'
[1.090s] INFO:colcon.colcon_core.shell:Creating package descriptor '/home/shodayuto/ros_ws/install/sam_bot_description/share/sam_bot_description/package.dsv'
[1.091s] INFO:colcon.colcon_core.shell:Creating package script '/home/shodayuto/ros_ws/install/sam_bot_description/share/sam_bot_description/package.sh'
[1.091s] INFO:colcon.colcon_core.shell:Creating package script '/home/shodayuto/ros_ws/install/sam_bot_description/share/sam_bot_description/package.bash'
[1.091s] INFO:colcon.colcon_core.shell:Creating package script '/home/shodayuto/ros_ws/install/sam_bot_description/share/sam_bot_description/package.zsh'
[1.091s] Level 1:colcon.colcon_core.environment:create_file_with_runtime_dependencies(/home/shodayuto/ros_ws/install/sam_bot_description/share/colcon-core/packages/sam_bot_description)
[1.092s] Level 1:colcon.colcon_core.environment:create_environment_scripts_only(sam_bot_description)
[1.092s] Level 1:colcon.colcon_core.environment:checking '/home/shodayuto/ros_ws/install/sam_bot_description' for CMake module files
[1.092s] Level 1:colcon.colcon_core.environment:checking '/home/shodayuto/ros_ws/install/sam_bot_description' for CMake config files
[1.092s] Level 1:colcon.colcon_core.shell:create_environment_hook('sam_bot_description', 'cmake_prefix_path')
[1.093s] INFO:colcon.colcon_core.shell:Creating environment hook '/home/shodayuto/ros_ws/install/sam_bot_description/share/sam_bot_description/hook/cmake_prefix_path.ps1'
[1.093s] INFO:colcon.colcon_core.shell:Creating environment descriptor '/home/shodayuto/ros_ws/install/sam_bot_description/share/sam_bot_description/hook/cmake_prefix_path.dsv'
[1.093s] INFO:colcon.colcon_core.shell:Creating environment hook '/home/shodayuto/ros_ws/install/sam_bot_description/share/sam_bot_description/hook/cmake_prefix_path.sh'
[1.094s] Level 1:colcon.colcon_core.environment:checking '/home/shodayuto/ros_ws/install/sam_bot_description/bin'
[1.094s] Level 1:colcon.colcon_core.environment:checking '/home/shodayuto/ros_ws/install/sam_bot_description/lib/pkgconfig/sam_bot_description.pc'
[1.094s] Level 1:colcon.colcon_core.environment:checking '/home/shodayuto/ros_ws/install/sam_bot_description/lib/python3.10/site-packages'
[1.094s] Level 1:colcon.colcon_core.environment:checking '/home/shodayuto/ros_ws/install/sam_bot_description/bin'
[1.094s] INFO:colcon.colcon_core.shell:Creating package script '/home/shodayuto/ros_ws/install/sam_bot_description/share/sam_bot_description/package.ps1'
[1.095s] INFO:colcon.colcon_core.shell:Creating package descriptor '/home/shodayuto/ros_ws/install/sam_bot_description/share/sam_bot_description/package.dsv'
[1.095s] INFO:colcon.colcon_core.shell:Creating package script '/home/shodayuto/ros_ws/install/sam_bot_description/share/sam_bot_description/package.sh'
[1.095s] INFO:colcon.colcon_core.shell:Creating package script '/home/shodayuto/ros_ws/install/sam_bot_description/share/sam_bot_description/package.bash'
[1.096s] INFO:colcon.colcon_core.shell:Creating package script '/home/shodayuto/ros_ws/install/sam_bot_description/share/sam_bot_description/package.zsh'
[1.096s] Level 1:colcon.colcon_core.environment:create_file_with_runtime_dependencies(/home/shodayuto/ros_ws/install/sam_bot_description/share/colcon-core/packages/sam_bot_description)
[1.096s] DEBUG:colcon.colcon_parallel_executor.executor.parallel:closing loop
[1.097s] DEBUG:colcon.colcon_parallel_executor.executor.parallel:loop closed
[1.097s] DEBUG:colcon.colcon_parallel_executor.executor.parallel:run_until_complete finished with '0'
[1.097s] DEBUG:colcon.colcon_core.event_reactor:joining thread
[1.105s] INFO:colcon.colcon_core.plugin_system:Skipping extension 'colcon_notification.desktop_notification.terminal_notifier': Not used on non-Darwin systems
[1.105s] INFO:colcon.colcon_core.plugin_system:Skipping extension 'colcon_notification.desktop_notification.win32': Not used on non-Windows systems
[1.105s] INFO:colcon.colcon_notification.desktop_notification:Sending desktop notification using 'notify2'
[1.113s] DEBUG:colcon.colcon_core.event_reactor:joined thread
[1.114s] INFO:colcon.colcon_core.shell:Creating prefix script '/home/shodayuto/ros_ws/install/local_setup.ps1'
[1.114s] INFO:colcon.colcon_core.shell:Creating prefix util module '/home/shodayuto/ros_ws/install/_local_setup_util_ps1.py'
[1.116s] INFO:colcon.colcon_core.shell:Creating prefix chain script '/home/shodayuto/ros_ws/install/setup.ps1'
[1.118s] INFO:colcon.colcon_core.shell:Creating prefix script '/home/shodayuto/ros_ws/install/local_setup.sh'
[1.118s] INFO:colcon.colcon_core.shell:Creating prefix util module '/home/shodayuto/ros_ws/install/_local_setup_util_sh.py'
[1.119s] INFO:colcon.colcon_core.shell:Creating prefix chain script '/home/shodayuto/ros_ws/install/setup.sh'
[1.120s] INFO:colcon.colcon_core.shell:Creating prefix script '/home/shodayuto/ros_ws/install/local_setup.bash'
[1.120s] INFO:colcon.colcon_core.shell:Creating prefix chain script '/home/shodayuto/ros_ws/install/setup.bash'
[1.122s] INFO:colcon.colcon_core.shell:Creating prefix script '/home/shodayuto/ros_ws/install/local_setup.zsh'
[1.123s] INFO:colcon.colcon_core.shell:Creating prefix chain script '/home/shodayuto/ros_ws/install/setup.zsh'
