[ 20%] [34m[1mAutomatic MOC for target SwitchPanel[0m
[ 20%] [34m[1mAutomatic MOC for target RotateAxis[0m
[ 20%] Built target RotateAxis_autogen
[ 20%] Built target SwitchPanel_autogen
[ 50%] Built target RotateAxis
[100%] Built target SwitchPanel
-- Install configuration: ""
-- Up-to-date: /home/shodayuto/ros_ws/install/ignition_plugin_lecture/lib/libSwitchPanel.so
-- Up-to-date: /home/shodayuto/ros_ws/install/ignition_plugin_lecture/lib/libRotateAxis.so
-- Up-to-date: /home/shodayuto/ros_ws/install/ignition_plugin_lecture/share/ignition_plugin_lecture/environment/ignition_plugin_lecture.dsv
-- Up-to-date: /home/shodayuto/ros_ws/install/ignition_plugin_lecture/share/ament_index/resource_index/package_run_dependencies/ignition_plugin_lecture
-- Up-to-date: /home/shodayuto/ros_ws/install/ignition_plugin_lecture/share/ament_index/resource_index/parent_prefix_path/ignition_plugin_lecture
-- Up-to-date: /home/shodayuto/ros_ws/install/ignition_plugin_lecture/share/ignition_plugin_lecture/environment/ament_prefix_path.sh
-- Up-to-date: /home/shodayuto/ros_ws/install/ignition_plugin_lecture/share/ignition_plugin_lecture/environment/ament_prefix_path.dsv
-- Up-to-date: /home/shodayuto/ros_ws/install/ignition_plugin_lecture/share/ignition_plugin_lecture/environment/path.sh
-- Up-to-date: /home/shodayuto/ros_ws/install/ignition_plugin_lecture/share/ignition_plugin_lecture/environment/path.dsv
-- Up-to-date: /home/shodayuto/ros_ws/install/ignition_plugin_lecture/share/ignition_plugin_lecture/local_setup.bash
-- Up-to-date: /home/shodayuto/ros_ws/install/ignition_plugin_lecture/share/ignition_plugin_lecture/local_setup.sh
-- Up-to-date: /home/shodayuto/ros_ws/install/ignition_plugin_lecture/share/ignition_plugin_lecture/local_setup.zsh
-- Up-to-date: /home/shodayuto/ros_ws/install/ignition_plugin_lecture/share/ignition_plugin_lecture/local_setup.dsv
-- Installing: /home/shodayuto/ros_ws/install/ignition_plugin_lecture/share/ignition_plugin_lecture/package.dsv
-- Up-to-date: /home/shodayuto/ros_ws/install/ignition_plugin_lecture/share/ament_index/resource_index/packages/ignition_plugin_lecture
-- Up-to-date: /home/shodayuto/ros_ws/install/ignition_plugin_lecture/share/ignition_plugin_lecture/cmake/ignition_plugin_lectureConfig.cmake
-- Up-to-date: /home/shodayuto/ros_ws/install/ignition_plugin_lecture/share/ignition_plugin_lecture/cmake/ignition_plugin_lectureConfig-version.cmake
-- Up-to-date: /home/shodayuto/ros_ws/install/ignition_plugin_lecture/share/ignition_plugin_lecture/package.xml
