[0.020s] Invoking command in '/home/shodayuto/ros_ws/build/ignition_lecture': CMAKE_PREFIX_PATH=${CMAKE_PREFIX_PATH}:/home/shodayuto/turtlebot3_ws/install/turtlebot3_teleop:/home/shodayuto/turtlebot3_ws/install/turtlebot3_example:/opt/ros/humble /usr/bin/cmake --build /home/shodayuto/ros_ws/build/ignition_lecture -- -j8 -l8
[0.082s] Invoked command in '/home/shodayuto/ros_ws/build/ignition_lecture' returned '0': CMAKE_PREFIX_PATH=${CMAKE_PREFIX_PATH}:/home/shodayuto/turtlebot3_ws/install/turtlebot3_teleop:/home/shodayuto/turtlebot3_ws/install/turtlebot3_example:/opt/ros/humble /usr/bin/cmake --build /home/shodayuto/ros_ws/build/ignition_lecture -- -j8 -l8
[0.093s] Invoking command in '/home/shodayuto/ros_ws/build/ignition_lecture': CMAKE_PREFIX_PATH=${CMAKE_PREFIX_PATH}:/home/shodayuto/turtlebot3_ws/install/turtlebot3_teleop:/home/shodayuto/turtlebot3_ws/install/turtlebot3_example:/opt/ros/humble /usr/bin/cmake --install /home/shodayuto/ros_ws/build/ignition_lecture
[0.102s] -- Install configuration: ""
[0.102s] -- Up-to-date: /home/shodayuto/ros_ws/install/ignition_lecture/share/ignition_lecture/launch
[0.102s] -- Up-to-date: /home/shodayuto/ros_ws/install/ignition_lecture/share/ignition_lecture/launch/basic_world1.launch.py
[0.103s] -- Up-to-date: /home/shodayuto/ros_ws/install/ignition_lecture/share/ignition_lecture/launch/gazebo.launch.py
[0.103s] -- Up-to-date: /home/shodayuto/ros_ws/install/ignition_lecture/share/ignition_lecture/worlds
[0.103s] -- Up-to-date: /home/shodayuto/ros_ws/install/ignition_lecture/share/ignition_lecture/worlds/model_example1.sdf
[0.103s] -- Up-to-date: /home/shodayuto/ros_ws/install/ignition_lecture/share/ignition_lecture/worlds/basic_world1.sdf
[0.103s] -- Up-to-date: /home/shodayuto/ros_ws/install/ignition_lecture/share/ignition_lecture/worlds/gui_example1.sdf
[0.103s] -- Up-to-date: /home/shodayuto/ros_ws/install/ignition_lecture/share/ignition_lecture/models
[0.103s] -- Up-to-date: /home/shodayuto/ros_ws/install/ignition_lecture/share/ignition_lecture/models/my_box
[0.104s] -- Up-to-date: /home/shodayuto/ros_ws/install/ignition_lecture/share/ignition_lecture/models/my_box/meshes
[0.104s] -- Up-to-date: /home/shodayuto/ros_ws/install/ignition_lecture/share/ignition_lecture/models/my_box/meshes/laser_marker.stl
[0.104s] -- Up-to-date: /home/shodayuto/ros_ws/install/ignition_lecture/share/ignition_lecture/models/my_box/model.sdf
[0.104s] -- Up-to-date: /home/shodayuto/ros_ws/install/ignition_lecture/share/ignition_lecture/models/my_box/model.config
[0.104s] -- Up-to-date: /home/shodayuto/ros_ws/install/ignition_lecture/share/ament_index/resource_index/package_run_dependencies/ignition_lecture
[0.104s] -- Up-to-date: /home/shodayuto/ros_ws/install/ignition_lecture/share/ament_index/resource_index/parent_prefix_path/ignition_lecture
[0.104s] -- Up-to-date: /home/shodayuto/ros_ws/install/ignition_lecture/share/ignition_lecture/environment/ament_prefix_path.sh
[0.105s] -- Up-to-date: /home/shodayuto/ros_ws/install/ignition_lecture/share/ignition_lecture/environment/ament_prefix_path.dsv
[0.105s] -- Up-to-date: /home/shodayuto/ros_ws/install/ignition_lecture/share/ignition_lecture/environment/path.sh
[0.105s] -- Up-to-date: /home/shodayuto/ros_ws/install/ignition_lecture/share/ignition_lecture/environment/path.dsv
[0.105s] -- Up-to-date: /home/shodayuto/ros_ws/install/ignition_lecture/share/ignition_lecture/local_setup.bash
[0.105s] -- Up-to-date: /home/shodayuto/ros_ws/install/ignition_lecture/share/ignition_lecture/local_setup.sh
[0.105s] -- Up-to-date: /home/shodayuto/ros_ws/install/ignition_lecture/share/ignition_lecture/local_setup.zsh
[0.105s] -- Up-to-date: /home/shodayuto/ros_ws/install/ignition_lecture/share/ignition_lecture/local_setup.dsv
[0.105s] -- Installing: /home/shodayuto/ros_ws/install/ignition_lecture/share/ignition_lecture/package.dsv
[0.105s] -- Up-to-date: /home/shodayuto/ros_ws/install/ignition_lecture/share/ament_index/resource_index/packages/ignition_lecture
[0.105s] -- Up-to-date: /home/shodayuto/ros_ws/install/ignition_lecture/share/ignition_lecture/cmake/ignition_lectureConfig.cmake
[0.106s] -- Up-to-date: /home/shodayuto/ros_ws/install/ignition_lecture/share/ignition_lecture/cmake/ignition_lectureConfig-version.cmake
[0.106s] -- Up-to-date: /home/shodayuto/ros_ws/install/ignition_lecture/share/ignition_lecture/package.xml
[0.107s] Invoked command in '/home/shodayuto/ros_ws/build/ignition_lecture' returned '0': CMAKE_PREFIX_PATH=${CMAKE_PREFIX_PATH}:/home/shodayuto/turtlebot3_ws/install/turtlebot3_teleop:/home/shodayuto/turtlebot3_ws/install/turtlebot3_example:/opt/ros/humble /usr/bin/cmake --install /home/shodayuto/ros_ws/build/ignition_lecture
