[0.007s] Invoking command in '/home/shodayuto/research/ros_ws/build/ignition_plugin_lecture': CMAKE_PREFIX_PATH=${CMAKE_PREFIX_PATH}:/opt/ros/humble /usr/bin/cmake /home/shodayuto/research/ros_ws/src/ignition_plugin_lecture -DCMAKE_INSTALL_PREFIX=/home/shodayuto/research/ros_ws/install/ignition_plugin_lecture
[0.044s] -- The C compiler identification is GNU 11.4.0
[0.087s] -- The CXX compiler identification is GNU 11.4.0
[0.092s] -- Detecting C compiler ABI info
[0.139s] -- Detecting C compiler ABI info - done
[0.145s] -- Check for working C compiler: /usr/bin/cc - skipped
[0.145s] -- Detecting C compile features
[0.145s] -- Detecting C compile features - done
[0.147s] -- Detecting CXX compiler ABI info
[0.204s] -- Detecting CXX compiler ABI info - done
[0.216s] -- Check for working CXX compiler: /usr/bin/c++ - skipped
[0.217s] -- Detecting CXX compile features
[0.217s] -- Detecting CXX compile features - done
[0.220s] -- Found ament_cmake: 1.3.11 (/opt/ros/humble/share/ament_cmake/cmake)
[0.348s] -- Found Python3: /usr/bin/python3 (found version "3.10.12") found components: Interpreter 
[0.425s] -- Looking for ignition-plugin1 -- found version 1.4.0
[0.431s] -- Searching for dependencies of ignition-plugin1
[0.431s] -- Searching for <ignition-plugin1> component [register]
[0.433s] -- Looking for ignition-plugin1-register -- found version 1.4.0
[0.433s] -- Searching for dependencies of ignition-plugin1-register
[0.436s] -- Looking for ignition-gazebo6 -- found version 6.17.0
[0.436s] -- Searching for dependencies of ignition-gazebo6
[0.438s] -- Looking for sdformat12 -- found version 12.8.0
[0.438s] -- Searching for dependencies of sdformat12
[0.442s] -- Checking for module 'tinyxml2'
[0.450s] --   Found tinyxml2, version 9.0.0
[0.475s] -- Looking for ignition-math6 -- found version 6.15.1
[0.475s] -- Searching for dependencies of ignition-math6
[0.478s] -- Looking for ignition-utils1 -- found version 1.5.1
[0.478s] -- Searching for dependencies of ignition-utils1
[0.479s] -- Looking for ignition-plugin1 -- found version 1.4.0
[0.479s] -- Searching for dependencies of ignition-plugin1
[0.479s] -- Searching for <ignition-plugin1> component [loader]
[0.481s] -- Looking for ignition-plugin1-loader -- found version 1.4.0
[0.482s] -- Searching for dependencies of ignition-plugin1-loader
[0.482s] -- Searching for <ignition-plugin1> component [register]
[0.484s] -- Looking for ignition-transport11 -- found version 11.4.1
[0.485s] -- Searching for dependencies of ignition-transport11
[0.611s] -- Found Protobuf: /usr/lib/x86_64-linux-gnu/libprotobuf.so (found version "3.12.4") 
[0.620s] -- Config-file not installed for ZeroMQ -- checking for pkg-config
[0.624s] -- Checking for module 'libzmq >= 4'
[0.632s] --   Found libzmq , version 4.3.4
[0.653s] -- Found ZeroMQ: TRUE (Required is at least version "4") 
[0.657s] -- Checking for module 'uuid'
[0.664s] --   Found uuid, version 2.37.2
[0.684s] -- Found UUID: TRUE  
[0.684s] -- Looking for ignition-utils1 -- found version 1.5.1
[0.684s] -- Searching for dependencies of ignition-utils1
[0.684s] -- Searching for <ignition-utils1> component [cli]
[0.686s] -- Looking for ignition-utils1-cli -- found version 1.5.1
[0.687s] -- Searching for dependencies of ignition-utils1-cli
[0.689s] -- Looking for ignition-msgs8 -- found version 8.7.0
[0.690s] -- Searching for dependencies of ignition-msgs8
[0.705s] -- Found Protobuf: /usr/lib/x86_64-linux-gnu/libprotobuf.so (found suitable version "3.12.4", minimum required is "3") 
[0.705s] -- Looking for ignition-math6 -- found version 6.15.1
[0.715s] -- Searching for <ignition-transport11> component [log]
[0.717s] -- Looking for ignition-transport11-log -- found version 11.4.1
[0.717s] -- Searching for dependencies of ignition-transport11-log
[0.717s] -- Searching for <ignition-transport11> component [parameters]
[0.720s] -- Looking for ignition-transport11-parameters -- found version 11.4.1
[0.720s] -- Searching for dependencies of ignition-transport11-parameters
[0.721s] -- Looking for ignition-msgs8 -- found version 8.7.0
[0.723s] -- Looking for ignition-common4 -- found version 4.7.0
[0.723s] -- Searching for dependencies of ignition-common4
[0.723s] -- Looking for dlfcn.h - found
[0.724s] -- Looking for libdl - found
[0.725s] -- Found DL: TRUE  
[0.733s] -- Searching for <ignition-common4> component [profiler]
[0.735s] -- Looking for ignition-common4-profiler -- found version 4.7.0
[0.735s] -- Searching for dependencies of ignition-common4-profiler
[0.736s] -- Searching for <ignition-common4> component [events]
[0.737s] -- Looking for ignition-common4-events -- found version 4.7.0
[0.738s] -- Searching for dependencies of ignition-common4-events
[0.738s] -- Looking for ignition-math6 -- found version 6.15.1
[0.738s] -- Searching for <ignition-common4> component [av]
[0.741s] -- Looking for ignition-common4-av -- found version 4.7.0
[0.741s] -- Searching for dependencies of ignition-common4-av
[0.745s] -- Checking for module 'libswscale'
[0.753s] --   Found libswscale, version 5.9.100
[0.774s] -- Found SWSCALE: TRUE  
[0.777s] -- Checking for module 'libavdevice >= 56.4.100'
[0.785s] --   Found libavdevice , version 58.13.100
[0.808s] -- Found AVDEVICE: TRUE (Required is at least version "56.4.100") 
[0.812s] -- Checking for module 'libavformat'
[0.820s] --   Found libavformat, version 58.76.100
[0.842s] -- Found AVFORMAT: TRUE  
[0.845s] -- Checking for module 'libavcodec'
[0.855s] --   Found libavcodec, version 58.134.100
[0.889s] -- Found AVCODEC: TRUE  
[0.894s] -- Checking for module 'libavutil'
[0.908s] --   Found libavutil, version 56.70.100
[0.930s] -- Found AVUTIL: TRUE  
[0.933s] -- Looking for ignition-fuel_tools7 -- found version 7.3.1
[0.933s] -- Searching for dependencies of ignition-fuel_tools7
[0.985s] -- Found CURL: /usr/lib/x86_64-linux-gnu/libcurl.so (found version "7.81.0")  
[0.992s] -- Checking for module 'jsoncpp'
[1.000s] --   Found jsoncpp, version 1.9.5
[1.021s] -- Found JSONCPP: TRUE  
[1.025s] -- Checking for module 'libzip'
[1.034s] --   Found libzip, version 1.7.3
[1.054s] -- Found ZIP: TRUE  
[1.054s] -- Looking for ignition-common4 -- found version 4.7.0
[1.054s] -- Looking for ignition-math6 -- found version 6.15.1
[1.055s] -- Looking for ignition-msgs8 -- found version 8.7.0
[1.057s] -- Looking for ignition-gui6 -- found version 6.8.0
[1.057s] -- Searching for dependencies of ignition-gui6
[1.077s] -- Looking for ignition-math6 -- found version 6.15.1
[1.078s] -- Looking for ignition-common4 -- found version 4.7.0
[1.078s] -- Looking for ignition-plugin1 -- found version 1.4.0
[1.078s] -- Looking for ignition-transport11 -- found version 11.4.1
[1.080s] -- Looking for ignition-rendering6 -- found version 6.6.3
[1.081s] -- Searching for dependencies of ignition-rendering6
[1.081s] -- Looking for ignition-math6 -- found version 6.15.1
[1.081s] -- Searching for dependencies of ignition-math6
[1.081s] -- Searching for <ignition-math6> component [eigen3]
[1.083s] -- Looking for ignition-math6-eigen3 -- found version 6.15.1
[1.084s] -- Searching for dependencies of ignition-math6-eigen3
[1.090s] -- Looking for ignition-common4 -- found version 4.7.0
[1.090s] -- Searching for dependencies of ignition-common4
[1.090s] -- Looking for dlfcn.h - found
[1.090s] -- Looking for libdl - found
[1.097s] -- Searching for <ignition-common4> component [graphics]
[1.099s] -- Looking for ignition-common4-graphics -- found version 4.7.0
[1.099s] -- Searching for dependencies of ignition-common4-graphics
[1.100s] -- Looking for ignition-math6 -- found version 6.15.1
[1.100s] -- Looking for ignition-utils1 -- found version 1.5.1
[1.100s] -- Searching for <ignition-common4> component [events]
[1.101s] -- Looking for ignition-plugin1 -- found version 1.4.0
[1.101s] -- Searching for dependencies of ignition-plugin1
[1.101s] -- Searching for <ignition-plugin1> component [all]
[1.103s] -- Looking for all libraries of ignition-plugin1 -- found version 1.4.0
[1.104s] -- Looking for ignition-plugin1 -- found version 1.4.0
[1.105s] -- Looking for ignition-msgs8 -- found version 8.7.0
[1.122s] -- Looking for ignition-physics5 -- found version 5.3.2
[1.122s] -- Searching for dependencies of ignition-physics5
[1.123s] -- Looking for ignition-math6 -- found version 6.15.1
[1.123s] -- Looking for ignition-plugin1 -- found version 1.4.0
[1.123s] -- Looking for ignition-utils1 -- found version 1.5.1
[1.124s] -- Searching for <ignition-physics5> component [heightmap]
[1.126s] -- Looking for ignition-physics5-heightmap -- found version 5.3.2
[1.126s] -- Searching for dependencies of ignition-physics5-heightmap
[1.127s] -- Looking for ignition-common4 -- found version 4.7.0
[1.127s] -- Searching for <ignition-physics5> component [mesh]
[1.129s] -- Looking for ignition-physics5-mesh -- found version 5.3.2
[1.129s] -- Searching for dependencies of ignition-physics5-mesh
[1.129s] -- Looking for ignition-common4 -- found version 4.7.0
[1.130s] -- Searching for <ignition-physics5> component [sdf]
[1.132s] -- Looking for ignition-physics5-sdf -- found version 5.3.2
[1.132s] -- Searching for dependencies of ignition-physics5-sdf
[1.132s] -- Looking for sdformat12 -- found version 12.8.0
[1.134s] -- Looking for ignition-sensors6 -- found version 6.8.1
[1.135s] -- Searching for dependencies of ignition-sensors6
[1.149s] -- Found Protobuf: /usr/lib/x86_64-linux-gnu/libprotobuf.so (found version "3.12.4") 
[1.149s] -- Looking for ignition-math6 -- found version 6.15.1
[1.149s] -- Looking for ignition-common4 -- found version 4.7.0
[1.150s] -- Looking for ignition-transport11 -- found version 11.4.1
[1.150s] -- Looking for ignition-rendering6 -- found version 6.6.3
[1.150s] -- Looking for ignition-msgs8 -- found version 8.7.0
[1.151s] -- Looking for sdformat12 -- found version 12.8.0
[1.151s] -- Searching for <ignition-sensors6> component [air_pressure]
[1.153s] -- Looking for ignition-sensors6-air_pressure -- found version 6.8.1
[1.153s] -- Searching for dependencies of ignition-sensors6-air_pressure
[1.154s] -- Searching for <ignition-sensors6> component [altimeter]
[1.156s] -- Looking for ignition-sensors6-altimeter -- found version 6.8.1
[1.156s] -- Searching for dependencies of ignition-sensors6-altimeter
[1.156s] -- Searching for <ignition-sensors6> component [imu]
[1.158s] -- Looking for ignition-sensors6-imu -- found version 6.8.1
[1.159s] -- Searching for dependencies of ignition-sensors6-imu
[1.159s] -- Searching for <ignition-sensors6> component [force_torque]
[1.161s] -- Looking for ignition-sensors6-force_torque -- found version 6.8.1
[1.161s] -- Searching for dependencies of ignition-sensors6-force_torque
[1.161s] -- Searching for <ignition-sensors6> component [logical_camera]
[1.163s] -- Looking for ignition-sensors6-logical_camera -- found version 6.8.1
[1.163s] -- Searching for dependencies of ignition-sensors6-logical_camera
[1.164s] -- Searching for <ignition-sensors6> component [magnetometer]
[1.166s] -- Looking for ignition-sensors6-magnetometer -- found version 6.8.1
[1.166s] -- Searching for dependencies of ignition-sensors6-magnetometer
[1.166s] -- Searching for <ignition-sensors6> component [navsat]
[1.168s] -- Looking for ignition-sensors6-navsat -- found version 6.8.1
[1.168s] -- Searching for dependencies of ignition-sensors6-navsat
[1.169s] -- Searching for <ignition-sensors6> component [rendering]
[1.171s] -- Looking for ignition-sensors6-rendering -- found version 6.8.1
[1.171s] -- Searching for dependencies of ignition-sensors6-rendering
[1.171s] -- Searching for <ignition-sensors6> component [lidar]
[1.173s] -- Looking for ignition-sensors6-lidar -- found version 6.8.1
[1.173s] -- Searching for dependencies of ignition-sensors6-lidar
[1.174s] -- Looking for ignition-sensors6 -- found version 6.8.1
[1.174s] -- Searching for <ignition-sensors6> component [gpu_lidar]
[1.176s] -- Looking for ignition-sensors6-gpu_lidar -- found version 6.8.1
[1.176s] -- Searching for dependencies of ignition-sensors6-gpu_lidar
[1.177s] -- Looking for ignition-sensors6 -- found version 6.8.1
[1.177s] -- Searching for <ignition-sensors6> component [camera]
[1.179s] -- Looking for ignition-sensors6-camera -- found version 6.8.1
[1.179s] -- Searching for dependencies of ignition-sensors6-camera
[1.179s] -- Looking for ignition-sensors6 -- found version 6.8.1
[1.180s] -- Searching for <ignition-sensors6> component [boundingbox_camera]
[1.181s] -- Looking for ignition-sensors6-boundingbox_camera -- found version 6.8.1
[1.182s] -- Searching for dependencies of ignition-sensors6-boundingbox_camera
[1.182s] -- Searching for <ignition-sensors6> component [segmentation_camera]
[1.184s] -- Looking for ignition-sensors6-segmentation_camera -- found version 6.8.1
[1.184s] -- Searching for dependencies of ignition-sensors6-segmentation_camera
[1.185s] -- Searching for <ignition-sensors6> component [depth_camera]
[1.187s] -- Looking for ignition-sensors6-depth_camera -- found version 6.8.1
[1.187s] -- Searching for dependencies of ignition-sensors6-depth_camera
[1.187s] -- Looking for ignition-sensors6 -- found version 6.8.1
[1.188s] -- Searching for <ignition-sensors6> component [rgbd_camera]
[1.189s] -- Looking for ignition-sensors6-rgbd_camera -- found version 6.8.1
[1.190s] -- Searching for dependencies of ignition-sensors6-rgbd_camera
[1.190s] -- Looking for ignition-sensors6 -- found version 6.8.1
[1.190s] -- Searching for <ignition-sensors6> component [thermal_camera]
[1.192s] -- Looking for ignition-sensors6-thermal_camera -- found version 6.8.1
[1.193s] -- Searching for dependencies of ignition-sensors6-thermal_camera
[1.193s] -- Looking for ignition-sensors6 -- found version 6.8.1
[1.194s] -- Looking for ignition-rendering6 -- found version 6.6.3
[1.194s] -- Looking for ignition-math6 -- found version 6.15.1
[1.196s] -- Looking for ignition-utils1 -- found version 1.5.1
[1.264s] -- Configuring done
[1.279s] -- Generating done
[1.282s] -- Build files have been written to: /home/shodayuto/research/ros_ws/build/ignition_plugin_lecture
[1.291s] Invoked command in '/home/shodayuto/research/ros_ws/build/ignition_plugin_lecture' returned '0': CMAKE_PREFIX_PATH=${CMAKE_PREFIX_PATH}:/opt/ros/humble /usr/bin/cmake /home/shodayuto/research/ros_ws/src/ignition_plugin_lecture -DCMAKE_INSTALL_PREFIX=/home/shodayuto/research/ros_ws/install/ignition_plugin_lecture
[1.292s] Invoking command in '/home/shodayuto/research/ros_ws/build/ignition_plugin_lecture': CMAKE_PREFIX_PATH=${CMAKE_PREFIX_PATH}:/opt/ros/humble /usr/bin/cmake --build /home/shodayuto/research/ros_ws/build/ignition_plugin_lecture -- -j8 -l8
[1.327s] [ 20%] [34m[1mAutomatic MOC for target SwitchPanel[0m
[1.327s] [ 20%] [34m[1mAutomatic MOC for target RotateAxis[0m
[1.347s] [ 20%] Built target RotateAxis_autogen
[1.362s] [ 40%] [32mBuilding CXX object CMakeFiles/RotateAxis.dir/src/rotate_axis/rotate_axis.cpp.o[0m
[1.362s] [ 40%] [32mBuilding CXX object CMakeFiles/RotateAxis.dir/RotateAxis_autogen/mocs_compilation.cpp.o[0m
[2.613s] [ 40%] Built target SwitchPanel_autogen
[2.620s] [ 50%] [34m[1mGenerating qrc_SwitchPanel.cpp[0m
[2.635s] [ 70%] [32mBuilding CXX object CMakeFiles/SwitchPanel.dir/src/switch_panel/SwitchPanel.cpp.o[0m
[2.636s] [ 70%] [32mBuilding CXX object CMakeFiles/SwitchPanel.dir/SwitchPanel_autogen/mocs_compilation.cpp.o[0m
[2.636s] [ 80%] [32mBuilding CXX object CMakeFiles/SwitchPanel.dir/qrc_SwitchPanel.cpp.o[0m
[7.830s] [ 90%] [32m[1mLinking CXX shared library libRotateAxis.so[0m
[8.133s] [ 90%] Built target RotateAxis
[9.092s] [100%] [32m[1mLinking CXX shared library libSwitchPanel.so[0m
[9.341s] [100%] Built target SwitchPanel
[9.353s] Invoked command in '/home/shodayuto/research/ros_ws/build/ignition_plugin_lecture' returned '0': CMAKE_PREFIX_PATH=${CMAKE_PREFIX_PATH}:/opt/ros/humble /usr/bin/cmake --build /home/shodayuto/research/ros_ws/build/ignition_plugin_lecture -- -j8 -l8
[9.354s] Invoking command in '/home/shodayuto/research/ros_ws/build/ignition_plugin_lecture': CMAKE_PREFIX_PATH=${CMAKE_PREFIX_PATH}:/opt/ros/humble /usr/bin/cmake --install /home/shodayuto/research/ros_ws/build/ignition_plugin_lecture
[9.359s] -- Install configuration: ""
[9.359s] -- Installing: /home/shodayuto/research/ros_ws/install/ignition_plugin_lecture/lib/libSwitchPanel.so
[9.360s] -- Installing: /home/shodayuto/research/ros_ws/install/ignition_plugin_lecture/lib/libRotateAxis.so
[9.361s] -- Installing: /home/shodayuto/research/ros_ws/install/ignition_plugin_lecture/share/ignition_plugin_lecture/environment/ignition_plugin_lecture.dsv
[9.362s] -- Installing: /home/shodayuto/research/ros_ws/install/ignition_plugin_lecture/share/ament_index/resource_index/package_run_dependencies/ignition_plugin_lecture
[9.362s] -- Installing: /home/shodayuto/research/ros_ws/install/ignition_plugin_lecture/share/ament_index/resource_index/parent_prefix_path/ignition_plugin_lecture
[9.362s] -- Installing: /home/shodayuto/research/ros_ws/install/ignition_plugin_lecture/share/ignition_plugin_lecture/environment/ament_prefix_path.sh
[9.362s] -- Installing: /home/shodayuto/research/ros_ws/install/ignition_plugin_lecture/share/ignition_plugin_lecture/environment/ament_prefix_path.dsv
[9.362s] -- Installing: /home/shodayuto/research/ros_ws/install/ignition_plugin_lecture/share/ignition_plugin_lecture/environment/path.sh
[9.362s] -- Installing: /home/shodayuto/research/ros_ws/install/ignition_plugin_lecture/share/ignition_plugin_lecture/environment/path.dsv
[9.362s] -- Installing: /home/shodayuto/research/ros_ws/install/ignition_plugin_lecture/share/ignition_plugin_lecture/local_setup.bash
[9.362s] -- Installing: /home/shodayuto/research/ros_ws/install/ignition_plugin_lecture/share/ignition_plugin_lecture/local_setup.sh
[9.362s] -- Installing: /home/shodayuto/research/ros_ws/install/ignition_plugin_lecture/share/ignition_plugin_lecture/local_setup.zsh
[9.363s] -- Installing: /home/shodayuto/research/ros_ws/install/ignition_plugin_lecture/share/ignition_plugin_lecture/local_setup.dsv
[9.363s] -- Installing: /home/shodayuto/research/ros_ws/install/ignition_plugin_lecture/share/ignition_plugin_lecture/package.dsv
[9.363s] -- Installing: /home/shodayuto/research/ros_ws/install/ignition_plugin_lecture/share/ament_index/resource_index/packages/ignition_plugin_lecture
[9.363s] -- Installing: /home/shodayuto/research/ros_ws/install/ignition_plugin_lecture/share/ignition_plugin_lecture/cmake/ignition_plugin_lectureConfig.cmake
[9.363s] -- Installing: /home/shodayuto/research/ros_ws/install/ignition_plugin_lecture/share/ignition_plugin_lecture/cmake/ignition_plugin_lectureConfig-version.cmake
[9.363s] -- Installing: /home/shodayuto/research/ros_ws/install/ignition_plugin_lecture/share/ignition_plugin_lecture/package.xml
[9.365s] Invoked command in '/home/shodayuto/research/ros_ws/build/ignition_plugin_lecture' returned '0': CMAKE_PREFIX_PATH=${CMAKE_PREFIX_PATH}:/opt/ros/humble /usr/bin/cmake --install /home/shodayuto/research/ros_ws/build/ignition_plugin_lecture
