-- Found ament_cmake: 1.3.11 (/opt/ros/humble/share/ament_cmake/cmake)
-- Looking for ignition-plugin1 -- found version 1.4.0
-- Searching for dependencies of ignition-plugin1
-- Searching for <ignition-plugin1> component [register]
-- Looking for ignition-plugin1-register -- found version 1.4.0
-- Searching for dependencies of ignition-plugin1-register
-- Looking for ignition-gazebo6 -- found version 6.17.0
-- Searching for dependencies of ignition-gazebo6
-- Looking for sdformat12 -- found version 12.8.0
-- Searching for dependencies of sdformat12
-- Checking for module 'tinyxml2'
--   Found tinyxml2, version 9.0.0
-- Looking for ignition-math6 -- found version 6.15.1
-- Searching for dependencies of ignition-math6
-- Looking for ignition-utils1 -- found version 1.5.1
-- Searching for dependencies of ignition-utils1
-- Looking for ignition-plugin1 -- found version 1.4.0
-- Searching for dependencies of ignition-plugin1
-- Searching for <ignition-plugin1> component [loader]
-- Looking for ignition-plugin1-loader -- found version 1.4.0
-- Searching for dependencies of ignition-plugin1-loader
-- Searching for <ignition-plugin1> component [register]
-- Looking for ignition-transport11 -- found version 11.4.1
-- Searching for dependencies of ignition-transport11
-- Config-file not installed for ZeroMQ -- checking for pkg-config
-- Checking for module 'libzmq >= 4'
--   Found libzmq , version 4.3.4
-- Checking for module 'uuid'
--   Found uuid, version 2.37.2
-- Looking for ignition-utils1 -- found version 1.5.1
-- Searching for dependencies of ignition-utils1
-- Searching for <ignition-utils1> component [cli]
-- Looking for ignition-utils1-cli -- found version 1.5.1
-- Searching for dependencies of ignition-utils1-cli
-- Looking for ignition-msgs8 -- found version 8.7.0
-- Searching for dependencies of ignition-msgs8
-- Found Protobuf: /usr/lib/x86_64-linux-gnu/libprotobuf.so (found suitable version "3.12.4", minimum required is "3") 
-- Looking for ignition-math6 -- found version 6.15.1
-- Searching for <ignition-transport11> component [log]
-- Looking for ignition-transport11-log -- found version 11.4.1
-- Searching for dependencies of ignition-transport11-log
-- Searching for <ignition-transport11> component [parameters]
-- Looking for ignition-transport11-parameters -- found version 11.4.1
-- Searching for dependencies of ignition-transport11-parameters
-- Looking for ignition-msgs8 -- found version 8.7.0
-- Looking for ignition-common4 -- found version 4.7.0
-- Searching for dependencies of ignition-common4
-- Looking for dlfcn.h - found
-- Looking for libdl - found
-- Searching for <ignition-common4> component [profiler]
-- Looking for ignition-common4-profiler -- found version 4.7.0
-- Searching for dependencies of ignition-common4-profiler
-- Searching for <ignition-common4> component [events]
-- Looking for ignition-common4-events -- found version 4.7.0
-- Searching for dependencies of ignition-common4-events
-- Looking for ignition-math6 -- found version 6.15.1
-- Searching for <ignition-common4> component [av]
-- Looking for ignition-common4-av -- found version 4.7.0
-- Searching for dependencies of ignition-common4-av
-- Checking for module 'libswscale'
--   Found libswscale, version 5.9.100
-- Checking for module 'libavdevice >= 56.4.100'
--   Found libavdevice , version 58.13.100
-- Checking for module 'libavformat'
--   Found libavformat, version 58.76.100
-- Checking for module 'libavcodec'
--   Found libavcodec, version 58.134.100
-- Checking for module 'libavutil'
--   Found libavutil, version 56.70.100
-- Looking for ignition-fuel_tools7 -- found version 7.3.1
-- Searching for dependencies of ignition-fuel_tools7
-- Checking for module 'jsoncpp'
--   Found jsoncpp, version 1.9.5
-- Checking for module 'libzip'
--   Found libzip, version 1.7.3
-- Looking for ignition-common4 -- found version 4.7.0
-- Looking for ignition-math6 -- found version 6.15.1
-- Looking for ignition-msgs8 -- found version 8.7.0
-- Looking for ignition-gui6 -- found version 6.8.0
-- Searching for dependencies of ignition-gui6
-- Looking for ignition-math6 -- found version 6.15.1
-- Looking for ignition-common4 -- found version 4.7.0
-- Looking for ignition-plugin1 -- found version 1.4.0
-- Looking for ignition-transport11 -- found version 11.4.1
-- Looking for ignition-rendering6 -- found version 6.6.3
-- Searching for dependencies of ignition-rendering6
-- Looking for ignition-math6 -- found version 6.15.1
-- Searching for dependencies of ignition-math6
-- Searching for <ignition-math6> component [eigen3]
-- Looking for ignition-math6-eigen3 -- found version 6.15.1
-- Searching for dependencies of ignition-math6-eigen3
-- Looking for ignition-common4 -- found version 4.7.0
-- Searching for dependencies of ignition-common4
-- Looking for dlfcn.h - found
-- Looking for libdl - found
-- Searching for <ignition-common4> component [graphics]
-- Looking for ignition-common4-graphics -- found version 4.7.0
-- Searching for dependencies of ignition-common4-graphics
-- Looking for ignition-math6 -- found version 6.15.1
-- Looking for ignition-utils1 -- found version 1.5.1
-- Searching for <ignition-common4> component [events]
-- Looking for ignition-plugin1 -- found version 1.4.0
-- Searching for dependencies of ignition-plugin1
-- Searching for <ignition-plugin1> component [all]
-- Looking for all libraries of ignition-plugin1 -- found version 1.4.0
-- Looking for ignition-plugin1 -- found version 1.4.0
-- Looking for ignition-msgs8 -- found version 8.7.0
-- Looking for ignition-physics5 -- found version 5.3.2
-- Searching for dependencies of ignition-physics5
-- Looking for ignition-math6 -- found version 6.15.1
-- Looking for ignition-plugin1 -- found version 1.4.0
-- Looking for ignition-utils1 -- found version 1.5.1
-- Searching for <ignition-physics5> component [heightmap]
-- Looking for ignition-physics5-heightmap -- found version 5.3.2
-- Searching for dependencies of ignition-physics5-heightmap
-- Looking for ignition-common4 -- found version 4.7.0
-- Searching for <ignition-physics5> component [mesh]
-- Looking for ignition-physics5-mesh -- found version 5.3.2
-- Searching for dependencies of ignition-physics5-mesh
-- Looking for ignition-common4 -- found version 4.7.0
-- Searching for <ignition-physics5> component [sdf]
-- Looking for ignition-physics5-sdf -- found version 5.3.2
-- Searching for dependencies of ignition-physics5-sdf
-- Looking for sdformat12 -- found version 12.8.0
-- Looking for ignition-sensors6 -- found version 6.8.1
-- Searching for dependencies of ignition-sensors6
-- Found Protobuf: /usr/lib/x86_64-linux-gnu/libprotobuf.so (found version "3.12.4") 
-- Looking for ignition-math6 -- found version 6.15.1
-- Looking for ignition-common4 -- found version 4.7.0
-- Looking for ignition-transport11 -- found version 11.4.1
-- Looking for ignition-rendering6 -- found version 6.6.3
-- Looking for ignition-msgs8 -- found version 8.7.0
-- Looking for sdformat12 -- found version 12.8.0
-- Searching for <ignition-sensors6> component [air_pressure]
-- Looking for ignition-sensors6-air_pressure -- found version 6.8.1
-- Searching for dependencies of ignition-sensors6-air_pressure
-- Searching for <ignition-sensors6> component [altimeter]
-- Looking for ignition-sensors6-altimeter -- found version 6.8.1
-- Searching for dependencies of ignition-sensors6-altimeter
-- Searching for <ignition-sensors6> component [imu]
-- Looking for ignition-sensors6-imu -- found version 6.8.1
-- Searching for dependencies of ignition-sensors6-imu
-- Searching for <ignition-sensors6> component [force_torque]
-- Looking for ignition-sensors6-force_torque -- found version 6.8.1
-- Searching for dependencies of ignition-sensors6-force_torque
-- Searching for <ignition-sensors6> component [logical_camera]
-- Looking for ignition-sensors6-logical_camera -- found version 6.8.1
-- Searching for dependencies of ignition-sensors6-logical_camera
-- Searching for <ignition-sensors6> component [magnetometer]
-- Looking for ignition-sensors6-magnetometer -- found version 6.8.1
-- Searching for dependencies of ignition-sensors6-magnetometer
-- Searching for <ignition-sensors6> component [navsat]
-- Looking for ignition-sensors6-navsat -- found version 6.8.1
-- Searching for dependencies of ignition-sensors6-navsat
-- Searching for <ignition-sensors6> component [rendering]
-- Looking for ignition-sensors6-rendering -- found version 6.8.1
-- Searching for dependencies of ignition-sensors6-rendering
-- Searching for <ignition-sensors6> component [lidar]
-- Looking for ignition-sensors6-lidar -- found version 6.8.1
-- Searching for dependencies of ignition-sensors6-lidar
-- Looking for ignition-sensors6 -- found version 6.8.1
-- Searching for <ignition-sensors6> component [gpu_lidar]
-- Looking for ignition-sensors6-gpu_lidar -- found version 6.8.1
-- Searching for dependencies of ignition-sensors6-gpu_lidar
-- Looking for ignition-sensors6 -- found version 6.8.1
-- Searching for <ignition-sensors6> component [camera]
-- Looking for ignition-sensors6-camera -- found version 6.8.1
-- Searching for dependencies of ignition-sensors6-camera
-- Looking for ignition-sensors6 -- found version 6.8.1
-- Searching for <ignition-sensors6> component [boundingbox_camera]
-- Looking for ignition-sensors6-boundingbox_camera -- found version 6.8.1
-- Searching for dependencies of ignition-sensors6-boundingbox_camera
-- Searching for <ignition-sensors6> component [segmentation_camera]
-- Looking for ignition-sensors6-segmentation_camera -- found version 6.8.1
-- Searching for dependencies of ignition-sensors6-segmentation_camera
-- Searching for <ignition-sensors6> component [depth_camera]
-- Looking for ignition-sensors6-depth_camera -- found version 6.8.1
-- Searching for dependencies of ignition-sensors6-depth_camera
-- Looking for ignition-sensors6 -- found version 6.8.1
-- Searching for <ignition-sensors6> component [rgbd_camera]
-- Looking for ignition-sensors6-rgbd_camera -- found version 6.8.1
-- Searching for dependencies of ignition-sensors6-rgbd_camera
-- Looking for ignition-sensors6 -- found version 6.8.1
-- Searching for <ignition-sensors6> component [thermal_camera]
-- Looking for ignition-sensors6-thermal_camera -- found version 6.8.1
-- Searching for dependencies of ignition-sensors6-thermal_camera
-- Looking for ignition-sensors6 -- found version 6.8.1
-- Looking for ignition-rendering6 -- found version 6.6.3
-- Looking for ignition-math6 -- found version 6.15.1
-- Looking for ignition-utils1 -- found version 1.5.1
-- Configuring done
-- Generating done
-- Build files have been written to: /home/shodayuto/research/ros_ws/build/ignition_plugin_lecture
[ 20%] [34m[1mAutomatic MOC for target SwitchPanel[0m
[ 20%] [34m[1mAutomatic MOC for target RotateAxis[0m
[ 20%] Built target RotateAxis_autogen
[ 20%] Built target SwitchPanel_autogen
[35m[1mConsolidate compiler generated dependencies of target RotateAxis[0m
[35m[1mConsolidate compiler generated dependencies of target SwitchPanel[0m
[ 50%] Built target RotateAxis
[100%] Built target SwitchPanel
-- Install configuration: ""
-- Up-to-date: /home/shodayuto/research/ros_ws/install/ignition_plugin_lecture/lib/libSwitchPanel.so
-- Up-to-date: /home/shodayuto/research/ros_ws/install/ignition_plugin_lecture/lib/libRotateAxis.so
-- Installing: /home/shodayuto/research/ros_ws/install/ignition_plugin_lecture/share/ignition_plugin_lecture/environment/ignition_plugin_lecture.dsv
-- Up-to-date: /home/shodayuto/research/ros_ws/install/ignition_plugin_lecture/share/ament_index/resource_index/package_run_dependencies/ignition_plugin_lecture
-- Up-to-date: /home/shodayuto/research/ros_ws/install/ignition_plugin_lecture/share/ament_index/resource_index/parent_prefix_path/ignition_plugin_lecture
-- Up-to-date: /home/shodayuto/research/ros_ws/install/ignition_plugin_lecture/share/ignition_plugin_lecture/environment/ament_prefix_path.sh
-- Installing: /home/shodayuto/research/ros_ws/install/ignition_plugin_lecture/share/ignition_plugin_lecture/environment/ament_prefix_path.dsv
-- Up-to-date: /home/shodayuto/research/ros_ws/install/ignition_plugin_lecture/share/ignition_plugin_lecture/environment/path.sh
-- Installing: /home/shodayuto/research/ros_ws/install/ignition_plugin_lecture/share/ignition_plugin_lecture/environment/path.dsv
-- Up-to-date: /home/shodayuto/research/ros_ws/install/ignition_plugin_lecture/share/ignition_plugin_lecture/local_setup.bash
-- Up-to-date: /home/shodayuto/research/ros_ws/install/ignition_plugin_lecture/share/ignition_plugin_lecture/local_setup.sh
-- Up-to-date: /home/shodayuto/research/ros_ws/install/ignition_plugin_lecture/share/ignition_plugin_lecture/local_setup.zsh
-- Installing: /home/shodayuto/research/ros_ws/install/ignition_plugin_lecture/share/ignition_plugin_lecture/local_setup.dsv
-- Installing: /home/shodayuto/research/ros_ws/install/ignition_plugin_lecture/share/ignition_plugin_lecture/package.dsv
-- Up-to-date: /home/shodayuto/research/ros_ws/install/ignition_plugin_lecture/share/ament_index/resource_index/packages/ignition_plugin_lecture
-- Up-to-date: /home/shodayuto/research/ros_ws/install/ignition_plugin_lecture/share/ignition_plugin_lecture/cmake/ignition_plugin_lectureConfig.cmake
-- Up-to-date: /home/shodayuto/research/ros_ws/install/ignition_plugin_lecture/share/ignition_plugin_lecture/cmake/ignition_plugin_lectureConfig-version.cmake
-- Up-to-date: /home/shodayuto/research/ros_ws/install/ignition_plugin_lecture/share/ignition_plugin_lecture/package.xml
