-- Install configuration: ""
-- Up-to-date: /home/shodayuto/research/ros_ws/install/ignition_lecture/share/ignition_lecture/launch
-- Up-to-date: /home/shodayuto/research/ros_ws/install/ignition_lecture/share/ignition_lecture/launch/basic_world1.launch.py
-- Up-to-date: /home/shodayuto/research/ros_ws/install/ignition_lecture/share/ignition_lecture/launch/gazebo.launch.py
-- Up-to-date: /home/shodayuto/research/ros_ws/install/ignition_lecture/share/ignition_lecture/worlds
-- Installing: /home/shodayuto/research/ros_ws/install/ignition_lecture/share/ignition_lecture/worlds/model_example1.sdf
-- Up-to-date: /home/shodayuto/research/ros_ws/install/ignition_lecture/share/ignition_lecture/worlds/basic_world1.sdf
-- Up-to-date: /home/shodayuto/research/ros_ws/install/ignition_lecture/share/ignition_lecture/worlds/gui_example1.sdf
-- Up-to-date: /home/shodayuto/research/ros_ws/install/ignition_lecture/share/ignition_lecture/models
-- Up-to-date: /home/shodayuto/research/ros_ws/install/ignition_lecture/share/ignition_lecture/models/my_box
-- Up-to-date: /home/shodayuto/research/ros_ws/install/ignition_lecture/share/ignition_lecture/models/my_box/meshes
-- Up-to-date: /home/shodayuto/research/ros_ws/install/ignition_lecture/share/ignition_lecture/models/my_box/meshes/laser_marker.stl
-- Up-to-date: /home/shodayuto/research/ros_ws/install/ignition_lecture/share/ignition_lecture/models/my_box/model.sdf
-- Up-to-date: /home/shodayuto/research/ros_ws/install/ignition_lecture/share/ignition_lecture/models/my_box/model.config
-- Up-to-date: /home/shodayuto/research/ros_ws/install/ignition_lecture/share/ignition_lecture/models/custom_burger
-- Up-to-date: /home/shodayuto/research/ros_ws/install/ignition_lecture/share/ignition_lecture/models/custom_burger/meshes
-- Up-to-date: /home/shodayuto/research/ros_ws/install/ignition_lecture/share/ignition_lecture/models/custom_burger/meshes/wheels
-- Up-to-date: /home/shodayuto/research/ros_ws/install/ignition_lecture/share/ignition_lecture/models/custom_burger/meshes/wheels/right_tire.stl
-- Up-to-date: /home/shodayuto/research/ros_ws/install/ignition_lecture/share/ignition_lecture/models/custom_burger/meshes/wheels/left_tire.stl
-- Up-to-date: /home/shodayuto/research/ros_ws/install/ignition_lecture/share/ignition_lecture/models/custom_burger/meshes/sensors
-- Up-to-date: /home/shodayuto/research/ros_ws/install/ignition_lecture/share/ignition_lecture/models/custom_burger/meshes/sensors/r200.jpg
-- Up-to-date: /home/shodayuto/research/ros_ws/install/ignition_lecture/share/ignition_lecture/models/custom_burger/meshes/sensors/lds.stl
-- Up-to-date: /home/shodayuto/research/ros_ws/install/ignition_lecture/share/ignition_lecture/models/custom_burger/meshes/sensors/astra.dae
-- Up-to-date: /home/shodayuto/research/ros_ws/install/ignition_lecture/share/ignition_lecture/models/custom_burger/meshes/sensors/r200.dae
-- Up-to-date: /home/shodayuto/research/ros_ws/install/ignition_lecture/share/ignition_lecture/models/custom_burger/meshes/sensors/astra.jpg
-- Up-to-date: /home/shodayuto/research/ros_ws/install/ignition_lecture/share/ignition_lecture/models/custom_burger/meshes/bases
-- Up-to-date: /home/shodayuto/research/ros_ws/install/ignition_lecture/share/ignition_lecture/models/custom_burger/meshes/bases/waffle_pi_base.stl
-- Up-to-date: /home/shodayuto/research/ros_ws/install/ignition_lecture/share/ignition_lecture/models/custom_burger/meshes/bases/burger_base.stl
-- Up-to-date: /home/shodayuto/research/ros_ws/install/ignition_lecture/share/ignition_lecture/models/custom_burger/meshes/bases/waffle_base.stl
-- Up-to-date: /home/shodayuto/research/ros_ws/install/ignition_lecture/share/ignition_lecture/models/custom_burger/model.sdf
-- Up-to-date: /home/shodayuto/research/ros_ws/install/ignition_lecture/share/ignition_lecture/models/custom_burger/model.config
-- Up-to-date: /home/shodayuto/research/ros_ws/install/ignition_lecture/share/ignition_lecture/environment/ignition_lecture.dsv
-- Up-to-date: /home/shodayuto/research/ros_ws/install/ignition_lecture/share/ignition_lecture/environment/ignition_lecture.dsv
-- Up-to-date: /home/shodayuto/research/ros_ws/install/ignition_lecture/share/ament_index/resource_index/package_run_dependencies/ignition_lecture
-- Up-to-date: /home/shodayuto/research/ros_ws/install/ignition_lecture/share/ament_index/resource_index/parent_prefix_path/ignition_lecture
-- Up-to-date: /home/shodayuto/research/ros_ws/install/ignition_lecture/share/ignition_lecture/environment/ament_prefix_path.sh
-- Up-to-date: /home/shodayuto/research/ros_ws/install/ignition_lecture/share/ignition_lecture/environment/ament_prefix_path.dsv
-- Up-to-date: /home/shodayuto/research/ros_ws/install/ignition_lecture/share/ignition_lecture/environment/path.sh
-- Up-to-date: /home/shodayuto/research/ros_ws/install/ignition_lecture/share/ignition_lecture/environment/path.dsv
-- Up-to-date: /home/shodayuto/research/ros_ws/install/ignition_lecture/share/ignition_lecture/local_setup.bash
-- Up-to-date: /home/shodayuto/research/ros_ws/install/ignition_lecture/share/ignition_lecture/local_setup.sh
-- Up-to-date: /home/shodayuto/research/ros_ws/install/ignition_lecture/share/ignition_lecture/local_setup.zsh
-- Up-to-date: /home/shodayuto/research/ros_ws/install/ignition_lecture/share/ignition_lecture/local_setup.dsv
-- Up-to-date: /home/shodayuto/research/ros_ws/install/ignition_lecture/share/ignition_lecture/package.dsv
-- Up-to-date: /home/shodayuto/research/ros_ws/install/ignition_lecture/share/ament_index/resource_index/packages/ignition_lecture
-- Up-to-date: /home/shodayuto/research/ros_ws/install/ignition_lecture/share/ignition_lecture/cmake/ignition_lectureConfig.cmake
-- Up-to-date: /home/shodayuto/research/ros_ws/install/ignition_lecture/share/ignition_lecture/cmake/ignition_lectureConfig-version.cmake
-- Up-to-date: /home/shodayuto/research/ros_ws/install/ignition_lecture/share/ignition_lecture/package.xml
